#
# A fatal error has been detected by the Java Runtime Environment:
#
#  SIGSEGV (0xb) at pc=0x00007fcd3d3bdefe, pid=2881, tid=0x00007fcd66e15700
#
# JRE version: OpenJDK Runtime Environment (8.0_131-b11) (build 1.8.0_131-b11)
# Java VM: OpenJDK 64-Bit Server VM (25.131-b11 mixed mode linux-amd64 compressed oops)
# Problematic frame:
# C  [libcapstone.so+0x41efe]  cs_reg_name+0xe
#
# Core dump written. Default location: /home/dmium/Downloads/JakStab/jkinder-jakstab-2555a70/core or core.2881
#
# If you would like to submit a bug report, please visit:
#   http://bugreport.java.com/bugreport/crash.jsp
# The crash happened outside the Java Virtual Machine in native code.
# See problematic frame for where to report the bug.
#

---------------  T H R E A D  ---------------

Current thread (0x00007fcd6000a000):  JavaThread "main" [_thread_in_native, id=2883, stack(0x00007fcd66d15000,0x00007fcd66e16000)]

siginfo: si_signo: 11 (SIGSEGV), si_code: 128 (SI_KERNEL), si_addr: 0x0000000000000000

Registers:
RAX=0x614a2f7364616f00, RBX=0x00007fcd66e13688, RCX=0x0000000000000000, RDX=0x0000000000000002
RSP=0x00007fcd66e13558, RBP=0x00007fcd66e13560, RSI=0x0000000000000013, RDI=0x00007fcd606005d0
R8 =0x0000000000000000, R9 =0x00007fcd605627a0, R10=0x00007fcd66e134b0, R11=0x00007fcd3d3bdef0
R12=0xfffffffffffffffc, R13=0x00007fcd66e13f60, R14=0x00007fcd66e134b0, R15=0x0000000000000002
RIP=0x00007fcd3d3bdefe, EFLAGS=0x0000000000010206, CSGSFS=0x002b000000000033, ERR=0x0000000000000000
  TRAPNO=0x000000000000000d

Top of Stack: (sp=0x00007fcd66e13558)
0x00007fcd66e13558:   00007fcd3d83c65c 000000000000000e
0x00007fcd66e13568:   00007fcd66e13fe0 00007fcd66e13650
0x00007fcd66e13578:   00007fcd3d83c164 0000000000000008
0x00007fcd66e13588:   00007fcd66e13f60 0000000000000000
0x00007fcd66e13598:   00007fcd66e136e0 00007fcd66e13630
0x00007fcd66e135a8:   00007fcd66e1361c 00007fcd66e13618
0x00007fcd66e135b8:   00007fcd66e13600 00007fcd66e13660
0x00007fcd66e135c8:   00007fcd66e13fe0 00007fcd3d3bdef0
0x00007fcd66e135d8:   00007fcd66e13560 00007fcd66e13680
0x00007fcd66e135e8:   0000000000000002 0000000200000002
0x00007fcd66e135f8:   0000000000000001 00007fcd00000002
0x00007fcd66e13608:   00007fcd60078ba8 00007fcd66e136f0
0x00007fcd66e13618:   0000000100000000 00007fcd66e13690
0x00007fcd66e13628:   0000000000000000 00007fcd66e136f0
0x00007fcd66e13638:   00007fcd66e13670 00007fcd66e13690
0x00007fcd66e13648:   0000000000000002 00007fcd66e13fd0
0x00007fcd66e13658:   00007fcd3d82f870 00007fcd66e136e0
0x00007fcd66e13668:   00007fcd66e136e8 0000000000000000
0x00007fcd66e13678:   00007fcd66e13820 00007fcd3d83eed0
0x00007fcd66e13688:   00007fcd3d83ef10 00007fcd605627a0
0x00007fcd66e13698:   00007fcd6000a000 00007fcd663e1040
0x00007fcd66e136a8:   00007fcd663e1054 0000000000000000
0x00007fcd66e136b8:   00007fcd66161c24 0000000000000000
0x00007fcd66e136c8:   00007fcd6000a000 00007fcd66e136f0
0x00007fcd66e136d8:   00007fcd6575434b 00007fcd606005d0
0x00007fcd66e136e8:   0000000000000013 00007fcd66e13fd0
0x00007fcd66e136f8:   00007fcd3d82f709 00007fcd60000950
0x00007fcd66e13708:   00007fcd66e13f60 00007fcd66e13fe0
0x00007fcd66e13718:   00007fcd3d83eeb0 00007fcd66e14080
0x00007fcd66e13728:   000000009c107082 00007fcd3d3bdef0
0x00007fcd66e13738:   00007fcd6000a1e0 00007fcd66e136a0
0x00007fcd66e13748:   00007fcd66e13680 00007fcd66e13660 

Instructions: (pc=0x00007fcd3d3bdefe)
0x00007fcd3d3bdede:   0f 85 63 fe ff ff c6 43 42 00 e9 b3 fe ff ff 0f
0x00007fcd3d3bdeee:   1f 00 48 85 ff 74 0b 48 8b 47 30 48 85 c0 74 02
0x00007fcd3d3bdefe:   ff e0 31 c0 c3 0f 1f 00 66 2e 0f 1f 84 00 00 00
0x00007fcd3d3bdf0e:   00 00 48 85 ff 74 0b 48 8b 47 38 48 85 c0 74 02 

Register to memory mapping:

RAX=0x614a2f7364616f00 is an unknown value
RBX=0x00007fcd66e13688 is pointing into the stack for thread: 0x00007fcd6000a000
RCX=0x0000000000000000 is an unknown value
RDX=0x0000000000000002 is an unknown value
RSP=0x00007fcd66e13558 is pointing into the stack for thread: 0x00007fcd6000a000
RBP=0x00007fcd66e13560 is pointing into the stack for thread: 0x00007fcd6000a000
RSI=0x0000000000000013 is an unknown value
RDI=0x00007fcd606005d0 is an unknown value
R8 =0x0000000000000000 is an unknown value
R9 =0x00007fcd605627a0 is an unknown value
R10=0x00007fcd66e134b0 is pointing into the stack for thread: 0x00007fcd6000a000
R11=0x00007fcd3d3bdef0: cs_reg_name+0 in /home/dmium/Downloads/JakStab/jkinder-jakstab-2555a70/bin/libcapstone.so at 0x00007fcd3d37c000
R12=0xfffffffffffffffc is an unknown value
R13=0x00007fcd66e13f60 is pointing into the stack for thread: 0x00007fcd6000a000
R14=0x00007fcd66e134b0 is pointing into the stack for thread: 0x00007fcd6000a000
R15=0x0000000000000002 is an unknown value


Stack: [0x00007fcd66d15000,0x00007fcd66e16000],  sp=0x00007fcd66e13558,  free space=1017k
Native frames: (J=compiled Java code, j=interpreted, Vv=VM code, C=native code)
C  [libcapstone.so+0x41efe]  cs_reg_name+0xe
C  0x00007fcd66e13fe0

Java frames: (J=compiled Java code, j=interpreted, Vv=VM code)
j  com.sun.jna.Native.invokePointer(JI[Ljava/lang/Object;)J+0
j  com.sun.jna.Function.invokePointer(I[Ljava/lang/Object;)Lcom/sun/jna/Pointer;+6
j  com.sun.jna.Function.invokeString(I[Ljava/lang/Object;Z)Ljava/lang/String;+3
j  com.sun.jna.Function.invoke([Ljava/lang/Object;Ljava/lang/Class;Z)Ljava/lang/Object;+354
j  com.sun.jna.Function.invoke(Ljava/lang/reflect/Method;[Ljava/lang/Class;Ljava/lang/Class;[Ljava/lang/Object;Ljava/util/Map;)Ljava/lang/Object;+249
j  com.sun.jna.Library$Handler.invoke(Ljava/lang/Object;Ljava/lang/reflect/Method;[Ljava/lang/Object;)Ljava/lang/Object;+348
j  capstone.$Proxy0.cs_reg_name(Lcom/sun/jna/NativeLong;I)Ljava/lang/String;+23
j  capstone.Capstone$CsInsn.regName(I)Ljava/lang/String;+9
j  org.jakstab.disasm.x86.X86Disassembler.decodeInstruction(J)Lorg/jakstab/asm/Instruction;+610
j  org.jakstab.Program.getInstruction(Lorg/jakstab/asm/AbsoluteAddress;)Lorg/jakstab/asm/Instruction;+181
j  org.jakstab.Program.getStatement(Lorg/jakstab/cfa/RTLLabel;)Lorg/jakstab/rtl/statements/RTLStatement;+20
j  org.jakstab.cfa.ResolvingTransformerFactory.getTransformers(Lorg/jakstab/analysis/AbstractState;)Ljava/util/Set;+12
j  org.jakstab.analysis.CPAAlgorithm.run()V+582
j  org.jakstab.analysis.ControlFlowReconstruction.run()V+13
j  org.jakstab.Main.runAlgorithm(Lorg/jakstab/Algorithm;)V+5
j  org.jakstab.Main.main([Ljava/lang/String;)V+564
v  ~StubRoutines::call_stub

---------------  P R O C E S S  ---------------

Java Threads: ( => current thread )
  0x00007fcd605e6000 JavaThread "process reaper" daemon [_thread_blocked, id=2902, stack(0x00007fcd4c02b000,0x00007fcd4c064000)]
  0x00007fcd604c0800 JavaThread "Thread-1" [_thread_in_native, id=2900, stack(0x00007fcd3d942000,0x00007fcd3da43000)]
  0x00007fcd600bf000 JavaThread "Service Thread" daemon [_thread_blocked, id=2898, stack(0x00007fcd3db44000,0x00007fcd3dc45000)]
  0x00007fcd600bc000 JavaThread "C1 CompilerThread2" daemon [_thread_in_native, id=2897, stack(0x00007fcd3dc45000,0x00007fcd3dd46000)]
  0x00007fcd600ba000 JavaThread "C2 CompilerThread1" daemon [_thread_in_native, id=2896, stack(0x00007fcd3dd46000,0x00007fcd3de47000)]
  0x00007fcd600b7000 JavaThread "C2 CompilerThread0" daemon [_thread_in_native, id=2895, stack(0x00007fcd3de47000,0x00007fcd3df48000)]
  0x00007fcd600b5800 JavaThread "Signal Dispatcher" daemon [_thread_blocked, id=2894, stack(0x00007fcd3df48000,0x00007fcd3e049000)]
  0x00007fcd60083800 JavaThread "Finalizer" daemon [_thread_blocked, id=2893, stack(0x00007fcd3e049000,0x00007fcd3e14a000)]
  0x00007fcd6007f000 JavaThread "Reference Handler" daemon [_thread_blocked, id=2892, stack(0x00007fcd3e14a000,0x00007fcd3e24b000)]
=>0x00007fcd6000a000 JavaThread "main" [_thread_in_native, id=2883, stack(0x00007fcd66d15000,0x00007fcd66e16000)]

Other Threads:
  0x00007fcd60077800 VMThread [stack: 0x00007fcd3e24b000,0x00007fcd3e34c000] [id=2891]
  0x00007fcd600c1000 WatcherThread [stack: 0x00007fcd3da43000,0x00007fcd3db44000] [id=2899]

VM state:not at safepoint (normal execution)

VM Mutex/Monitor currently owned by a thread: None

Heap:
 PSYoungGen      total 36864K, used 5350K [0x00000000d7100000, 0x00000000d9a00000, 0x0000000100000000)
  eden space 31744K, 6% used [0x00000000d7100000,0x00000000d7325518,0x00000000d9000000)
  from space 5120K, 61% used [0x00000000d9000000,0x00000000d9314680,0x00000000d9500000)
  to   space 5120K, 0% used [0x00000000d9500000,0x00000000d9500000,0x00000000d9a00000)
 ParOldGen       total 84992K, used 8K [0x0000000085200000, 0x000000008a500000, 0x00000000d7100000)
  object space 84992K, 0% used [0x0000000085200000,0x0000000085202000,0x000000008a500000)
 Metaspace       used 8242K, capacity 8488K, committed 8704K, reserved 1056768K
  class space    used 911K, capacity 996K, committed 1024K, reserved 1048576K

Card table byte_map: [0x00007fcd5044d000,0x00007fcd50825000] byte_map_base: 0x00007fcd50024000

Marking Bits: (ParMarkBitMap*) 0x00007fcd6601e0c0
 Begin Bits: [0x00007fcd4c14a000, 0x00007fcd4e002000)
 End Bits:   [0x00007fcd4e002000, 0x00007fcd4feba000)

Polling page: 0x00007fcd66e47000

CodeCache: size=245760Kb used=4348Kb max_used=4348Kb free=241411Kb
 bounds [0x00007fcd50be5000, 0x00007fcd51025000, 0x00007fcd5fbe5000]
 total_blobs=1256 nmethods=950 adapters=220
 compilation: enabled

Compilation events (10 events):
Event: 1.052 Thread 0x00007fcd600bc000 nmethod 990 0x00007fcd51022310 code [0x00007fcd510224c0, 0x00007fcd51022878]
Event: 1.052 Thread 0x00007fcd600bc000  991       2       sun.reflect.UnsafeIntegerFieldAccessorImpl::getInt (17 bytes)
Event: 1.052 Thread 0x00007fcd600bc000 nmethod 991 0x00007fcd51022c90 code [0x00007fcd51022e40, 0x00007fcd51023178]
Event: 1.052 Thread 0x00007fcd600bc000  983       2       java.util.HashSet::contains (9 bytes)
Event: 1.053 Thread 0x00007fcd600bc000 nmethod 983 0x00007fcd51023490 code [0x00007fcd51023600, 0x00007fcd510237f8]
Event: 1.053 Thread 0x00007fcd600bc000  984       2       java.util.Collections::swap (25 bytes)
Event: 1.056 Thread 0x00007fcd600bc000 nmethod 984 0x00007fcd51023910 code [0x00007fcd51023aa0, 0x00007fcd51023c68]
Event: 1.056 Thread 0x00007fcd600bc000  986   !   2       com.sun.jna.Structure::getFieldValue (50 bytes)
Event: 1.057 Thread 0x00007fcd600bc000 nmethod 986 0x00007fcd51023d50 code [0x00007fcd51023f40, 0x00007fcd51024438]
Event: 1.057 Thread 0x00007fcd600bc000  987       2       com.sun.jna.Structure::getNativeAlignment (388 bytes)

GC Heap History (2 events):
Event: 1.020 GC heap before
{Heap before GC invocations=1 (full 0):
 PSYoungGen      total 36864K, used 31744K [0x00000000d7100000, 0x00000000d9a00000, 0x0000000100000000)
  eden space 31744K, 100% used [0x00000000d7100000,0x00000000d9000000,0x00000000d9000000)
  from space 5120K, 0% used [0x00000000d9500000,0x00000000d9500000,0x00000000d9a00000)
  to   space 5120K, 0% used [0x00000000d9000000,0x00000000d9000000,0x00000000d9500000)
 ParOldGen       total 84992K, used 0K [0x0000000085200000, 0x000000008a500000, 0x00000000d7100000)
  object space 84992K, 0% used [0x0000000085200000,0x0000000085200000,0x000000008a500000)
 Metaspace       used 8150K, capacity 8328K, committed 8448K, reserved 1056768K
  class space    used 893K, capacity 964K, committed 1024K, reserved 1048576K
Event: 1.028 GC heap after
Heap after GC invocations=1 (full 0):
 PSYoungGen      total 36864K, used 3153K [0x00000000d7100000, 0x00000000d9a00000, 0x0000000100000000)
  eden space 31744K, 0% used [0x00000000d7100000,0x00000000d7100000,0x00000000d9000000)
  from space 5120K, 61% used [0x00000000d9000000,0x00000000d9314680,0x00000000d9500000)
  to   space 5120K, 0% used [0x00000000d9500000,0x00000000d9500000,0x00000000d9a00000)
 ParOldGen       total 84992K, used 8K [0x0000000085200000, 0x000000008a500000, 0x00000000d7100000)
  object space 84992K, 0% used [0x0000000085200000,0x0000000085202000,0x000000008a500000)
 Metaspace       used 8150K, capacity 8328K, committed 8448K, reserved 1056768K
  class space    used 893K, capacity 964K, committed 1024K, reserved 1048576K
}

Deoptimization events (9 events):
Event: 0.381 Thread 0x00007fcd6000a000 Uncommon trap: reason=unstable_if action=reinterpret pc=0x00007fcd50d7aee4 method=antlr.ANTLRStringBuffer.append(C)V @ 9
Event: 0.532 Thread 0x00007fcd6000a000 Uncommon trap: reason=unstable_if action=reinterpret pc=0x00007fcd50d6a17c method=antlr.collections.impl.BitSet.member(I)Z @ 11
Event: 0.574 Thread 0x00007fcd6000a000 Uncommon trap: reason=unstable_if action=reinterpret pc=0x00007fcd50ec4f64 method=antlr.BaseAST.addChild(Lantlr/collections/AST;)V @ 11
Event: 0.728 Thread 0x00007fcd6000a000 Uncommon trap: reason=class_check action=maybe_recompile pc=0x00007fcd50d80c2c method=java.util.Hashtable.get(Ljava/lang/Object;)Ljava/lang/Object; @ 6
Event: 0.739 Thread 0x00007fcd6000a000 Uncommon trap: reason=unstable_if action=reinterpret pc=0x00007fcd50d7e8ec method=java.lang.Class.newInstance()Ljava/lang/Object; @ 19
Event: 0.780 Thread 0x00007fcd6000a000 Uncommon trap: reason=class_check action=maybe_recompile pc=0x00007fcd50d80c2c method=java.util.Hashtable.get(Ljava/lang/Object;)Ljava/lang/Object; @ 6
Event: 0.780 Thread 0x00007fcd6000a000 Uncommon trap: reason=class_check action=maybe_recompile pc=0x00007fcd50d80c2c method=java.util.Hashtable.get(Ljava/lang/Object;)Ljava/lang/Object; @ 6
Event: 0.780 Thread 0x00007fcd6000a000 Uncommon trap: reason=class_check action=maybe_recompile pc=0x00007fcd50d80c2c method=java.util.Hashtable.get(Ljava/lang/Object;)Ljava/lang/Object; @ 6
Event: 0.783 Thread 0x00007fcd6000a000 Uncommon trap: reason=unstable_if action=reinterpret pc=0x00007fcd50d4b408 method=java.lang.String.indexOf([CII[CIII)I @ 134

Internal exceptions (10 events):
Event: 0.123 Thread 0x00007fcd6000a000 Exception <a 'java/security/PrivilegedActionException'> (0x00000000d725e7f0) thrown at [/build/java8-openjdk/src/jdk8u-jdk8u131-b11/hotspot/src/share/vm/prims/jvm.cpp, line 1390]
Event: 0.123 Thread 0x00007fcd6000a000 Exception <a 'java/security/PrivilegedActionException'> (0x00000000d725ea00) thrown at [/build/java8-openjdk/src/jdk8u-jdk8u131-b11/hotspot/src/share/vm/prims/jvm.cpp, line 1390]
Event: 0.124 Thread 0x00007fcd6000a000 Exception <a 'java/security/PrivilegedActionException'> (0x00000000d7260638) thrown at [/build/java8-openjdk/src/jdk8u-jdk8u131-b11/hotspot/src/share/vm/prims/jvm.cpp, line 1390]
Event: 0.124 Thread 0x00007fcd6000a000 Exception <a 'java/security/PrivilegedActionException'> (0x00000000d7260848) thrown at [/build/java8-openjdk/src/jdk8u-jdk8u131-b11/hotspot/src/share/vm/prims/jvm.cpp, line 1390]
Event: 0.124 Thread 0x00007fcd6000a000 Exception <a 'java/security/PrivilegedActionException'> (0x00000000d7261220) thrown at [/build/java8-openjdk/src/jdk8u-jdk8u131-b11/hotspot/src/share/vm/prims/jvm.cpp, line 1390]
Event: 0.124 Thread 0x00007fcd6000a000 Exception <a 'java/security/PrivilegedActionException'> (0x00000000d7261430) thrown at [/build/java8-openjdk/src/jdk8u-jdk8u131-b11/hotspot/src/share/vm/prims/jvm.cpp, line 1390]
Event: 0.875 Thread 0x00007fcd6000a000 Exception <a 'java/lang/NoSuchFieldError': method resolution failed> (0x00000000d86b7118) thrown at [/build/java8-openjdk/src/jdk8u-jdk8u131-b11/hotspot/src/share/vm/prims/methodHandles.cpp, line 1146]
Event: 0.876 Thread 0x00007fcd6000a000 Exception <a 'java/lang/NoSuchFieldError': method resolution failed> (0x00000000d86c4838) thrown at [/build/java8-openjdk/src/jdk8u-jdk8u131-b11/hotspot/src/share/vm/prims/methodHandles.cpp, line 1146]
Event: 0.919 Thread 0x00007fcd6000a000 Exception <a 'java/lang/UnsatisfiedLinkError': libcapstone.so: cannot open shared object file: No such file or directory> (0x00000000d87f5bf0) thrown at [/build/java8-openjdk/src/jdk8u-jdk8u131-b11/hotspot/src/share/vm/prims/jni.cpp, line 735]
Event: 0.919 Thread 0x00007fcd6000a000 Exception <a 'java/lang/UnsatisfiedLinkError': libcapstone.so: cannot open shared object file: No such file or directory> (0x00000000d87f6de0) thrown at [/build/java8-openjdk/src/jdk8u-jdk8u131-b11/hotspot/src/share/vm/prims/jni.cpp, line 735]

Events (10 events):
Event: 1.035 loading class capstone/Xcore$OpValue
Event: 1.035 loading class capstone/Xcore$OpValue done
Event: 1.036 loading class capstone/Xcore$MemType
Event: 1.036 loading class capstone/Xcore$MemType done
Event: 1.052 loading class org/jakstab/asm/x86/X86Registers
Event: 1.052 loading class org/jakstab/asm/x86/X86Registers done
Event: 1.053 loading class org/jakstab/asm/x86/X86RegisterPart
Event: 1.053 loading class org/jakstab/asm/x86/X86RegisterPart done
Event: 1.056 loading class org/jakstab/asm/DataType
Event: 1.056 loading class org/jakstab/asm/DataType done


Dynamic libraries:
00400000-00401000 r-xp 00000000 08:05 1183989                            /usr/lib/jvm/java-8-openjdk/jre/bin/java
00600000-00601000 r--p 00000000 08:05 1183989                            /usr/lib/jvm/java-8-openjdk/jre/bin/java
00601000-00602000 rw-p 00001000 08:05 1183989                            /usr/lib/jvm/java-8-openjdk/jre/bin/java
00ce6000-00d07000 rw-p 00000000 00:00 0                                  [heap]
85200000-8a500000 rw-p 00000000 00:00 0 
8a500000-d7100000 ---p 00000000 00:00 0 
d7100000-d9a00000 rw-p 00000000 00:00 0 
d9a00000-100000000 ---p 00000000 00:00 0 
100000000-100100000 rw-p 00000000 00:00 0 
100100000-140000000 ---p 00000000 00:00 0 
7fcd0c000000-7fcd0c021000 rw-p 00000000 00:00 0 
7fcd0c021000-7fcd10000000 ---p 00000000 00:00 0 
7fcd10000000-7fcd10021000 rw-p 00000000 00:00 0 
7fcd10021000-7fcd14000000 ---p 00000000 00:00 0 
7fcd14000000-7fcd14021000 rw-p 00000000 00:00 0 
7fcd14021000-7fcd18000000 ---p 00000000 00:00 0 
7fcd18000000-7fcd18021000 rw-p 00000000 00:00 0 
7fcd18021000-7fcd1c000000 ---p 00000000 00:00 0 
7fcd1c000000-7fcd1cd90000 rw-p 00000000 00:00 0 
7fcd1cd90000-7fcd20000000 ---p 00000000 00:00 0 
7fcd20000000-7fcd20ead000 rw-p 00000000 00:00 0 
7fcd20ead000-7fcd24000000 ---p 00000000 00:00 0 
7fcd24000000-7fcd24021000 rw-p 00000000 00:00 0 
7fcd24021000-7fcd28000000 ---p 00000000 00:00 0 
7fcd28000000-7fcd28aa7000 rw-p 00000000 00:00 0 
7fcd28aa7000-7fcd2c000000 ---p 00000000 00:00 0 
7fcd2c000000-7fcd2c021000 rw-p 00000000 00:00 0 
7fcd2c021000-7fcd30000000 ---p 00000000 00:00 0 
7fcd30000000-7fcd30021000 rw-p 00000000 00:00 0 
7fcd30021000-7fcd34000000 ---p 00000000 00:00 0 
7fcd34000000-7fcd34021000 rw-p 00000000 00:00 0 
7fcd34021000-7fcd38000000 ---p 00000000 00:00 0 
7fcd38000000-7fcd38021000 rw-p 00000000 00:00 0 
7fcd38021000-7fcd3c000000 ---p 00000000 00:00 0 
7fcd3d37c000-7fcd3d4fd000 r-xp 00000000 08:05 4857187                    /home/dmium/Downloads/JakStab/jkinder-jakstab-2555a70/bin/libcapstone.so
7fcd3d4fd000-7fcd3d6fc000 ---p 00181000 08:05 4857187                    /home/dmium/Downloads/JakStab/jkinder-jakstab-2555a70/bin/libcapstone.so
7fcd3d6fc000-7fcd3d734000 r--p 00180000 08:05 4857187                    /home/dmium/Downloads/JakStab/jkinder-jakstab-2555a70/bin/libcapstone.so
7fcd3d734000-7fcd3d82a000 rw-p 001b8000 08:05 4857187                    /home/dmium/Downloads/JakStab/jkinder-jakstab-2555a70/bin/libcapstone.so
7fcd3d82a000-7fcd3d841000 r-xp 00000000 00:26 237451                     /tmp/jna-95703960/jna6338138824573699320.tmp (deleted)
7fcd3d841000-7fcd3d940000 ---p 00017000 00:26 237451                     /tmp/jna-95703960/jna6338138824573699320.tmp (deleted)
7fcd3d940000-7fcd3d942000 rw-p 00016000 00:26 237451                     /tmp/jna-95703960/jna6338138824573699320.tmp (deleted)
7fcd3d942000-7fcd3d945000 ---p 00000000 00:00 0 
7fcd3d945000-7fcd3da43000 rw-p 00000000 00:00 0 
7fcd3da43000-7fcd3da44000 ---p 00000000 00:00 0 
7fcd3da44000-7fcd3db44000 rw-p 00000000 00:00 0 
7fcd3db44000-7fcd3db47000 ---p 00000000 00:00 0 
7fcd3db47000-7fcd3dc45000 rw-p 00000000 00:00 0 
7fcd3dc45000-7fcd3dc48000 ---p 00000000 00:00 0 
7fcd3dc48000-7fcd3dd46000 rw-p 00000000 00:00 0 
7fcd3dd46000-7fcd3dd49000 ---p 00000000 00:00 0 
7fcd3dd49000-7fcd3de47000 rw-p 00000000 00:00 0 
7fcd3de47000-7fcd3de4a000 ---p 00000000 00:00 0 
7fcd3de4a000-7fcd3df48000 rw-p 00000000 00:00 0 
7fcd3df48000-7fcd3df4b000 ---p 00000000 00:00 0 
7fcd3df4b000-7fcd3e049000 rw-p 00000000 00:00 0 
7fcd3e049000-7fcd3e04c000 ---p 00000000 00:00 0 
7fcd3e04c000-7fcd3e14a000 rw-p 00000000 00:00 0 
7fcd3e14a000-7fcd3e14d000 ---p 00000000 00:00 0 
7fcd3e14d000-7fcd3e24b000 rw-p 00000000 00:00 0 
7fcd3e24b000-7fcd3e24c000 ---p 00000000 00:00 0 
7fcd3e24c000-7fcd3f25b000 rw-p 00000000 00:00 0 
7fcd3f25b000-7fcd3f429000 r--s 03c07000 08:05 1184000                    /usr/lib/jvm/java-8-openjdk/jre/lib/rt.jar
7fcd3f429000-7fcd3fba9000 rw-p 00000000 00:00 0 
7fcd3fba9000-7fcd3fc29000 ---p 00000000 00:00 0 
7fcd3fc29000-7fcd40000000 rw-p 00000000 00:00 0 
7fcd40000000-7fcd40021000 rw-p 00000000 00:00 0 
7fcd40021000-7fcd44000000 ---p 00000000 00:00 0 
7fcd44000000-7fcd44021000 rw-p 00000000 00:00 0 
7fcd44021000-7fcd48000000 ---p 00000000 00:00 0 
7fcd48000000-7fcd48021000 rw-p 00000000 00:00 0 
7fcd48021000-7fcd4c000000 ---p 00000000 00:00 0 
7fcd4c02b000-7fcd4c02e000 ---p 00000000 00:00 0 
7fcd4c02e000-7fcd4c064000 rw-p 00000000 00:00 0 
7fcd4c064000-7fcd4c069000 r--s 0009a000 08:05 1184003                    /usr/lib/jvm/java-8-openjdk/jre/lib/jsse.jar
7fcd4c069000-7fcd4c06b000 r--s 0001a000 08:05 3151942                    /home/dmium/Files/UniWork/WorkWork/UROP/Test/CapstoneTest/capstone.jar
7fcd4c06b000-7fcd4c06f000 r--s 00112000 08:05 3151945                    /home/dmium/Files/UniWork/WorkWork/UROP/Test/CapstoneTest/jna.jar
7fcd4c06f000-7fcd4c071000 r--s 0000c000 08:05 1064883                    /usr/lib/eclipse/plugins/org.hamcrest.core_1.3.0.v201303031735.jar
7fcd4c071000-7fcd4feba000 rw-p 00000000 00:00 0 
7fcd4feba000-7fcd4febb000 ---p 00000000 00:00 0 
7fcd4febb000-7fcd4ffbb000 rw-p 00000000 00:00 0 
7fcd4ffbb000-7fcd4ffbc000 ---p 00000000 00:00 0 
7fcd4ffbc000-7fcd500bc000 rw-p 00000000 00:00 0 
7fcd500bc000-7fcd500bd000 ---p 00000000 00:00 0 
7fcd500bd000-7fcd501e7000 rw-p 00000000 00:00 0 
7fcd501e7000-7fcd5044d000 ---p 00000000 00:00 0 
7fcd5044d000-7fcd50477000 rw-p 00000000 00:00 0 
7fcd50477000-7fcd506dc000 ---p 00000000 00:00 0 
7fcd506dc000-7fcd506f1000 rw-p 00000000 00:00 0 
7fcd506f1000-7fcd50824000 ---p 00000000 00:00 0 
7fcd50824000-7fcd50837000 rw-p 00000000 00:00 0 
7fcd50837000-7fcd50be5000 ---p 00000000 00:00 0 
7fcd50be5000-7fcd51035000 rwxp 00000000 00:00 0 
7fcd51035000-7fcd5fbe5000 ---p 00000000 00:00 0 
7fcd5fbe5000-7fcd5fbed000 r-xp 00000000 08:05 1184024                    /usr/lib/jvm/java-8-openjdk/jre/lib/amd64/libzip.so
7fcd5fbed000-7fcd5fdec000 ---p 00008000 08:05 1184024                    /usr/lib/jvm/java-8-openjdk/jre/lib/amd64/libzip.so
7fcd5fdec000-7fcd5fded000 r--p 00007000 08:05 1184024                    /usr/lib/jvm/java-8-openjdk/jre/lib/amd64/libzip.so
7fcd5fded000-7fcd5fdee000 rw-p 00008000 08:05 1184024                    /usr/lib/jvm/java-8-openjdk/jre/lib/amd64/libzip.so
7fcd5fdee000-7fcd5fdf9000 r-xp 00000000 08:05 919639                     /usr/lib/libnss_files-2.25.so
7fcd5fdf9000-7fcd5fff8000 ---p 0000b000 08:05 919639                     /usr/lib/libnss_files-2.25.so
7fcd5fff8000-7fcd5fff9000 r--p 0000a000 08:05 919639                     /usr/lib/libnss_files-2.25.so
7fcd5fff9000-7fcd5fffa000 rw-p 0000b000 08:05 919639                     /usr/lib/libnss_files-2.25.so
7fcd5fffa000-7fcd60000000 rw-p 00000000 00:00 0 
7fcd60000000-7fcd60611000 rw-p 00000000 00:00 0 
7fcd60611000-7fcd64000000 ---p 00000000 00:00 0 
7fcd64000000-7fcd64008000 r--s 00045000 08:05 1074231                    /usr/lib/eclipse/plugins/org.junit_4.12.0.v201504281640/junit.jar
7fcd64008000-7fcd64014000 r--s 00081000 08:05 4723274                    /home/dmium/Downloads/JakStab/jkinder-jakstab-2555a70/lib/google-collect-1.0.jar
7fcd64014000-7fcd64061000 rw-p 00000000 00:00 0 
7fcd64061000-7fcd64062000 ---p 00000000 00:00 0 
7fcd64062000-7fcd64162000 rw-p 00000000 00:00 0 
7fcd64162000-7fcd6416d000 r-xp 00000000 08:05 919635                     /usr/lib/libnss_nis-2.25.so
7fcd6416d000-7fcd6436c000 ---p 0000b000 08:05 919635                     /usr/lib/libnss_nis-2.25.so
7fcd6436c000-7fcd6436d000 r--p 0000a000 08:05 919635                     /usr/lib/libnss_nis-2.25.so
7fcd6436d000-7fcd6436e000 rw-p 0000b000 08:05 919635                     /usr/lib/libnss_nis-2.25.so
7fcd6436e000-7fcd64383000 r-xp 00000000 08:05 919627                     /usr/lib/libnsl-2.25.so
7fcd64383000-7fcd64582000 ---p 00015000 08:05 919627                     /usr/lib/libnsl-2.25.so
7fcd64582000-7fcd64583000 r--p 00014000 08:05 919627                     /usr/lib/libnsl-2.25.so
7fcd64583000-7fcd64584000 rw-p 00015000 08:05 919627                     /usr/lib/libnsl-2.25.so
7fcd64584000-7fcd64586000 rw-p 00000000 00:00 0 
7fcd64586000-7fcd6458d000 r-xp 00000000 08:05 919645                     /usr/lib/libnss_compat-2.25.so
7fcd6458d000-7fcd6478c000 ---p 00007000 08:05 919645                     /usr/lib/libnss_compat-2.25.so
7fcd6478c000-7fcd6478d000 r--p 00006000 08:05 919645                     /usr/lib/libnss_compat-2.25.so
7fcd6478d000-7fcd6478e000 rw-p 00007000 08:05 919645                     /usr/lib/libnss_compat-2.25.so
7fcd6478e000-7fcd647bb000 r-xp 00000000 08:05 1184025                    /usr/lib/jvm/java-8-openjdk/jre/lib/amd64/libjava.so
7fcd647bb000-7fcd649ba000 ---p 0002d000 08:05 1184025                    /usr/lib/jvm/java-8-openjdk/jre/lib/amd64/libjava.so
7fcd649ba000-7fcd649bb000 r--p 0002c000 08:05 1184025                    /usr/lib/jvm/java-8-openjdk/jre/lib/amd64/libjava.so
7fcd649bb000-7fcd649bd000 rw-p 0002d000 08:05 1184025                    /usr/lib/jvm/java-8-openjdk/jre/lib/amd64/libjava.so
7fcd649bd000-7fcd649ca000 r-xp 00000000 08:05 1184013                    /usr/lib/jvm/java-8-openjdk/jre/lib/amd64/libverify.so
7fcd649ca000-7fcd64bc9000 ---p 0000d000 08:05 1184013                    /usr/lib/jvm/java-8-openjdk/jre/lib/amd64/libverify.so
7fcd64bc9000-7fcd64bcb000 r--p 0000c000 08:05 1184013                    /usr/lib/jvm/java-8-openjdk/jre/lib/amd64/libverify.so
7fcd64bcb000-7fcd64bcc000 rw-p 0000e000 08:05 1184013                    /usr/lib/jvm/java-8-openjdk/jre/lib/amd64/libverify.so
7fcd64bcc000-7fcd64bd3000 r-xp 00000000 08:05 919581                     /usr/lib/librt-2.25.so
7fcd64bd3000-7fcd64dd2000 ---p 00007000 08:05 919581                     /usr/lib/librt-2.25.so
7fcd64dd2000-7fcd64dd3000 r--p 00006000 08:05 919581                     /usr/lib/librt-2.25.so
7fcd64dd3000-7fcd64dd4000 rw-p 00007000 08:05 919581                     /usr/lib/librt-2.25.so
7fcd64dd4000-7fcd64ee4000 r-xp 00000000 08:05 919629                     /usr/lib/libm-2.25.so
7fcd64ee4000-7fcd650e4000 ---p 00110000 08:05 919629                     /usr/lib/libm-2.25.so
7fcd650e4000-7fcd650e5000 r--p 00110000 08:05 919629                     /usr/lib/libm-2.25.so
7fcd650e5000-7fcd650e6000 rw-p 00111000 08:05 919629                     /usr/lib/libm-2.25.so
7fcd650e6000-7fcd65d4f000 r-xp 00000000 08:05 1583582                    /usr/lib/jvm/java-8-openjdk/jre/lib/amd64/server/libjvm.so
7fcd65d4f000-7fcd65f4e000 ---p 00c69000 08:05 1583582                    /usr/lib/jvm/java-8-openjdk/jre/lib/amd64/server/libjvm.so
7fcd65f4e000-7fcd65fe2000 r--p 00c68000 08:05 1583582                    /usr/lib/jvm/java-8-openjdk/jre/lib/amd64/server/libjvm.so
7fcd65fe2000-7fcd6600a000 rw-p 00cfc000 08:05 1583582                    /usr/lib/jvm/java-8-openjdk/jre/lib/amd64/server/libjvm.so
7fcd6600a000-7fcd6603b000 rw-p 00000000 00:00 0 
7fcd6603b000-7fcd661d7000 r-xp 00000000 08:05 919713                     /usr/lib/libc-2.25.so
7fcd661d7000-7fcd663d6000 ---p 0019c000 08:05 919713                     /usr/lib/libc-2.25.so
7fcd663d6000-7fcd663da000 r--p 0019b000 08:05 919713                     /usr/lib/libc-2.25.so
7fcd663da000-7fcd663dc000 rw-p 0019f000 08:05 919713                     /usr/lib/libc-2.25.so
7fcd663dc000-7fcd663e0000 rw-p 00000000 00:00 0 
7fcd663e0000-7fcd663e3000 r-xp 00000000 08:05 919631                     /usr/lib/libdl-2.25.so
7fcd663e3000-7fcd665e2000 ---p 00003000 08:05 919631                     /usr/lib/libdl-2.25.so
7fcd665e2000-7fcd665e3000 r--p 00002000 08:05 919631                     /usr/lib/libdl-2.25.so
7fcd665e3000-7fcd665e4000 rw-p 00003000 08:05 919631                     /usr/lib/libdl-2.25.so
7fcd665e4000-7fcd665f1000 r-xp 00000000 08:05 1583585                    /usr/lib/jvm/java-8-openjdk/jre/lib/amd64/jli/libjli.so
7fcd665f1000-7fcd667f0000 ---p 0000d000 08:05 1583585                    /usr/lib/jvm/java-8-openjdk/jre/lib/amd64/jli/libjli.so
7fcd667f0000-7fcd667f1000 r--p 0000c000 08:05 1583585                    /usr/lib/jvm/java-8-openjdk/jre/lib/amd64/jli/libjli.so
7fcd667f1000-7fcd667f2000 rw-p 0000d000 08:05 1583585                    /usr/lib/jvm/java-8-openjdk/jre/lib/amd64/jli/libjli.so
7fcd667f2000-7fcd66808000 r-xp 00000000 08:05 928147                     /usr/lib/libz.so.1.2.11
7fcd66808000-7fcd66a07000 ---p 00016000 08:05 928147                     /usr/lib/libz.so.1.2.11
7fcd66a07000-7fcd66a08000 r--p 00015000 08:05 928147                     /usr/lib/libz.so.1.2.11
7fcd66a08000-7fcd66a09000 rw-p 00016000 08:05 928147                     /usr/lib/libz.so.1.2.11
7fcd66a09000-7fcd66a22000 r-xp 00000000 08:05 919733                     /usr/lib/libpthread-2.25.so
7fcd66a22000-7fcd66c21000 ---p 00019000 08:05 919733                     /usr/lib/libpthread-2.25.so
7fcd66c21000-7fcd66c22000 r--p 00018000 08:05 919733                     /usr/lib/libpthread-2.25.so
7fcd66c22000-7fcd66c23000 rw-p 00019000 08:05 919733                     /usr/lib/libpthread-2.25.so
7fcd66c23000-7fcd66c27000 rw-p 00000000 00:00 0 
7fcd66c27000-7fcd66c4a000 r-xp 00000000 08:05 919714                     /usr/lib/ld-2.25.so
7fcd66c4a000-7fcd66d15000 rw-p 00000000 00:00 0 
7fcd66d15000-7fcd66d18000 ---p 00000000 00:00 0 
7fcd66d18000-7fcd66e18000 rw-p 00000000 00:00 0 
7fcd66e18000-7fcd66e1d000 r--s 00068000 08:05 4723272                    /home/dmium/Downloads/JakStab/jkinder-jakstab-2555a70/lib/antlr.jar
7fcd66e1d000-7fcd66e3e000 rw-p 00000000 00:00 0 
7fcd66e3e000-7fcd66e46000 rw-s 00000000 00:26 242352                     /tmp/hsperfdata_dmium/2881
7fcd66e46000-7fcd66e47000 rw-p 00000000 00:00 0 
7fcd66e47000-7fcd66e48000 r--p 00000000 00:00 0 
7fcd66e48000-7fcd66e4a000 rw-p 00000000 00:00 0 
7fcd66e4a000-7fcd66e4b000 r--p 00023000 08:05 919714                     /usr/lib/ld-2.25.so
7fcd66e4b000-7fcd66e4c000 rw-p 00024000 08:05 919714                     /usr/lib/ld-2.25.so
7fcd66e4c000-7fcd66e4d000 rw-p 00000000 00:00 0 
7ffef1f3e000-7ffef1f5f000 rw-p 00000000 00:00 0                          [stack]
7ffef1f68000-7ffef1f6a000 r--p 00000000 00:00 0                          [vvar]
7ffef1f6a000-7ffef1f6c000 r-xp 00000000 00:00 0                          [vdso]
ffffffffff600000-ffffffffff601000 r-xp 00000000 00:00 0                  [vsyscall]

VM Arguments:
jvm_args: -Dfile.encoding=ANSI_X3.4-1968 
java_command: org.jakstab.Main -m input/bin/simple.exe
java_class_path (initial): /home/dmium/Downloads/JakStab/jkinder-jakstab-2555a70/bin:/home/dmium/Downloads/JakStab/jkinder-jakstab-2555a70/lib/antlr.jar:/home/dmium/Downloads/JakStab/jkinder-jakstab-2555a70/lib/google-collect-1.0.jar:/usr/lib/eclipse/plugins/org.junit_4.12.0.v201504281640/junit.jar:/usr/lib/eclipse/plugins/org.hamcrest.core_1.3.0.v201303031735.jar:/home/dmium/Files/UniWork/WorkWork/UROP/Test/CapstoneTest/jna.jar:/home/dmium/Files/UniWork/WorkWork/UROP/Test/CapstoneTest/capstone.jar
Launcher Type: SUN_STANDARD

Environment Variables:
PATH=/usr/local/sbin:/usr/local/bin:/usr/bin:/home/dmium/bin:/usr/lib/jvm/default/bin:/usr/bin/site_perl:/usr/bin/vendor_perl:/usr/bin/core_perl
SHELL=/bin/bash
DISPLAY=:0

Signal Handlers:
SIGSEGV: [libjvm.so+0xa69be0], sa_mask[0]=11111111011111111101111111111110, sa_flags=SA_RESTART|SA_SIGINFO
SIGBUS: [libjvm.so+0xa69be0], sa_mask[0]=11111111011111111101111111111110, sa_flags=SA_RESTART|SA_SIGINFO
SIGFPE: [libjvm.so+0x8aad70], sa_mask[0]=11111111011111111101111111111110, sa_flags=SA_RESTART|SA_SIGINFO
SIGPIPE: [libjvm.so+0x8aad70], sa_mask[0]=11111111011111111101111111111110, sa_flags=SA_RESTART|SA_SIGINFO
SIGXFSZ: [libjvm.so+0x8aad70], sa_mask[0]=11111111011111111101111111111110, sa_flags=SA_RESTART|SA_SIGINFO
SIGILL: [libjvm.so+0x8aad70], sa_mask[0]=11111111011111111101111111111110, sa_flags=SA_RESTART|SA_SIGINFO
SIGUSR1: SIG_DFL, sa_mask[0]=00000000000000000000000000000000, sa_flags=none
SIGUSR2: [libjvm.so+0x8aac40], sa_mask[0]=00100000000000000000000000000000, sa_flags=SA_RESTART|SA_SIGINFO
SIGHUP: [libjvm.so+0x8ab0a0], sa_mask[0]=11111111011111111101111111111110, sa_flags=SA_RESTART|SA_SIGINFO
SIGINT: SIG_IGN, sa_mask[0]=00000000000000000000000000000000, sa_flags=none
SIGTERM: [libjvm.so+0x8ab0a0], sa_mask[0]=11111111011111111101111111111110, sa_flags=SA_RESTART|SA_SIGINFO
SIGQUIT: [libjvm.so+0x8ab0a0], sa_mask[0]=11111111011111111101111111111110, sa_flags=SA_RESTART|SA_SIGINFO


---------------  S Y S T E M  ---------------

OS:LSB_VERSION=1.4
DISTRIB_ID=Arch
DISTRIB_RELEASE=rolling
DISTRIB_DESCRIPTION="Arch Linux"

uname:Linux 4.11.7-1-ARCH #1 SMP PREEMPT Sat Jun 24 09:07:09 CEST 2017 x86_64
libc:glibc 2.25 NPTL 2.25 
rlimit: STACK 8192k, CORE infinity, NPROC 31204, NOFILE 4096, AS infinity
load average:0.95 0.72 0.71

/proc/meminfo:
MemTotal:        8050108 kB
MemFree:         2557712 kB
MemAvailable:    4607640 kB
Buffers:          102468 kB
Cached:          2466420 kB
SwapCached:            0 kB
Active:          3193088 kB
Inactive:        1987340 kB
Active(anon):    2615772 kB
Inactive(anon):   357772 kB
Active(file):     577316 kB
Inactive(file):  1629568 kB
Unevictable:         132 kB
Mlocked:             132 kB
SwapTotal:             0 kB
SwapFree:              0 kB
Dirty:               404 kB
Writeback:             0 kB
AnonPages:       2563620 kB
Mapped:           705460 kB
Shmem:            362008 kB
Slab:             167832 kB
SReclaimable:     135204 kB
SUnreclaim:        32628 kB
KernelStack:        9312 kB
PageTables:        35504 kB
NFS_Unstable:          0 kB
Bounce:                0 kB
WritebackTmp:          0 kB
CommitLimit:     4025052 kB
Committed_AS:    6197436 kB
VmallocTotal:   34359738367 kB
VmallocUsed:           0 kB
VmallocChunk:          0 kB
HardwareCorrupted:     0 kB
AnonHugePages:   1222656 kB
ShmemHugePages:        0 kB
ShmemPmdMapped:        0 kB
HugePages_Total:       0
HugePages_Free:        0
HugePages_Rsvd:        0
HugePages_Surp:        0
Hugepagesize:       2048 kB
DirectMap4k:      125324 kB
DirectMap2M:     7086080 kB
DirectMap1G:     1048576 kB


CPU:total 4 (initial active 4) (2 cores per cpu, 2 threads per core) family 6 model 78 stepping 3, cmov, cx8, fxsr, mmx, sse, sse2, sse3, ssse3, sse4.1, sse4.2, popcnt, avx, avx2, aes, clmul, erms, 3dnowpref, lzcnt, ht, tsc, tscinvbit, bmi1, bmi2, adx

/proc/cpuinfo:
processor	: 0
vendor_id	: GenuineIntel
cpu family	: 6
model		: 78
model name	: Intel(R) Core(TM) i5-6200U CPU @ 2.30GHz
stepping	: 3
microcode	: 0x84
cpu MHz		: 2700.000
cache size	: 3072 KB
physical id	: 0
siblings	: 4
core id		: 0
cpu cores	: 2
apicid		: 0
initial apicid	: 0
fpu		: yes
fpu_exception	: yes
cpuid level	: 22
wp		: yes
flags		: fpu vme de pse tsc msr pae mce cx8 apic sep mtrr pge mca cmov pat pse36 clflush dts acpi mmx fxsr sse sse2 ss ht tm pbe syscall nx pdpe1gb rdtscp lm constant_tsc art arch_perfmon pebs bts rep_good nopl xtopology nonstop_tsc cpuid aperfmperf tsc_known_freq pni pclmulqdq dtes64 monitor ds_cpl vmx est tm2 ssse3 sdbg fma cx16 xtpr pdcm pcid sse4_1 sse4_2 x2apic movbe popcnt tsc_deadline_timer aes xsave avx f16c rdrand lahf_lm abm 3dnowprefetch epb intel_pt tpr_shadow vnmi flexpriority ept vpid fsgsbase tsc_adjust bmi1 avx2 smep bmi2 erms invpcid mpx rdseed adx smap clflushopt xsaveopt xsavec xgetbv1 xsaves dtherm ida arat pln pts hwp hwp_notify hwp_act_window hwp_epp
bugs		:
bogomips	: 4801.00
clflush size	: 64
cache_alignment	: 64
address sizes	: 39 bits physical, 48 bits virtual
power management:

processor	: 1
vendor_id	: GenuineIntel
cpu family	: 6
model		: 78
model name	: Intel(R) Core(TM) i5-6200U CPU @ 2.30GHz
stepping	: 3
microcode	: 0x84
cpu MHz		: 2700.000
cache size	: 3072 KB
physical id	: 0
siblings	: 4
core id		: 1
cpu cores	: 2
apicid		: 2
initial apicid	: 2
fpu		: yes
fpu_exception	: yes
cpuid level	: 22
wp		: yes
flags		: fpu vme de pse tsc msr pae mce cx8 apic sep mtrr pge mca cmov pat pse36 clflush dts acpi mmx fxsr sse sse2 ss ht tm pbe syscall nx pdpe1gb rdtscp lm constant_tsc art arch_perfmon pebs bts rep_good nopl xtopology nonstop_tsc cpuid aperfmperf tsc_known_freq pni pclmulqdq dtes64 monitor ds_cpl vmx est tm2 ssse3 sdbg fma cx16 xtpr pdcm pcid sse4_1 sse4_2 x2apic movbe popcnt tsc_deadline_timer aes xsave avx f16c rdrand lahf_lm abm 3dnowprefetch epb intel_pt tpr_shadow vnmi flexpriority ept vpid fsgsbase tsc_adjust bmi1 avx2 smep bmi2 erms invpcid mpx rdseed adx smap clflushopt xsaveopt xsavec xgetbv1 xsaves dtherm ida arat pln pts hwp hwp_notify hwp_act_window hwp_epp
bugs		:
bogomips	: 4803.35
clflush size	: 64
cache_alignment	: 64
address sizes	: 39 bits physical, 48 bits virtual
power management:

processor	: 2
vendor_id	: GenuineIntel
cpu family	: 6
model		: 78
model name	: Intel(R) Core(TM) i5-6200U CPU @ 2.30GHz
stepping	: 3
microcode	: 0x84
cpu MHz		: 2700.000
cache size	: 3072 KB
physical id	: 0
siblings	: 4
core id		: 0
cpu cores	: 2
apicid		: 1
initial apicid	: 1
fpu		: yes
fpu_exception	: yes
cpuid level	: 22
wp		: yes
flags		: fpu vme de pse tsc msr pae mce cx8 apic sep mtrr pge mca cmov pat pse36 clflush dts acpi mmx fxsr sse sse2 ss ht tm pbe syscall nx pdpe1gb rdtscp lm constant_tsc art arch_perfmon pebs bts rep_good nopl xtopology nonstop_tsc cpuid aperfmperf tsc_known_freq pni pclmulqdq dtes64 monitor ds_cpl vmx est tm2 ssse3 sdbg fma cx16 xtpr pdcm pcid sse4_1 sse4_2 x2apic movbe popcnt tsc_deadline_timer aes xsave avx f16c rdrand lahf_lm abm 3dnowprefetch epb intel_pt tpr_shadow vnmi flexpriority ept vpid fsgsbase tsc_adjust bmi1 avx2 smep bmi2 erms invpcid mpx rdseed adx smap clflushopt xsaveopt xsavec xgetbv1 xsaves dtherm ida arat pln pts hwp hwp_notify hwp_act_window hwp_epp
bugs		:
bogomips	: 4803.93
clflush size	: 64
cache_alignment	: 64
address sizes	: 39 bits physical, 48 bits virtual
power management:

processor	: 3
vendor_id	: GenuineIntel
cpu family	: 6
model		: 78
model name	: Intel(R) Core(TM) i5-6200U CPU @ 2.30GHz
stepping	: 3
microcode	: 0x84
cpu MHz		: 2700.000
cache size	: 3072 KB
physical id	: 0
siblings	: 4
core id		: 1
cpu cores	: 2
apicid		: 3
initial apicid	: 3
fpu		: yes
fpu_exception	: yes
cpuid level	: 22
wp		: yes
flags		: fpu vme de pse tsc msr pae mce cx8 apic sep mtrr pge mca cmov pat pse36 clflush dts acpi mmx fxsr sse sse2 ss ht tm pbe syscall nx pdpe1gb rdtscp lm constant_tsc art arch_perfmon pebs bts rep_good nopl xtopology nonstop_tsc cpuid aperfmperf tsc_known_freq pni pclmulqdq dtes64 monitor ds_cpl vmx est tm2 ssse3 sdbg fma cx16 xtpr pdcm pcid sse4_1 sse4_2 x2apic movbe popcnt tsc_deadline_timer aes xsave avx f16c rdrand lahf_lm abm 3dnowprefetch epb intel_pt tpr_shadow vnmi flexpriority ept vpid fsgsbase tsc_adjust bmi1 avx2 smep bmi2 erms invpcid mpx rdseed adx smap clflushopt xsaveopt xsavec xgetbv1 xsaves dtherm ida arat pln pts hwp hwp_notify hwp_act_window hwp_epp
bugs		:
bogomips	: 4803.46
clflush size	: 64
cache_alignment	: 64
address sizes	: 39 bits physical, 48 bits virtual
power management:



Memory: 4k page, physical 8050108k(2557712k free), swap 0k(0k free)

vm_info: OpenJDK 64-Bit Server VM (25.131-b11) for linux-amd64 JRE (1.8.0_131-b11), built on Jun 10 2017 08:19:59 by "builduser" with gcc 7.1.1 20170516

time: Thu Jul  6 09:38:07 2017
elapsed time: 1 seconds (0d 0h 0m 1s)

