#
# A fatal error has been detected by the Java Runtime Environment:
#
#  SIGSEGV (0xb) at pc=0x00007f172d3dcefe, pid=2511, tid=0x00007f174ae0a700
#
# JRE version: OpenJDK Runtime Environment (8.0_131-b11) (build 1.8.0_131-b11)
# Java VM: OpenJDK 64-Bit Server VM (25.131-b11 mixed mode linux-amd64 compressed oops)
# Problematic frame:
# C  [libcapstone.so+0x41efe]  cs_reg_name+0xe
#
# Core dump written. Default location: /home/dmium/Downloads/JakStab/jkinder-jakstab-2555a70/core or core.2511
#
# If you would like to submit a bug report, please visit:
#   http://bugreport.java.com/bugreport/crash.jsp
# The crash happened outside the Java Virtual Machine in native code.
# See problematic frame for where to report the bug.
#

---------------  T H R E A D  ---------------

Current thread (0x00007f174400a000):  JavaThread "main" [_thread_in_native, id=2513, stack(0x00007f174ad0a000,0x00007f174ae0b000)]

siginfo: si_signo: 11 (SIGSEGV), si_code: 128 (SI_KERNEL), si_addr: 0x0000000000000000

Registers:
RAX=0x614a2f7364616f00, RBX=0x00007f174ae08688, RCX=0x0000000000000000, RDX=0x0000000000000002
RSP=0x00007f174ae08558, RBP=0x00007f174ae08560, RSI=0x000000000000002a, RDI=0x00007f174451c3e0
R8 =0x0000000000000000, R9 =0x00007f174445a4d0, R10=0x00007f174ae084b0, R11=0x00007f172d3dcef0
R12=0xfffffffffffffffc, R13=0x00007f174ae08f60, R14=0x00007f174ae084b0, R15=0x0000000000000002
RIP=0x00007f172d3dcefe, EFLAGS=0x0000000000010206, CSGSFS=0x002b000000000033, ERR=0x0000000000000000
  TRAPNO=0x000000000000000d

Top of Stack: (sp=0x00007f174ae08558)
0x00007f174ae08558:   00007f172d89465c 000000000000000e
0x00007f174ae08568:   00007f174ae08fe0 00007f174ae08650
0x00007f174ae08578:   00007f172d894164 0000000000000008
0x00007f174ae08588:   00007f174ae08f60 0000000000000000
0x00007f174ae08598:   00007f174ae086e0 00007f174ae08630
0x00007f174ae085a8:   00007f174ae0861c 00007f174ae08618
0x00007f174ae085b8:   00007f174ae08600 00007f174ae08660
0x00007f174ae085c8:   00007f174ae08fe0 00007f172d3dcef0
0x00007f174ae085d8:   00007f174ae08560 00007f174ae08680
0x00007f174ae085e8:   0000000000000002 0000000200000002
0x00007f174ae085f8:   0000000000000001 00007f1700000002
0x00007f174ae08608:   00007f1744078ba8 00007f174ae086f0
0x00007f174ae08618:   0000000100000000 00007f174ae08690
0x00007f174ae08628:   0000000000000000 00007f174ae086f0
0x00007f174ae08638:   00007f174ae08670 00007f174ae08690
0x00007f174ae08648:   0000000000000002 00007f174ae08fd0
0x00007f174ae08658:   00007f172d887870 00007f174ae086e0
0x00007f174ae08668:   00007f174ae086e8 0000000000000000
0x00007f174ae08678:   00007f174ae08820 00007f172d896ed0
0x00007f174ae08688:   00007f172d896f10 00007f174445a4d0
0x00007f174ae08698:   00007f174400a000 00007f174a3d6040
0x00007f174ae086a8:   00007f174a3d6054 0000000000000000
0x00007f174ae086b8:   00007f174a156c24 0000000000000000
0x00007f174ae086c8:   00007f174400a000 00007f174ae086f0
0x00007f174ae086d8:   00007f174974934b 00007f174451c3e0
0x00007f174ae086e8:   000000000000002a 00007f174ae08fd0
0x00007f174ae086f8:   00007f172d887709 00007f1744000950
0x00007f174ae08708:   00007f174ae08f60 00007f174ae08fe0
0x00007f174ae08718:   00007f172d896eb0 00007f174ae09080
0x00007f174ae08728:   00000000e90d3b48 00007f172d3dcef0
0x00007f174ae08738:   00007f174400a1e0 00007f174ae086a0
0x00007f174ae08748:   00007f174ae08680 00007f174ae08660 

Instructions: (pc=0x00007f172d3dcefe)
0x00007f172d3dcede:   0f 85 63 fe ff ff c6 43 42 00 e9 b3 fe ff ff 0f
0x00007f172d3dceee:   1f 00 48 85 ff 74 0b 48 8b 47 30 48 85 c0 74 02
0x00007f172d3dcefe:   ff e0 31 c0 c3 0f 1f 00 66 2e 0f 1f 84 00 00 00
0x00007f172d3dcf0e:   00 00 48 85 ff 74 0b 48 8b 47 38 48 85 c0 74 02 

Register to memory mapping:

RAX=0x614a2f7364616f00 is an unknown value
RBX=0x00007f174ae08688 is pointing into the stack for thread: 0x00007f174400a000
RCX=0x0000000000000000 is an unknown value
RDX=0x0000000000000002 is an unknown value
RSP=0x00007f174ae08558 is pointing into the stack for thread: 0x00007f174400a000
RBP=0x00007f174ae08560 is pointing into the stack for thread: 0x00007f174400a000
RSI=0x000000000000002a is an unknown value
RDI=0x00007f174451c3e0 is an unknown value
R8 =0x0000000000000000 is an unknown value
R9 =0x00007f174445a4d0 is an unknown value
R10=0x00007f174ae084b0 is pointing into the stack for thread: 0x00007f174400a000
R11=0x00007f172d3dcef0: cs_reg_name+0 in /home/dmium/Downloads/JakStab/jkinder-jakstab-2555a70/bin/libcapstone.so at 0x00007f172d39b000
R12=0xfffffffffffffffc is an unknown value
R13=0x00007f174ae08f60 is pointing into the stack for thread: 0x00007f174400a000
R14=0x00007f174ae084b0 is pointing into the stack for thread: 0x00007f174400a000
R15=0x0000000000000002 is an unknown value


Stack: [0x00007f174ad0a000,0x00007f174ae0b000],  sp=0x00007f174ae08558,  free space=1017k
Native frames: (J=compiled Java code, j=interpreted, Vv=VM code, C=native code)
C  [libcapstone.so+0x41efe]  cs_reg_name+0xe
C  0x00007f174ae08fe0

Java frames: (J=compiled Java code, j=interpreted, Vv=VM code)
j  com.sun.jna.Native.invokePointer(JI[Ljava/lang/Object;)J+0
j  com.sun.jna.Function.invokePointer(I[Ljava/lang/Object;)Lcom/sun/jna/Pointer;+6
j  com.sun.jna.Function.invokeString(I[Ljava/lang/Object;Z)Ljava/lang/String;+3
j  com.sun.jna.Function.invoke([Ljava/lang/Object;Ljava/lang/Class;Z)Ljava/lang/Object;+354
j  com.sun.jna.Function.invoke(Ljava/lang/reflect/Method;[Ljava/lang/Class;Ljava/lang/Class;[Ljava/lang/Object;Ljava/util/Map;)Ljava/lang/Object;+249
j  com.sun.jna.Library$Handler.invoke(Ljava/lang/Object;Ljava/lang/reflect/Method;[Ljava/lang/Object;)Ljava/lang/Object;+348
j  capstone.$Proxy0.cs_reg_name(Lcom/sun/jna/NativeLong;I)Ljava/lang/String;+23
j  capstone.Capstone$CsInsn.regName(I)Ljava/lang/String;+9
j  org.jakstab.disasm.x86.X86Disassembler.decodeInstruction(J)Lorg/jakstab/asm/Instruction;+629
j  org.jakstab.Program.getInstruction(Lorg/jakstab/asm/AbsoluteAddress;)Lorg/jakstab/asm/Instruction;+181
j  org.jakstab.Program.getStatement(Lorg/jakstab/cfa/RTLLabel;)Lorg/jakstab/rtl/statements/RTLStatement;+20
j  org.jakstab.cfa.ResolvingTransformerFactory.getTransformers(Lorg/jakstab/analysis/AbstractState;)Ljava/util/Set;+12
j  org.jakstab.analysis.CPAAlgorithm.run()V+582
j  org.jakstab.analysis.ControlFlowReconstruction.run()V+13
j  org.jakstab.Main.runAlgorithm(Lorg/jakstab/Algorithm;)V+5
j  org.jakstab.Main.main([Ljava/lang/String;)V+564
v  ~StubRoutines::call_stub

---------------  P R O C E S S  ---------------

Java Threads: ( => current thread )
  0x00007f17444f6000 JavaThread "process reaper" daemon [_thread_blocked, id=2534, stack(0x00007f172d849000,0x00007f172d882000)]
  0x00007f1744398800 JavaThread "Thread-1" [_thread_in_native, id=2532, stack(0x00007f172d9a7000,0x00007f172daa8000)]
  0x00007f17440bf000 JavaThread "Service Thread" daemon [_thread_blocked, id=2530, stack(0x00007f172dbb5000,0x00007f172dcb6000)]
  0x00007f17440bc000 JavaThread "C1 CompilerThread2" daemon [_thread_in_native, id=2529, stack(0x00007f172dcb6000,0x00007f172ddb7000)]
  0x00007f17440ba000 JavaThread "C2 CompilerThread1" daemon [_thread_in_native, id=2528, stack(0x00007f172ddb7000,0x00007f172deb8000)]
  0x00007f17440b7000 JavaThread "C2 CompilerThread0" daemon [_thread_in_native, id=2527, stack(0x00007f172deb8000,0x00007f172dfb9000)]
  0x00007f17440b5800 JavaThread "Signal Dispatcher" daemon [_thread_blocked, id=2526, stack(0x00007f172dfb9000,0x00007f172e0ba000)]
  0x00007f1744083800 JavaThread "Finalizer" daemon [_thread_blocked, id=2525, stack(0x00007f172e0ba000,0x00007f172e1bb000)]
  0x00007f174407f000 JavaThread "Reference Handler" daemon [_thread_blocked, id=2524, stack(0x00007f172e1bb000,0x00007f172e2bc000)]
=>0x00007f174400a000 JavaThread "main" [_thread_in_native, id=2513, stack(0x00007f174ad0a000,0x00007f174ae0b000)]

Other Threads:
  0x00007f1744077800 VMThread [stack: 0x00007f172e2bc000,0x00007f172e3bd000] [id=2523]
  0x00007f17440c1000 WatcherThread [stack: 0x00007f172dab4000,0x00007f172dbb5000] [id=2531]

VM state:not at safepoint (normal execution)

VM Mutex/Monitor currently owned by a thread: None

Heap:
 PSYoungGen      total 36864K, used 5349K [0x00000000d7100000, 0x00000000d9a00000, 0x0000000100000000)
  eden space 31744K, 6% used [0x00000000d7100000,0x00000000d7324ea0,0x00000000d9000000)
  from space 5120K, 61% used [0x00000000d9000000,0x00000000d9314680,0x00000000d9500000)
  to   space 5120K, 0% used [0x00000000d9500000,0x00000000d9500000,0x00000000d9a00000)
 ParOldGen       total 84992K, used 16K [0x0000000085200000, 0x000000008a500000, 0x00000000d7100000)
  object space 84992K, 0% used [0x0000000085200000,0x0000000085204000,0x000000008a500000)
 Metaspace       used 8237K, capacity 8424K, committed 8704K, reserved 1056768K
  class space    used 911K, capacity 996K, committed 1024K, reserved 1048576K

Card table byte_map: [0x00007f173444d000,0x00007f1734825000] byte_map_base: 0x00007f1734024000

Marking Bits: (ParMarkBitMap*) 0x00007f174a0130c0
 Begin Bits: [0x00007f173014a000, 0x00007f1732002000)
 End Bits:   [0x00007f1732002000, 0x00007f1733eba000)

Polling page: 0x00007f174ae3c000

CodeCache: size=245760Kb used=4350Kb max_used=4350Kb free=241409Kb
 bounds [0x00007f1734be5000, 0x00007f1735035000, 0x00007f1743be5000]
 total_blobs=1252 nmethods=947 adapters=220
 compilation: enabled

Compilation events (10 events):
Event: 0.964 Thread 0x00007f17440bc000 nmethod 978 0x00007f1735023bd0 code [0x00007f1735023d80, 0x00007f1735024138]
Event: 0.964 Thread 0x00007f17440bc000  981       2       com.sun.jna.Structure::layoutChanged (33 bytes)
Event: 0.965 Thread 0x00007f17440bc000 nmethod 981 0x00007f1735024550 code [0x00007f17350246c0, 0x00007f17350248a8]
Event: 0.965 Thread 0x00007f17440bc000  979       1       com.sun.jna.Structure$LayoutInfo::access$200 (5 bytes)
Event: 0.965 Thread 0x00007f17440bc000 nmethod 979 0x00007f1735024950 code [0x00007f1735024aa0, 0x00007f1735024b90]
Event: 0.965 Thread 0x00007f17440bc000  980       1       com.sun.jna.Structure$LayoutInfo::access$300 (5 bytes)
Event: 0.965 Thread 0x00007f17440bc000 nmethod 980 0x00007f1735024c10 code [0x00007f1735024d60, 0x00007f1735024e50]
Event: 0.965 Thread 0x00007f17440bc000  982   !   2       java.security.SecureClassLoader::getProtectionDomain (114 bytes)
Event: 0.966 Thread 0x00007f17440bc000 nmethod 982 0x00007f1735024ed0 code [0x00007f1735025080, 0x00007f17350255e8]
Event: 0.966 Thread 0x00007f17440bc000  983   !   2       sun.misc.Resource::getBytes (242 bytes)

GC Heap History (2 events):
Event: 0.933 GC heap before
{Heap before GC invocations=1 (full 0):
 PSYoungGen      total 36864K, used 31744K [0x00000000d7100000, 0x00000000d9a00000, 0x0000000100000000)
  eden space 31744K, 100% used [0x00000000d7100000,0x00000000d9000000,0x00000000d9000000)
  from space 5120K, 0% used [0x00000000d9500000,0x00000000d9500000,0x00000000d9a00000)
  to   space 5120K, 0% used [0x00000000d9000000,0x00000000d9000000,0x00000000d9500000)
 ParOldGen       total 84992K, used 0K [0x0000000085200000, 0x000000008a500000, 0x00000000d7100000)
  object space 84992K, 0% used [0x0000000085200000,0x0000000085200000,0x000000008a500000)
 Metaspace       used 8143K, capacity 8328K, committed 8448K, reserved 1056768K
  class space    used 892K, capacity 964K, committed 1024K, reserved 1048576K
Event: 0.941 GC heap after
Heap after GC invocations=1 (full 0):
 PSYoungGen      total 36864K, used 3153K [0x00000000d7100000, 0x00000000d9a00000, 0x0000000100000000)
  eden space 31744K, 0% used [0x00000000d7100000,0x00000000d7100000,0x00000000d9000000)
  from space 5120K, 61% used [0x00000000d9000000,0x00000000d9314680,0x00000000d9500000)
  to   space 5120K, 0% used [0x00000000d9500000,0x00000000d9500000,0x00000000d9a00000)
 ParOldGen       total 84992K, used 16K [0x0000000085200000, 0x000000008a500000, 0x00000000d7100000)
  object space 84992K, 0% used [0x0000000085200000,0x0000000085204000,0x000000008a500000)
 Metaspace       used 8143K, capacity 8328K, committed 8448K, reserved 1056768K
  class space    used 892K, capacity 964K, committed 1024K, reserved 1048576K
}

Deoptimization events (10 events):
Event: 0.354 Thread 0x00007f174400a000 Uncommon trap: reason=unstable_if action=reinterpret pc=0x00007f1734d801b0 method=antlr.ANTLRStringBuffer.append(C)V @ 9
Event: 0.456 Thread 0x00007f174400a000 Uncommon trap: reason=unstable_if action=reinterpret pc=0x00007f1734d8c990 method=antlr.Parser.match(I)V @ 6
Event: 0.488 Thread 0x00007f174400a000 Uncommon trap: reason=unstable_if action=reinterpret pc=0x00007f1734d6e63c method=antlr.collections.impl.BitSet.member(I)Z @ 11
Event: 0.671 Thread 0x00007f174400a000 Uncommon trap: reason=class_check action=maybe_recompile pc=0x00007f1734d85d1c method=java.util.Hashtable.get(Ljava/lang/Object;)Ljava/lang/Object; @ 6
Event: 0.680 Thread 0x00007f174400a000 Uncommon trap: reason=unstable_if action=reinterpret pc=0x00007f1734d4dabc method=java.lang.String.indexOf([CII[CIII)I @ 123
Event: 0.684 Thread 0x00007f174400a000 Uncommon trap: reason=unstable_if action=reinterpret pc=0x00007f1734d83bec method=java.lang.Class.newInstance()Ljava/lang/Object; @ 19
Event: 0.684 Thread 0x00007f174400a000 Uncommon trap: reason=unstable_if action=reinterpret pc=0x00007f1734d832cc method=java.lang.reflect.Constructor.newInstance([Ljava/lang/Object;)Ljava/lang/Object; @ 69
Event: 0.720 Thread 0x00007f174400a000 Uncommon trap: reason=class_check action=maybe_recompile pc=0x00007f1734d85d1c method=java.util.Hashtable.get(Ljava/lang/Object;)Ljava/lang/Object; @ 6
Event: 0.720 Thread 0x00007f174400a000 Uncommon trap: reason=class_check action=maybe_recompile pc=0x00007f1734d85d1c method=java.util.Hashtable.get(Ljava/lang/Object;)Ljava/lang/Object; @ 6
Event: 0.720 Thread 0x00007f174400a000 Uncommon trap: reason=class_check action=maybe_recompile pc=0x00007f1734d85d1c method=java.util.Hashtable.get(Ljava/lang/Object;)Ljava/lang/Object; @ 6

Internal exceptions (10 events):
Event: 0.133 Thread 0x00007f174400a000 Exception <a 'java/security/PrivilegedActionException'> (0x00000000d725ea00) thrown at [/build/java8-openjdk/src/jdk8u-jdk8u131-b11/hotspot/src/share/vm/prims/jvm.cpp, line 1390]
Event: 0.133 Thread 0x00007f174400a000 Exception <a 'java/security/PrivilegedActionException'> (0x00000000d7260638) thrown at [/build/java8-openjdk/src/jdk8u-jdk8u131-b11/hotspot/src/share/vm/prims/jvm.cpp, line 1390]
Event: 0.133 Thread 0x00007f174400a000 Exception <a 'java/security/PrivilegedActionException'> (0x00000000d7260848) thrown at [/build/java8-openjdk/src/jdk8u-jdk8u131-b11/hotspot/src/share/vm/prims/jvm.cpp, line 1390]
Event: 0.133 Thread 0x00007f174400a000 Exception <a 'java/security/PrivilegedActionException'> (0x00000000d7261220) thrown at [/build/java8-openjdk/src/jdk8u-jdk8u131-b11/hotspot/src/share/vm/prims/jvm.cpp, line 1390]
Event: 0.133 Thread 0x00007f174400a000 Exception <a 'java/security/PrivilegedActionException'> (0x00000000d7261430) thrown at [/build/java8-openjdk/src/jdk8u-jdk8u131-b11/hotspot/src/share/vm/prims/jvm.cpp, line 1390]
Event: 0.684 Thread 0x00007f174400a000 Implicit null exception at 0x00007f1734d830e6 to 0x00007f1734d832bd
Event: 0.805 Thread 0x00007f174400a000 Exception <a 'java/lang/NoSuchFieldError': method resolution failed> (0x00000000d86b7290) thrown at [/build/java8-openjdk/src/jdk8u-jdk8u131-b11/hotspot/src/share/vm/prims/methodHandles.cpp, line 1146]
Event: 0.807 Thread 0x00007f174400a000 Exception <a 'java/lang/NoSuchFieldError': method resolution failed> (0x00000000d86c49b0) thrown at [/build/java8-openjdk/src/jdk8u-jdk8u131-b11/hotspot/src/share/vm/prims/methodHandles.cpp, line 1146]
Event: 0.848 Thread 0x00007f174400a000 Exception <a 'java/lang/UnsatisfiedLinkError': libcapstone.so: cannot open shared object file: No such file or directory> (0x00000000d87f5d58) thrown at [/build/java8-openjdk/src/jdk8u-jdk8u131-b11/hotspot/src/share/vm/prims/jni.cpp, line 735]
Event: 0.848 Thread 0x00007f174400a000 Exception <a 'java/lang/UnsatisfiedLinkError': libcapstone.so: cannot open shared object file: No such file or directory> (0x00000000d87f6f48) thrown at [/build/java8-openjdk/src/jdk8u-jdk8u131-b11/hotspot/src/share/vm/prims/jni.cpp, line 735]

Events (10 events):
Event: 0.950 loading class capstone/Xcore$OpValue
Event: 0.950 loading class capstone/Xcore$OpValue done
Event: 0.951 loading class capstone/Xcore$MemType
Event: 0.951 loading class capstone/Xcore$MemType done
Event: 0.965 loading class org/jakstab/asm/x86/X86Registers
Event: 0.965 loading class org/jakstab/asm/x86/X86Registers done
Event: 0.965 loading class org/jakstab/asm/x86/X86RegisterPart
Event: 0.965 loading class org/jakstab/asm/x86/X86RegisterPart done
Event: 0.966 loading class org/jakstab/asm/DataType
Event: 0.966 loading class org/jakstab/asm/DataType done


Dynamic libraries:
00400000-00401000 r-xp 00000000 08:05 1183989                            /usr/lib/jvm/java-8-openjdk/jre/bin/java
00600000-00601000 r--p 00000000 08:05 1183989                            /usr/lib/jvm/java-8-openjdk/jre/bin/java
00601000-00602000 rw-p 00001000 08:05 1183989                            /usr/lib/jvm/java-8-openjdk/jre/bin/java
01480000-014a1000 rw-p 00000000 00:00 0                                  [heap]
85200000-8a500000 rw-p 00000000 00:00 0 
8a500000-d7100000 ---p 00000000 00:00 0 
d7100000-d9a00000 rw-p 00000000 00:00 0 
d9a00000-100000000 ---p 00000000 00:00 0 
100000000-100100000 rw-p 00000000 00:00 0 
100100000-140000000 ---p 00000000 00:00 0 
7f16e8000000-7f16e8021000 rw-p 00000000 00:00 0 
7f16e8021000-7f16ec000000 ---p 00000000 00:00 0 
7f16f0000000-7f16f0021000 rw-p 00000000 00:00 0 
7f16f0021000-7f16f4000000 ---p 00000000 00:00 0 
7f16f4000000-7f16f4021000 rw-p 00000000 00:00 0 
7f16f4021000-7f16f8000000 ---p 00000000 00:00 0 
7f16f8000000-7f16f8cf7000 rw-p 00000000 00:00 0 
7f16f8cf7000-7f16fc000000 ---p 00000000 00:00 0 
7f16fc000000-7f16fc021000 rw-p 00000000 00:00 0 
7f16fc021000-7f1700000000 ---p 00000000 00:00 0 
7f1700000000-7f1700f36000 rw-p 00000000 00:00 0 
7f1700f36000-7f1704000000 ---p 00000000 00:00 0 
7f1708000000-7f1708021000 rw-p 00000000 00:00 0 
7f1708021000-7f170c000000 ---p 00000000 00:00 0 
7f170c000000-7f170cacc000 rw-p 00000000 00:00 0 
7f170cacc000-7f1710000000 ---p 00000000 00:00 0 
7f1710000000-7f1710021000 rw-p 00000000 00:00 0 
7f1710021000-7f1714000000 ---p 00000000 00:00 0 
7f1714000000-7f1714021000 rw-p 00000000 00:00 0 
7f1714021000-7f1718000000 ---p 00000000 00:00 0 
7f1718000000-7f1718021000 rw-p 00000000 00:00 0 
7f1718021000-7f171c000000 ---p 00000000 00:00 0 
7f171c000000-7f171c021000 rw-p 00000000 00:00 0 
7f171c021000-7f1720000000 ---p 00000000 00:00 0 
7f1720000000-7f1720021000 rw-p 00000000 00:00 0 
7f1720021000-7f1724000000 ---p 00000000 00:00 0 
7f1724000000-7f1724021000 rw-p 00000000 00:00 0 
7f1724021000-7f1728000000 ---p 00000000 00:00 0 
7f1728000000-7f1728021000 rw-p 00000000 00:00 0 
7f1728021000-7f172c000000 ---p 00000000 00:00 0 
7f172d39b000-7f172d51c000 r-xp 00000000 08:05 4857187                    /home/dmium/Downloads/JakStab/jkinder-jakstab-2555a70/bin/libcapstone.so
7f172d51c000-7f172d71b000 ---p 00181000 08:05 4857187                    /home/dmium/Downloads/JakStab/jkinder-jakstab-2555a70/bin/libcapstone.so
7f172d71b000-7f172d753000 r--p 00180000 08:05 4857187                    /home/dmium/Downloads/JakStab/jkinder-jakstab-2555a70/bin/libcapstone.so
7f172d753000-7f172d849000 rw-p 001b8000 08:05 4857187                    /home/dmium/Downloads/JakStab/jkinder-jakstab-2555a70/bin/libcapstone.so
7f172d849000-7f172d84c000 ---p 00000000 00:00 0 
7f172d84c000-7f172d882000 rw-p 00000000 00:00 0 
7f172d882000-7f172d899000 r-xp 00000000 00:26 198382                     /tmp/jna-95703960/jna3382296002036866834.tmp (deleted)
7f172d899000-7f172d998000 ---p 00017000 00:26 198382                     /tmp/jna-95703960/jna3382296002036866834.tmp (deleted)
7f172d998000-7f172d99a000 rw-p 00016000 00:26 198382                     /tmp/jna-95703960/jna3382296002036866834.tmp (deleted)
7f172d99a000-7f172d99f000 r--s 0009a000 08:05 1184003                    /usr/lib/jvm/java-8-openjdk/jre/lib/jsse.jar
7f172d99f000-7f172d9a1000 r--s 0001a000 08:05 3151942                    /home/dmium/Files/UniWork/WorkWork/UROP/Test/CapstoneTest/capstone.jar
7f172d9a1000-7f172d9a5000 r--s 00112000 08:05 3151945                    /home/dmium/Files/UniWork/WorkWork/UROP/Test/CapstoneTest/jna.jar
7f172d9a5000-7f172d9a7000 r--s 0000c000 08:05 1064883                    /usr/lib/eclipse/plugins/org.hamcrest.core_1.3.0.v201303031735.jar
7f172d9a7000-7f172d9aa000 ---p 00000000 00:00 0 
7f172d9aa000-7f172daa8000 rw-p 00000000 00:00 0 
7f172daa8000-7f172dab4000 r--s 00081000 08:05 4723274                    /home/dmium/Downloads/JakStab/jkinder-jakstab-2555a70/lib/google-collect-1.0.jar
7f172dab4000-7f172dab5000 ---p 00000000 00:00 0 
7f172dab5000-7f172dbb5000 rw-p 00000000 00:00 0 
7f172dbb5000-7f172dbb8000 ---p 00000000 00:00 0 
7f172dbb8000-7f172dcb6000 rw-p 00000000 00:00 0 
7f172dcb6000-7f172dcb9000 ---p 00000000 00:00 0 
7f172dcb9000-7f172ddb7000 rw-p 00000000 00:00 0 
7f172ddb7000-7f172ddba000 ---p 00000000 00:00 0 
7f172ddba000-7f172deb8000 rw-p 00000000 00:00 0 
7f172deb8000-7f172debb000 ---p 00000000 00:00 0 
7f172debb000-7f172dfb9000 rw-p 00000000 00:00 0 
7f172dfb9000-7f172dfbc000 ---p 00000000 00:00 0 
7f172dfbc000-7f172e0ba000 rw-p 00000000 00:00 0 
7f172e0ba000-7f172e0bd000 ---p 00000000 00:00 0 
7f172e0bd000-7f172e1bb000 rw-p 00000000 00:00 0 
7f172e1bb000-7f172e1be000 ---p 00000000 00:00 0 
7f172e1be000-7f172e2bc000 rw-p 00000000 00:00 0 
7f172e2bc000-7f172e2bd000 ---p 00000000 00:00 0 
7f172e2bd000-7f172f32f000 rw-p 00000000 00:00 0 
7f172f32f000-7f172f4fd000 r--s 03c07000 08:05 1184000                    /usr/lib/jvm/java-8-openjdk/jre/lib/rt.jar
7f172f4fd000-7f172fcf3000 rw-p 00000000 00:00 0 
7f172fcf3000-7f172fd73000 ---p 00000000 00:00 0 
7f172fd73000-7f1733eba000 rw-p 00000000 00:00 0 
7f1733eba000-7f1733ebb000 ---p 00000000 00:00 0 
7f1733ebb000-7f1733fbb000 rw-p 00000000 00:00 0 
7f1733fbb000-7f1733fbc000 ---p 00000000 00:00 0 
7f1733fbc000-7f17340bc000 rw-p 00000000 00:00 0 
7f17340bc000-7f17340bd000 ---p 00000000 00:00 0 
7f17340bd000-7f17341e7000 rw-p 00000000 00:00 0 
7f17341e7000-7f173444d000 ---p 00000000 00:00 0 
7f173444d000-7f1734477000 rw-p 00000000 00:00 0 
7f1734477000-7f17346dc000 ---p 00000000 00:00 0 
7f17346dc000-7f17346f1000 rw-p 00000000 00:00 0 
7f17346f1000-7f1734824000 ---p 00000000 00:00 0 
7f1734824000-7f1734837000 rw-p 00000000 00:00 0 
7f1734837000-7f1734be5000 ---p 00000000 00:00 0 
7f1734be5000-7f1735035000 rwxp 00000000 00:00 0 
7f1735035000-7f1743be5000 ---p 00000000 00:00 0 
7f1743be5000-7f1743bed000 r-xp 00000000 08:05 1184024                    /usr/lib/jvm/java-8-openjdk/jre/lib/amd64/libzip.so
7f1743bed000-7f1743dec000 ---p 00008000 08:05 1184024                    /usr/lib/jvm/java-8-openjdk/jre/lib/amd64/libzip.so
7f1743dec000-7f1743ded000 r--p 00007000 08:05 1184024                    /usr/lib/jvm/java-8-openjdk/jre/lib/amd64/libzip.so
7f1743ded000-7f1743dee000 rw-p 00008000 08:05 1184024                    /usr/lib/jvm/java-8-openjdk/jre/lib/amd64/libzip.so
7f1743dee000-7f1743df9000 r-xp 00000000 08:05 919639                     /usr/lib/libnss_files-2.25.so
7f1743df9000-7f1743ff8000 ---p 0000b000 08:05 919639                     /usr/lib/libnss_files-2.25.so
7f1743ff8000-7f1743ff9000 r--p 0000a000 08:05 919639                     /usr/lib/libnss_files-2.25.so
7f1743ff9000-7f1743ffa000 rw-p 0000b000 08:05 919639                     /usr/lib/libnss_files-2.25.so
7f1743ffa000-7f1744000000 rw-p 00000000 00:00 0 
7f1744000000-7f1744532000 rw-p 00000000 00:00 0 
7f1744532000-7f1748000000 ---p 00000000 00:00 0 
7f1748001000-7f1748009000 r--s 00045000 08:05 1074231                    /usr/lib/eclipse/plugins/org.junit_4.12.0.v201504281640/junit.jar
7f1748009000-7f1748056000 rw-p 00000000 00:00 0 
7f1748056000-7f1748057000 ---p 00000000 00:00 0 
7f1748057000-7f1748157000 rw-p 00000000 00:00 0 
7f1748157000-7f1748162000 r-xp 00000000 08:05 919635                     /usr/lib/libnss_nis-2.25.so
7f1748162000-7f1748361000 ---p 0000b000 08:05 919635                     /usr/lib/libnss_nis-2.25.so
7f1748361000-7f1748362000 r--p 0000a000 08:05 919635                     /usr/lib/libnss_nis-2.25.so
7f1748362000-7f1748363000 rw-p 0000b000 08:05 919635                     /usr/lib/libnss_nis-2.25.so
7f1748363000-7f1748378000 r-xp 00000000 08:05 919627                     /usr/lib/libnsl-2.25.so
7f1748378000-7f1748577000 ---p 00015000 08:05 919627                     /usr/lib/libnsl-2.25.so
7f1748577000-7f1748578000 r--p 00014000 08:05 919627                     /usr/lib/libnsl-2.25.so
7f1748578000-7f1748579000 rw-p 00015000 08:05 919627                     /usr/lib/libnsl-2.25.so
7f1748579000-7f174857b000 rw-p 00000000 00:00 0 
7f174857b000-7f1748582000 r-xp 00000000 08:05 919645                     /usr/lib/libnss_compat-2.25.so
7f1748582000-7f1748781000 ---p 00007000 08:05 919645                     /usr/lib/libnss_compat-2.25.so
7f1748781000-7f1748782000 r--p 00006000 08:05 919645                     /usr/lib/libnss_compat-2.25.so
7f1748782000-7f1748783000 rw-p 00007000 08:05 919645                     /usr/lib/libnss_compat-2.25.so
7f1748783000-7f17487b0000 r-xp 00000000 08:05 1184025                    /usr/lib/jvm/java-8-openjdk/jre/lib/amd64/libjava.so
7f17487b0000-7f17489af000 ---p 0002d000 08:05 1184025                    /usr/lib/jvm/java-8-openjdk/jre/lib/amd64/libjava.so
7f17489af000-7f17489b0000 r--p 0002c000 08:05 1184025                    /usr/lib/jvm/java-8-openjdk/jre/lib/amd64/libjava.so
7f17489b0000-7f17489b2000 rw-p 0002d000 08:05 1184025                    /usr/lib/jvm/java-8-openjdk/jre/lib/amd64/libjava.so
7f17489b2000-7f17489bf000 r-xp 00000000 08:05 1184013                    /usr/lib/jvm/java-8-openjdk/jre/lib/amd64/libverify.so
7f17489bf000-7f1748bbe000 ---p 0000d000 08:05 1184013                    /usr/lib/jvm/java-8-openjdk/jre/lib/amd64/libverify.so
7f1748bbe000-7f1748bc0000 r--p 0000c000 08:05 1184013                    /usr/lib/jvm/java-8-openjdk/jre/lib/amd64/libverify.so
7f1748bc0000-7f1748bc1000 rw-p 0000e000 08:05 1184013                    /usr/lib/jvm/java-8-openjdk/jre/lib/amd64/libverify.so
7f1748bc1000-7f1748bc8000 r-xp 00000000 08:05 919581                     /usr/lib/librt-2.25.so
7f1748bc8000-7f1748dc7000 ---p 00007000 08:05 919581                     /usr/lib/librt-2.25.so
7f1748dc7000-7f1748dc8000 r--p 00006000 08:05 919581                     /usr/lib/librt-2.25.so
7f1748dc8000-7f1748dc9000 rw-p 00007000 08:05 919581                     /usr/lib/librt-2.25.so
7f1748dc9000-7f1748ed9000 r-xp 00000000 08:05 919629                     /usr/lib/libm-2.25.so
7f1748ed9000-7f17490d9000 ---p 00110000 08:05 919629                     /usr/lib/libm-2.25.so
7f17490d9000-7f17490da000 r--p 00110000 08:05 919629                     /usr/lib/libm-2.25.so
7f17490da000-7f17490db000 rw-p 00111000 08:05 919629                     /usr/lib/libm-2.25.so
7f17490db000-7f1749d44000 r-xp 00000000 08:05 1583582                    /usr/lib/jvm/java-8-openjdk/jre/lib/amd64/server/libjvm.so
7f1749d44000-7f1749f43000 ---p 00c69000 08:05 1583582                    /usr/lib/jvm/java-8-openjdk/jre/lib/amd64/server/libjvm.so
7f1749f43000-7f1749fd7000 r--p 00c68000 08:05 1583582                    /usr/lib/jvm/java-8-openjdk/jre/lib/amd64/server/libjvm.so
7f1749fd7000-7f1749fff000 rw-p 00cfc000 08:05 1583582                    /usr/lib/jvm/java-8-openjdk/jre/lib/amd64/server/libjvm.so
7f1749fff000-7f174a030000 rw-p 00000000 00:00 0 
7f174a030000-7f174a1cc000 r-xp 00000000 08:05 919713                     /usr/lib/libc-2.25.so
7f174a1cc000-7f174a3cb000 ---p 0019c000 08:05 919713                     /usr/lib/libc-2.25.so
7f174a3cb000-7f174a3cf000 r--p 0019b000 08:05 919713                     /usr/lib/libc-2.25.so
7f174a3cf000-7f174a3d1000 rw-p 0019f000 08:05 919713                     /usr/lib/libc-2.25.so
7f174a3d1000-7f174a3d5000 rw-p 00000000 00:00 0 
7f174a3d5000-7f174a3d8000 r-xp 00000000 08:05 919631                     /usr/lib/libdl-2.25.so
7f174a3d8000-7f174a5d7000 ---p 00003000 08:05 919631                     /usr/lib/libdl-2.25.so
7f174a5d7000-7f174a5d8000 r--p 00002000 08:05 919631                     /usr/lib/libdl-2.25.so
7f174a5d8000-7f174a5d9000 rw-p 00003000 08:05 919631                     /usr/lib/libdl-2.25.so
7f174a5d9000-7f174a5e6000 r-xp 00000000 08:05 1583585                    /usr/lib/jvm/java-8-openjdk/jre/lib/amd64/jli/libjli.so
7f174a5e6000-7f174a7e5000 ---p 0000d000 08:05 1583585                    /usr/lib/jvm/java-8-openjdk/jre/lib/amd64/jli/libjli.so
7f174a7e5000-7f174a7e6000 r--p 0000c000 08:05 1583585                    /usr/lib/jvm/java-8-openjdk/jre/lib/amd64/jli/libjli.so
7f174a7e6000-7f174a7e7000 rw-p 0000d000 08:05 1583585                    /usr/lib/jvm/java-8-openjdk/jre/lib/amd64/jli/libjli.so
7f174a7e7000-7f174a7fd000 r-xp 00000000 08:05 928147                     /usr/lib/libz.so.1.2.11
7f174a7fd000-7f174a9fc000 ---p 00016000 08:05 928147                     /usr/lib/libz.so.1.2.11
7f174a9fc000-7f174a9fd000 r--p 00015000 08:05 928147                     /usr/lib/libz.so.1.2.11
7f174a9fd000-7f174a9fe000 rw-p 00016000 08:05 928147                     /usr/lib/libz.so.1.2.11
7f174a9fe000-7f174aa17000 r-xp 00000000 08:05 919733                     /usr/lib/libpthread-2.25.so
7f174aa17000-7f174ac16000 ---p 00019000 08:05 919733                     /usr/lib/libpthread-2.25.so
7f174ac16000-7f174ac17000 r--p 00018000 08:05 919733                     /usr/lib/libpthread-2.25.so
7f174ac17000-7f174ac18000 rw-p 00019000 08:05 919733                     /usr/lib/libpthread-2.25.so
7f174ac18000-7f174ac1c000 rw-p 00000000 00:00 0 
7f174ac1c000-7f174ac3f000 r-xp 00000000 08:05 919714                     /usr/lib/ld-2.25.so
7f174ac3f000-7f174ad0a000 rw-p 00000000 00:00 0 
7f174ad0a000-7f174ad0d000 ---p 00000000 00:00 0 
7f174ad0d000-7f174ae0d000 rw-p 00000000 00:00 0 
7f174ae0d000-7f174ae12000 r--s 00068000 08:05 4723272                    /home/dmium/Downloads/JakStab/jkinder-jakstab-2555a70/lib/antlr.jar
7f174ae12000-7f174ae33000 rw-p 00000000 00:00 0 
7f174ae33000-7f174ae3b000 rw-s 00000000 00:26 200816                     /tmp/hsperfdata_dmium/2511
7f174ae3b000-7f174ae3c000 rw-p 00000000 00:00 0 
7f174ae3c000-7f174ae3d000 r--p 00000000 00:00 0 
7f174ae3d000-7f174ae3f000 rw-p 00000000 00:00 0 
7f174ae3f000-7f174ae40000 r--p 00023000 08:05 919714                     /usr/lib/ld-2.25.so
7f174ae40000-7f174ae41000 rw-p 00024000 08:05 919714                     /usr/lib/ld-2.25.so
7f174ae41000-7f174ae42000 rw-p 00000000 00:00 0 
7ffd9acac000-7ffd9accd000 rw-p 00000000 00:00 0                          [stack]
7ffd9aced000-7ffd9acef000 r--p 00000000 00:00 0                          [vvar]
7ffd9acef000-7ffd9acf1000 r-xp 00000000 00:00 0                          [vdso]
ffffffffff600000-ffffffffff601000 r-xp 00000000 00:00 0                  [vsyscall]

VM Arguments:
jvm_args: -Dfile.encoding=ANSI_X3.4-1968 
java_command: org.jakstab.Main -m input/bin/simple.exe
java_class_path (initial): /home/dmium/Downloads/JakStab/jkinder-jakstab-2555a70/bin:/home/dmium/Downloads/JakStab/jkinder-jakstab-2555a70/lib/antlr.jar:/home/dmium/Downloads/JakStab/jkinder-jakstab-2555a70/lib/google-collect-1.0.jar:/usr/lib/eclipse/plugins/org.junit_4.12.0.v201504281640/junit.jar:/usr/lib/eclipse/plugins/org.hamcrest.core_1.3.0.v201303031735.jar:/home/dmium/Files/UniWork/WorkWork/UROP/Test/CapstoneTest/jna.jar:/home/dmium/Files/UniWork/WorkWork/UROP/Test/CapstoneTest/capstone.jar
Launcher Type: SUN_STANDARD

Environment Variables:
PATH=/usr/local/sbin:/usr/local/bin:/usr/bin:/home/dmium/bin:/usr/lib/jvm/default/bin:/usr/bin/site_perl:/usr/bin/vendor_perl:/usr/bin/core_perl
SHELL=/bin/bash
DISPLAY=:0

Signal Handlers:
SIGSEGV: [libjvm.so+0xa69be0], sa_mask[0]=11111111011111111101111111111110, sa_flags=SA_RESTART|SA_SIGINFO
SIGBUS: [libjvm.so+0xa69be0], sa_mask[0]=11111111011111111101111111111110, sa_flags=SA_RESTART|SA_SIGINFO
SIGFPE: [libjvm.so+0x8aad70], sa_mask[0]=11111111011111111101111111111110, sa_flags=SA_RESTART|SA_SIGINFO
SIGPIPE: [libjvm.so+0x8aad70], sa_mask[0]=11111111011111111101111111111110, sa_flags=SA_RESTART|SA_SIGINFO
SIGXFSZ: [libjvm.so+0x8aad70], sa_mask[0]=11111111011111111101111111111110, sa_flags=SA_RESTART|SA_SIGINFO
SIGILL: [libjvm.so+0x8aad70], sa_mask[0]=11111111011111111101111111111110, sa_flags=SA_RESTART|SA_SIGINFO
SIGUSR1: SIG_DFL, sa_mask[0]=00000000000000000000000000000000, sa_flags=none
SIGUSR2: [libjvm.so+0x8aac40], sa_mask[0]=00100000000000000000000000000000, sa_flags=SA_RESTART|SA_SIGINFO
SIGHUP: [libjvm.so+0x8ab0a0], sa_mask[0]=11111111011111111101111111111110, sa_flags=SA_RESTART|SA_SIGINFO
SIGINT: SIG_IGN, sa_mask[0]=00000000000000000000000000000000, sa_flags=none
SIGTERM: [libjvm.so+0x8ab0a0], sa_mask[0]=11111111011111111101111111111110, sa_flags=SA_RESTART|SA_SIGINFO
SIGQUIT: [libjvm.so+0x8ab0a0], sa_mask[0]=11111111011111111101111111111110, sa_flags=SA_RESTART|SA_SIGINFO


---------------  S Y S T E M  ---------------

OS:LSB_VERSION=1.4
DISTRIB_ID=Arch
DISTRIB_RELEASE=rolling
DISTRIB_DESCRIPTION="Arch Linux"

uname:Linux 4.11.7-1-ARCH #1 SMP PREEMPT Sat Jun 24 09:07:09 CEST 2017 x86_64
libc:glibc 2.25 NPTL 2.25 
rlimit: STACK 8192k, CORE infinity, NPROC 31204, NOFILE 4096, AS infinity
load average:0.98 0.90 0.77

/proc/meminfo:
MemTotal:        8050108 kB
MemFree:         2758812 kB
MemAvailable:    4708576 kB
Buffers:          100484 kB
Cached:          2371928 kB
SwapCached:            0 kB
Active:          3073572 kB
Inactive:        1908272 kB
Active(anon):    2513404 kB
Inactive(anon):   360228 kB
Active(file):     560168 kB
Inactive(file):  1548044 kB
Unevictable:           0 kB
Mlocked:               0 kB
SwapTotal:             0 kB
SwapFree:              0 kB
Dirty:               244 kB
Writeback:             0 kB
AnonPages:       2465240 kB
Mapped:           712300 kB
Shmem:            364204 kB
Slab:             164200 kB
SReclaimable:     132220 kB
SUnreclaim:        31980 kB
KernelStack:        8992 kB
PageTables:        35144 kB
NFS_Unstable:          0 kB
Bounce:                0 kB
WritebackTmp:          0 kB
CommitLimit:     4025052 kB
Committed_AS:    6112860 kB
VmallocTotal:   34359738367 kB
VmallocUsed:           0 kB
VmallocChunk:          0 kB
HardwareCorrupted:     0 kB
AnonHugePages:    985088 kB
ShmemHugePages:        0 kB
ShmemPmdMapped:        0 kB
HugePages_Total:       0
HugePages_Free:        0
HugePages_Rsvd:        0
HugePages_Surp:        0
Hugepagesize:       2048 kB
DirectMap4k:      123276 kB
DirectMap2M:     7088128 kB
DirectMap1G:     1048576 kB


CPU:total 4 (initial active 4) (2 cores per cpu, 2 threads per core) family 6 model 78 stepping 3, cmov, cx8, fxsr, mmx, sse, sse2, sse3, ssse3, sse4.1, sse4.2, popcnt, avx, avx2, aes, clmul, erms, 3dnowpref, lzcnt, ht, tsc, tscinvbit, bmi1, bmi2, adx

/proc/cpuinfo:
processor	: 0
vendor_id	: GenuineIntel
cpu family	: 6
model		: 78
model name	: Intel(R) Core(TM) i5-6200U CPU @ 2.30GHz
stepping	: 3
microcode	: 0x84
cpu MHz		: 2699.853
cache size	: 3072 KB
physical id	: 0
siblings	: 4
core id		: 0
cpu cores	: 2
apicid		: 0
initial apicid	: 0
fpu		: yes
fpu_exception	: yes
cpuid level	: 22
wp		: yes
flags		: fpu vme de pse tsc msr pae mce cx8 apic sep mtrr pge mca cmov pat pse36 clflush dts acpi mmx fxsr sse sse2 ss ht tm pbe syscall nx pdpe1gb rdtscp lm constant_tsc art arch_perfmon pebs bts rep_good nopl xtopology nonstop_tsc cpuid aperfmperf tsc_known_freq pni pclmulqdq dtes64 monitor ds_cpl vmx est tm2 ssse3 sdbg fma cx16 xtpr pdcm pcid sse4_1 sse4_2 x2apic movbe popcnt tsc_deadline_timer aes xsave avx f16c rdrand lahf_lm abm 3dnowprefetch epb intel_pt tpr_shadow vnmi flexpriority ept vpid fsgsbase tsc_adjust bmi1 avx2 smep bmi2 erms invpcid mpx rdseed adx smap clflushopt xsaveopt xsavec xgetbv1 xsaves dtherm ida arat pln pts hwp hwp_notify hwp_act_window hwp_epp
bugs		:
bogomips	: 4801.00
clflush size	: 64
cache_alignment	: 64
address sizes	: 39 bits physical, 48 bits virtual
power management:

processor	: 1
vendor_id	: GenuineIntel
cpu family	: 6
model		: 78
model name	: Intel(R) Core(TM) i5-6200U CPU @ 2.30GHz
stepping	: 3
microcode	: 0x84
cpu MHz		: 2700.000
cache size	: 3072 KB
physical id	: 0
siblings	: 4
core id		: 1
cpu cores	: 2
apicid		: 2
initial apicid	: 2
fpu		: yes
fpu_exception	: yes
cpuid level	: 22
wp		: yes
flags		: fpu vme de pse tsc msr pae mce cx8 apic sep mtrr pge mca cmov pat pse36 clflush dts acpi mmx fxsr sse sse2 ss ht tm pbe syscall nx pdpe1gb rdtscp lm constant_tsc art arch_perfmon pebs bts rep_good nopl xtopology nonstop_tsc cpuid aperfmperf tsc_known_freq pni pclmulqdq dtes64 monitor ds_cpl vmx est tm2 ssse3 sdbg fma cx16 xtpr pdcm pcid sse4_1 sse4_2 x2apic movbe popcnt tsc_deadline_timer aes xsave avx f16c rdrand lahf_lm abm 3dnowprefetch epb intel_pt tpr_shadow vnmi flexpriority ept vpid fsgsbase tsc_adjust bmi1 avx2 smep bmi2 erms invpcid mpx rdseed adx smap clflushopt xsaveopt xsavec xgetbv1 xsaves dtherm ida arat pln pts hwp hwp_notify hwp_act_window hwp_epp
bugs		:
bogomips	: 4803.35
clflush size	: 64
cache_alignment	: 64
address sizes	: 39 bits physical, 48 bits virtual
power management:

processor	: 2
vendor_id	: GenuineIntel
cpu family	: 6
model		: 78
model name	: Intel(R) Core(TM) i5-6200U CPU @ 2.30GHz
stepping	: 3
microcode	: 0x84
cpu MHz		: 2700.000
cache size	: 3072 KB
physical id	: 0
siblings	: 4
core id		: 0
cpu cores	: 2
apicid		: 1
initial apicid	: 1
fpu		: yes
fpu_exception	: yes
cpuid level	: 22
wp		: yes
flags		: fpu vme de pse tsc msr pae mce cx8 apic sep mtrr pge mca cmov pat pse36 clflush dts acpi mmx fxsr sse sse2 ss ht tm pbe syscall nx pdpe1gb rdtscp lm constant_tsc art arch_perfmon pebs bts rep_good nopl xtopology nonstop_tsc cpuid aperfmperf tsc_known_freq pni pclmulqdq dtes64 monitor ds_cpl vmx est tm2 ssse3 sdbg fma cx16 xtpr pdcm pcid sse4_1 sse4_2 x2apic movbe popcnt tsc_deadline_timer aes xsave avx f16c rdrand lahf_lm abm 3dnowprefetch epb intel_pt tpr_shadow vnmi flexpriority ept vpid fsgsbase tsc_adjust bmi1 avx2 smep bmi2 erms invpcid mpx rdseed adx smap clflushopt xsaveopt xsavec xgetbv1 xsaves dtherm ida arat pln pts hwp hwp_notify hwp_act_window hwp_epp
bugs		:
bogomips	: 4803.93
clflush size	: 64
cache_alignment	: 64
address sizes	: 39 bits physical, 48 bits virtual
power management:

processor	: 3
vendor_id	: GenuineIntel
cpu family	: 6
model		: 78
model name	: Intel(R) Core(TM) i5-6200U CPU @ 2.30GHz
stepping	: 3
microcode	: 0x84
cpu MHz		: 2699.853
cache size	: 3072 KB
physical id	: 0
siblings	: 4
core id		: 1
cpu cores	: 2
apicid		: 3
initial apicid	: 3
fpu		: yes
fpu_exception	: yes
cpuid level	: 22
wp		: yes
flags		: fpu vme de pse tsc msr pae mce cx8 apic sep mtrr pge mca cmov pat pse36 clflush dts acpi mmx fxsr sse sse2 ss ht tm pbe syscall nx pdpe1gb rdtscp lm constant_tsc art arch_perfmon pebs bts rep_good nopl xtopology nonstop_tsc cpuid aperfmperf tsc_known_freq pni pclmulqdq dtes64 monitor ds_cpl vmx est tm2 ssse3 sdbg fma cx16 xtpr pdcm pcid sse4_1 sse4_2 x2apic movbe popcnt tsc_deadline_timer aes xsave avx f16c rdrand lahf_lm abm 3dnowprefetch epb intel_pt tpr_shadow vnmi flexpriority ept vpid fsgsbase tsc_adjust bmi1 avx2 smep bmi2 erms invpcid mpx rdseed adx smap clflushopt xsaveopt xsavec xgetbv1 xsaves dtherm ida arat pln pts hwp hwp_notify hwp_act_window hwp_epp
bugs		:
bogomips	: 4803.46
clflush size	: 64
cache_alignment	: 64
address sizes	: 39 bits physical, 48 bits virtual
power management:



Memory: 4k page, physical 8050108k(2758812k free), swap 0k(0k free)

vm_info: OpenJDK 64-Bit Server VM (25.131-b11) for linux-amd64 JRE (1.8.0_131-b11), built on Jun 10 2017 08:19:59 by "builduser" with gcc 7.1.1 20170516

time: Thu Jul  6 09:32:34 2017
elapsed time: 0 seconds (0d 0h 0m 0s)

