#
# A fatal error has been detected by the Java Runtime Environment:
#
#  SIGSEGV (0xb) at pc=0x00007fb075a63efe, pid=14510, tid=0x00007fb09b523700
#
# JRE version: OpenJDK Runtime Environment (8.0_131-b11) (build 1.8.0_131-b11)
# Java VM: OpenJDK 64-Bit Server VM (25.131-b11 mixed mode linux-amd64 compressed oops)
# Problematic frame:
# C  [libcapstone.so+0x41efe]  cs_reg_name+0xe
#
# Core dump written. Default location: /home/dmium/Downloads/JakStab/jkinder-jakstab-2555a70/core or core.14510
#
# If you would like to submit a bug report, please visit:
#   http://bugreport.java.com/bugreport/crash.jsp
# The crash happened outside the Java Virtual Machine in native code.
# See problematic frame for where to report the bug.
#

---------------  T H R E A D  ---------------

Current thread (0x00007fb09400a000):  JavaThread "main" [_thread_in_native, id=14514, stack(0x00007fb09b423000,0x00007fb09b524000)]

siginfo: si_signo: 11 (SIGSEGV), si_code: 128 (SI_KERNEL), si_addr: 0x0000000000000000

Registers:
RAX=0x614a2f7364616f00, RBX=0x00007fb09b521688, RCX=0x0000000000000000, RDX=0x0000000000000002
RSP=0x00007fb09b521558, RBP=0x00007fb09b521560, RSI=0x000000000000002a, RDI=0x00007fb09457ea90
R8 =0x0000000000000000, R9 =0x00007fb0944fa2a0, R10=0x00007fb09b5214b0, R11=0x00007fb075a63ef0
R12=0xfffffffffffffffc, R13=0x00007fb09b521f60, R14=0x00007fb09b5214b0, R15=0x0000000000000002
RIP=0x00007fb075a63efe, EFLAGS=0x0000000000010206, CSGSFS=0x002b000000000033, ERR=0x0000000000000000
  TRAPNO=0x000000000000000d

Top of Stack: (sp=0x00007fb09b521558)
0x00007fb09b521558:   00007fb075ee265c 000000000000000e
0x00007fb09b521568:   00007fb09b521fe0 00007fb09b521650
0x00007fb09b521578:   00007fb075ee2164 0000000000000008
0x00007fb09b521588:   00007fb09b521f60 0000000000000000
0x00007fb09b521598:   00007fb09b5216e0 00007fb09b521630
0x00007fb09b5215a8:   00007fb09b52161c 00007fb09b521618
0x00007fb09b5215b8:   00007fb09b521600 00007fb09b521660
0x00007fb09b5215c8:   00007fb09b521fe0 00007fb075a63ef0
0x00007fb09b5215d8:   00007fb09b521560 00007fb09b521680
0x00007fb09b5215e8:   0000000000000002 0000000200000002
0x00007fb09b5215f8:   0000000000000001 00007fb000000002
0x00007fb09b521608:   00007fb094078ba8 00007fb09b5216f0
0x00007fb09b521618:   0000000100000000 00007fb09b521690
0x00007fb09b521628:   0000000000000000 00007fb09b5216f0
0x00007fb09b521638:   00007fb09b521670 00007fb09b521690
0x00007fb09b521648:   0000000000000002 00007fb09b521fd0
0x00007fb09b521658:   00007fb075ed5870 00007fb09b5216e0
0x00007fb09b521668:   00007fb09b5216e8 0000000000000000
0x00007fb09b521678:   00007fb09b521820 00007fb075ee4ed0
0x00007fb09b521688:   00007fb075ee4f10 00007fb0944fa2a0
0x00007fb09b521698:   00007fb09400a000 00007fb09aaef040
0x00007fb09b5216a8:   00007fb09aaef054 0000000000000000
0x00007fb09b5216b8:   00007fb09a86fc24 0000000000000000
0x00007fb09b5216c8:   00007fb09400a000 00007fb09b5216f0
0x00007fb09b5216d8:   00007fb099e6234b 00007fb09457ea90
0x00007fb09b5216e8:   000000000000002a 00007fb09b521fd0
0x00007fb09b5216f8:   00007fb075ed5709 00007fb094000950
0x00007fb09b521708:   00007fb09b521f60 00007fb09b521fe0
0x00007fb09b521718:   00007fb075ee4eb0 00007fb09b522080
0x00007fb09b521728:   00000000371d188e 00007fb075a63ef0
0x00007fb09b521738:   00007fb09400a1e0 00007fb09b5216a0
0x00007fb09b521748:   00007fb09b521680 00007fb09b521660 

Instructions: (pc=0x00007fb075a63efe)
0x00007fb075a63ede:   0f 85 63 fe ff ff c6 43 42 00 e9 b3 fe ff ff 0f
0x00007fb075a63eee:   1f 00 48 85 ff 74 0b 48 8b 47 30 48 85 c0 74 02
0x00007fb075a63efe:   ff e0 31 c0 c3 0f 1f 00 66 2e 0f 1f 84 00 00 00
0x00007fb075a63f0e:   00 00 48 85 ff 74 0b 48 8b 47 38 48 85 c0 74 02 

Register to memory mapping:

RAX=0x614a2f7364616f00 is an unknown value
RBX=0x00007fb09b521688 is pointing into the stack for thread: 0x00007fb09400a000
RCX=0x0000000000000000 is an unknown value
RDX=0x0000000000000002 is an unknown value
RSP=0x00007fb09b521558 is pointing into the stack for thread: 0x00007fb09400a000
RBP=0x00007fb09b521560 is pointing into the stack for thread: 0x00007fb09400a000
RSI=0x000000000000002a is an unknown value
RDI=0x00007fb09457ea90 is an unknown value
R8 =0x0000000000000000 is an unknown value
R9 =0x00007fb0944fa2a0 is an unknown value
R10=0x00007fb09b5214b0 is pointing into the stack for thread: 0x00007fb09400a000
R11=0x00007fb075a63ef0: cs_reg_name+0 in /home/dmium/Downloads/JakStab/jkinder-jakstab-2555a70/bin/libcapstone.so at 0x00007fb075a22000
R12=0xfffffffffffffffc is an unknown value
R13=0x00007fb09b521f60 is pointing into the stack for thread: 0x00007fb09400a000
R14=0x00007fb09b5214b0 is pointing into the stack for thread: 0x00007fb09400a000
R15=0x0000000000000002 is an unknown value


Stack: [0x00007fb09b423000,0x00007fb09b524000],  sp=0x00007fb09b521558,  free space=1017k
Native frames: (J=compiled Java code, j=interpreted, Vv=VM code, C=native code)
C  [libcapstone.so+0x41efe]  cs_reg_name+0xe
C  0x00007fb09b521fe0

Java frames: (J=compiled Java code, j=interpreted, Vv=VM code)
j  com.sun.jna.Native.invokePointer(JI[Ljava/lang/Object;)J+0
j  com.sun.jna.Function.invokePointer(I[Ljava/lang/Object;)Lcom/sun/jna/Pointer;+6
j  com.sun.jna.Function.invokeString(I[Ljava/lang/Object;Z)Ljava/lang/String;+3
j  com.sun.jna.Function.invoke([Ljava/lang/Object;Ljava/lang/Class;Z)Ljava/lang/Object;+354
j  com.sun.jna.Function.invoke(Ljava/lang/reflect/Method;[Ljava/lang/Class;Ljava/lang/Class;[Ljava/lang/Object;Ljava/util/Map;)Ljava/lang/Object;+249
j  com.sun.jna.Library$Handler.invoke(Ljava/lang/Object;Ljava/lang/reflect/Method;[Ljava/lang/Object;)Ljava/lang/Object;+348
j  capstone.$Proxy0.cs_reg_name(Lcom/sun/jna/NativeLong;I)Ljava/lang/String;+23
j  capstone.Capstone$CsInsn.regName(I)Ljava/lang/String;+9
j  org.jakstab.disasm.x86.X86Disassembler.decodeInstruction(J)Lorg/jakstab/asm/Instruction;+629
j  org.jakstab.Program.getInstruction(Lorg/jakstab/asm/AbsoluteAddress;)Lorg/jakstab/asm/Instruction;+181
j  org.jakstab.Program.getStatement(Lorg/jakstab/cfa/RTLLabel;)Lorg/jakstab/rtl/statements/RTLStatement;+20
j  org.jakstab.cfa.ResolvingTransformerFactory.getTransformers(Lorg/jakstab/analysis/AbstractState;)Ljava/util/Set;+12
j  org.jakstab.analysis.CPAAlgorithm.run()V+582
j  org.jakstab.analysis.ControlFlowReconstruction.run()V+13
j  org.jakstab.Main.runAlgorithm(Lorg/jakstab/Algorithm;)V+5
j  org.jakstab.Main.main([Ljava/lang/String;)V+564
v  ~StubRoutines::call_stub

---------------  P R O C E S S  ---------------

Java Threads: ( => current thread )
  0x00007fb094566000 JavaThread "process reaper" daemon [_thread_blocked, id=14531, stack(0x00007fb07c089000,0x00007fb07c0c2000)]
  0x00007fb094458800 JavaThread "Thread-1" [_thread_in_native, id=14529, stack(0x00007fb075fe8000,0x00007fb0760e9000)]
  0x00007fb0940c7000 JavaThread "Service Thread" daemon [_thread_blocked, id=14527, stack(0x00007fb0761ea000,0x00007fb0762eb000)]
  0x00007fb0940bc000 JavaThread "C1 CompilerThread2" daemon [_thread_blocked, id=14526, stack(0x00007fb0762eb000,0x00007fb0763ec000)]
  0x00007fb0940ba000 JavaThread "C2 CompilerThread1" daemon [_thread_in_native, id=14525, stack(0x00007fb0763ec000,0x00007fb0764ed000)]
  0x00007fb0940b7000 JavaThread "C2 CompilerThread0" daemon [_thread_in_native, id=14524, stack(0x00007fb0764ed000,0x00007fb0765ee000)]
  0x00007fb0940b5800 JavaThread "Signal Dispatcher" daemon [_thread_blocked, id=14523, stack(0x00007fb0765ee000,0x00007fb0766ef000)]
  0x00007fb094083800 JavaThread "Finalizer" daemon [_thread_blocked, id=14522, stack(0x00007fb0766ef000,0x00007fb0767f0000)]
  0x00007fb09407f000 JavaThread "Reference Handler" daemon [_thread_blocked, id=14521, stack(0x00007fb0767f0000,0x00007fb0768f1000)]
=>0x00007fb09400a000 JavaThread "main" [_thread_in_native, id=14514, stack(0x00007fb09b423000,0x00007fb09b524000)]

Other Threads:
  0x00007fb094077800 VMThread [stack: 0x00007fb0768f1000,0x00007fb0769f2000] [id=14520]
  0x00007fb0940c9800 WatcherThread [stack: 0x00007fb0760e9000,0x00007fb0761ea000] [id=14528]

VM state:not at safepoint (normal execution)

VM Mutex/Monitor currently owned by a thread: None

Heap:
 PSYoungGen      total 36864K, used 5381K [0x00000000d7100000, 0x00000000d9a00000, 0x0000000100000000)
  eden space 31744K, 6% used [0x00000000d7100000,0x00000000d7324e90,0x00000000d9000000)
  from space 5120K, 62% used [0x00000000d9000000,0x00000000d931c680,0x00000000d9500000)
  to   space 5120K, 0% used [0x00000000d9500000,0x00000000d9500000,0x00000000d9a00000)
 ParOldGen       total 84992K, used 16K [0x0000000085200000, 0x000000008a500000, 0x00000000d7100000)
  object space 84992K, 0% used [0x0000000085200000,0x0000000085204000,0x000000008a500000)
 Metaspace       used 8246K, capacity 8488K, committed 8704K, reserved 1056768K
  class space    used 911K, capacity 996K, committed 1024K, reserved 1048576K

Card table byte_map: [0x00007fb084c28000,0x00007fb085000000] byte_map_base: 0x00007fb0847ff000

Marking Bits: (ParMarkBitMap*) 0x00007fb09a72c0c0
 Begin Bits: [0x00007fb07c290000, 0x00007fb07e148000)
 End Bits:   [0x00007fb07e148000, 0x00007fb080000000)

Polling page: 0x00007fb09b555000

CodeCache: size=245760Kb used=4597Kb max_used=4597Kb free=241162Kb
 bounds [0x00007fb085000000, 0x00007fb085480000, 0x00007fb094000000]
 total_blobs=1272 nmethods=967 adapters=220
 compilation: enabled

Compilation events (10 events):
Event: 0.842 Thread 0x00007fb0940bc000 nmethod 987 0x00007fb085477310 code [0x00007fb085477700, 0x00007fb085478958]
Event: 0.842 Thread 0x00007fb0940bc000  988       2       sun.reflect.UnsafeIntegerFieldAccessorImpl::get (13 bytes)
Event: 0.842 Thread 0x00007fb0940bc000 nmethod 988 0x00007fb085479dd0 code [0x00007fb085479f80, 0x00007fb08547a338]
Event: 0.842 Thread 0x00007fb0940bc000  989       2       sun.reflect.UnsafeIntegerFieldAccessorImpl::getInt (17 bytes)
Event: 0.843 Thread 0x00007fb0940bc000 nmethod 989 0x00007fb08547a750 code [0x00007fb08547a900, 0x00007fb08547ac38]
Event: 0.843 Thread 0x00007fb0940bc000  985       2       com.sun.jna.Structure::getNativeAlignment (388 bytes)
Event: 0.845 Thread 0x00007fb0940bc000 nmethod 985 0x00007fb08547af50 code [0x00007fb08547b240, 0x00007fb08547bd08]
Event: 0.845 Thread 0x00007fb0940bc000  986       2       com.sun.jna.Structure$StructField::<init> (15 bytes)
Event: 0.845 Thread 0x00007fb0940bc000 nmethod 986 0x00007fb08547c510 code [0x00007fb08547c660, 0x00007fb08547c7b0]
Event: 0.845 Thread 0x00007fb0940bc000  990       2       java.lang.Exception::<init> (6 bytes)

GC Heap History (2 events):
Event: 0.813 GC heap before
{Heap before GC invocations=1 (full 0):
 PSYoungGen      total 36864K, used 31744K [0x00000000d7100000, 0x00000000d9a00000, 0x0000000100000000)
  eden space 31744K, 100% used [0x00000000d7100000,0x00000000d9000000,0x00000000d9000000)
  from space 5120K, 0% used [0x00000000d9500000,0x00000000d9500000,0x00000000d9a00000)
  to   space 5120K, 0% used [0x00000000d9000000,0x00000000d9000000,0x00000000d9500000)
 ParOldGen       total 84992K, used 0K [0x0000000085200000, 0x000000008a500000, 0x00000000d7100000)
  object space 84992K, 0% used [0x0000000085200000,0x0000000085200000,0x000000008a500000)
 Metaspace       used 8156K, capacity 8328K, committed 8448K, reserved 1056768K
  class space    used 892K, capacity 964K, committed 1024K, reserved 1048576K
Event: 0.821 GC heap after
Heap after GC invocations=1 (full 0):
 PSYoungGen      total 36864K, used 3185K [0x00000000d7100000, 0x00000000d9a00000, 0x0000000100000000)
  eden space 31744K, 0% used [0x00000000d7100000,0x00000000d7100000,0x00000000d9000000)
  from space 5120K, 62% used [0x00000000d9000000,0x00000000d931c680,0x00000000d9500000)
  to   space 5120K, 0% used [0x00000000d9500000,0x00000000d9500000,0x00000000d9a00000)
 ParOldGen       total 84992K, used 16K [0x0000000085200000, 0x000000008a500000, 0x00000000d7100000)
  object space 84992K, 0% used [0x0000000085200000,0x0000000085204000,0x000000008a500000)
 Metaspace       used 8156K, capacity 8328K, committed 8448K, reserved 1056768K
  class space    used 892K, capacity 964K, committed 1024K, reserved 1048576K
}

Deoptimization events (10 events):
Event: 0.272 Thread 0x00007fb09400a000 Uncommon trap: reason=unstable_if action=reinterpret pc=0x00007fb085197170 method=antlr.ANTLRStringBuffer.append(C)V @ 9
Event: 0.350 Thread 0x00007fb09400a000 Uncommon trap: reason=unstable_if action=reinterpret pc=0x00007fb085219a50 method=antlr.Parser.match(I)V @ 6
Event: 0.372 Thread 0x00007fb09400a000 Uncommon trap: reason=unstable_if action=reinterpret pc=0x00007fb0851942bc method=antlr.collections.impl.BitSet.member(I)Z @ 11
Event: 0.531 Thread 0x00007fb09400a000 Uncommon trap: reason=class_check action=maybe_recompile pc=0x00007fb08521d73c method=java.util.Hashtable.get(Ljava/lang/Object;)Ljava/lang/Object; @ 6
Event: 0.538 Thread 0x00007fb09400a000 Uncommon trap: reason=unstable_if action=reinterpret pc=0x00007fb08515cd78 method=java.lang.String.indexOf([CII[CIII)I @ 123
Event: 0.542 Thread 0x00007fb09400a000 Uncommon trap: reason=unstable_if action=reinterpret pc=0x00007fb085198b2c method=java.lang.Class.newInstance()Ljava/lang/Object; @ 19
Event: 0.542 Thread 0x00007fb09400a000 Uncommon trap: reason=unstable_if action=reinterpret pc=0x00007fb08519c2cc method=java.lang.reflect.Constructor.newInstance([Ljava/lang/Object;)Ljava/lang/Object; @ 69
Event: 0.575 Thread 0x00007fb09400a000 Uncommon trap: reason=class_check action=maybe_recompile pc=0x00007fb08521d73c method=java.util.Hashtable.get(Ljava/lang/Object;)Ljava/lang/Object; @ 6
Event: 0.575 Thread 0x00007fb09400a000 Uncommon trap: reason=class_check action=maybe_recompile pc=0x00007fb08521d73c method=java.util.Hashtable.get(Ljava/lang/Object;)Ljava/lang/Object; @ 6
Event: 0.575 Thread 0x00007fb09400a000 Uncommon trap: reason=class_check action=maybe_recompile pc=0x00007fb08521d73c method=java.util.Hashtable.get(Ljava/lang/Object;)Ljava/lang/Object; @ 6

Internal exceptions (10 events):
Event: 0.079 Thread 0x00007fb09400a000 Exception <a 'java/security/PrivilegedActionException'> (0x00000000d725ea00) thrown at [/build/java8-openjdk/src/jdk8u-jdk8u131-b11/hotspot/src/share/vm/prims/jvm.cpp, line 1390]
Event: 0.080 Thread 0x00007fb09400a000 Exception <a 'java/security/PrivilegedActionException'> (0x00000000d7260638) thrown at [/build/java8-openjdk/src/jdk8u-jdk8u131-b11/hotspot/src/share/vm/prims/jvm.cpp, line 1390]
Event: 0.080 Thread 0x00007fb09400a000 Exception <a 'java/security/PrivilegedActionException'> (0x00000000d7260848) thrown at [/build/java8-openjdk/src/jdk8u-jdk8u131-b11/hotspot/src/share/vm/prims/jvm.cpp, line 1390]
Event: 0.080 Thread 0x00007fb09400a000 Exception <a 'java/security/PrivilegedActionException'> (0x00000000d7261220) thrown at [/build/java8-openjdk/src/jdk8u-jdk8u131-b11/hotspot/src/share/vm/prims/jvm.cpp, line 1390]
Event: 0.080 Thread 0x00007fb09400a000 Exception <a 'java/security/PrivilegedActionException'> (0x00000000d7261430) thrown at [/build/java8-openjdk/src/jdk8u-jdk8u131-b11/hotspot/src/share/vm/prims/jvm.cpp, line 1390]
Event: 0.542 Thread 0x00007fb09400a000 Implicit null exception at 0x00007fb08519c0e6 to 0x00007fb08519c2bd
Event: 0.669 Thread 0x00007fb09400a000 Exception <a 'java/lang/NoSuchFieldError': method resolution failed> (0x00000000d86b72c8) thrown at [/build/java8-openjdk/src/jdk8u-jdk8u131-b11/hotspot/src/share/vm/prims/methodHandles.cpp, line 1146]
Event: 0.671 Thread 0x00007fb09400a000 Exception <a 'java/lang/NoSuchFieldError': method resolution failed> (0x00000000d86c49e8) thrown at [/build/java8-openjdk/src/jdk8u-jdk8u131-b11/hotspot/src/share/vm/prims/methodHandles.cpp, line 1146]
Event: 0.718 Thread 0x00007fb09400a000 Exception <a 'java/lang/UnsatisfiedLinkError': libcapstone.so: cannot open shared object file: No such file or directory> (0x00000000d87f5d90) thrown at [/build/java8-openjdk/src/jdk8u-jdk8u131-b11/hotspot/src/share/vm/prims/jni.cpp, line 735]
Event: 0.719 Thread 0x00007fb09400a000 Exception <a 'java/lang/UnsatisfiedLinkError': libcapstone.so: cannot open shared object file: No such file or directory> (0x00000000d87f6f80) thrown at [/build/java8-openjdk/src/jdk8u-jdk8u131-b11/hotspot/src/share/vm/prims/jni.cpp, line 735]

Events (10 events):
Event: 0.829 loading class capstone/Xcore$OpValue
Event: 0.829 loading class capstone/Xcore$OpValue done
Event: 0.829 loading class capstone/Xcore$MemType
Event: 0.829 loading class capstone/Xcore$MemType done
Event: 0.843 loading class org/jakstab/asm/x86/X86Registers
Event: 0.843 loading class org/jakstab/asm/x86/X86Registers done
Event: 0.844 loading class org/jakstab/asm/x86/X86RegisterPart
Event: 0.844 loading class org/jakstab/asm/x86/X86RegisterPart done
Event: 0.844 loading class org/jakstab/asm/DataType
Event: 0.844 loading class org/jakstab/asm/DataType done


Dynamic libraries:
00400000-00401000 r-xp 00000000 08:05 1183989                            /usr/lib/jvm/java-8-openjdk/jre/bin/java
00600000-00601000 r--p 00000000 08:05 1183989                            /usr/lib/jvm/java-8-openjdk/jre/bin/java
00601000-00602000 rw-p 00001000 08:05 1183989                            /usr/lib/jvm/java-8-openjdk/jre/bin/java
00ba0000-00bc1000 rw-p 00000000 00:00 0                                  [heap]
85200000-8a500000 rw-p 00000000 00:00 0 
8a500000-d7100000 ---p 00000000 00:00 0 
d7100000-d9a00000 rw-p 00000000 00:00 0 
d9a00000-100000000 ---p 00000000 00:00 0 
100000000-100100000 rw-p 00000000 00:00 0 
100100000-140000000 ---p 00000000 00:00 0 
7fb040000000-7fb040021000 rw-p 00000000 00:00 0 
7fb040021000-7fb044000000 ---p 00000000 00:00 0 
7fb044000000-7fb044021000 rw-p 00000000 00:00 0 
7fb044021000-7fb048000000 ---p 00000000 00:00 0 
7fb048000000-7fb048021000 rw-p 00000000 00:00 0 
7fb048021000-7fb04c000000 ---p 00000000 00:00 0 
7fb04c000000-7fb04c021000 rw-p 00000000 00:00 0 
7fb04c021000-7fb050000000 ---p 00000000 00:00 0 
7fb050000000-7fb050c8c000 rw-p 00000000 00:00 0 
7fb050c8c000-7fb054000000 ---p 00000000 00:00 0 
7fb054000000-7fb054e85000 rw-p 00000000 00:00 0 
7fb054e85000-7fb058000000 ---p 00000000 00:00 0 
7fb058000000-7fb058021000 rw-p 00000000 00:00 0 
7fb058021000-7fb05c000000 ---p 00000000 00:00 0 
7fb05c000000-7fb05cbbb000 rw-p 00000000 00:00 0 
7fb05cbbb000-7fb060000000 ---p 00000000 00:00 0 
7fb060000000-7fb060021000 rw-p 00000000 00:00 0 
7fb060021000-7fb064000000 ---p 00000000 00:00 0 
7fb064000000-7fb064021000 rw-p 00000000 00:00 0 
7fb064021000-7fb068000000 ---p 00000000 00:00 0 
7fb068000000-7fb068021000 rw-p 00000000 00:00 0 
7fb068021000-7fb06c000000 ---p 00000000 00:00 0 
7fb06c000000-7fb06c021000 rw-p 00000000 00:00 0 
7fb06c021000-7fb070000000 ---p 00000000 00:00 0 
7fb070000000-7fb070021000 rw-p 00000000 00:00 0 
7fb070021000-7fb074000000 ---p 00000000 00:00 0 
7fb075a22000-7fb075ba3000 r-xp 00000000 08:05 4857187                    /home/dmium/Downloads/JakStab/jkinder-jakstab-2555a70/bin/libcapstone.so
7fb075ba3000-7fb075da2000 ---p 00181000 08:05 4857187                    /home/dmium/Downloads/JakStab/jkinder-jakstab-2555a70/bin/libcapstone.so
7fb075da2000-7fb075dda000 r--p 00180000 08:05 4857187                    /home/dmium/Downloads/JakStab/jkinder-jakstab-2555a70/bin/libcapstone.so
7fb075dda000-7fb075ed0000 rw-p 001b8000 08:05 4857187                    /home/dmium/Downloads/JakStab/jkinder-jakstab-2555a70/bin/libcapstone.so
7fb075ed0000-7fb075ee7000 r-xp 00000000 00:26 2061295                    /tmp/jna-95703960/jna7030144379293503373.tmp (deleted)
7fb075ee7000-7fb075fe6000 ---p 00017000 00:26 2061295                    /tmp/jna-95703960/jna7030144379293503373.tmp (deleted)
7fb075fe6000-7fb075fe8000 rw-p 00016000 00:26 2061295                    /tmp/jna-95703960/jna7030144379293503373.tmp (deleted)
7fb075fe8000-7fb075feb000 ---p 00000000 00:00 0 
7fb075feb000-7fb0760e9000 rw-p 00000000 00:00 0 
7fb0760e9000-7fb0760ea000 ---p 00000000 00:00 0 
7fb0760ea000-7fb0761ea000 rw-p 00000000 00:00 0 
7fb0761ea000-7fb0761ed000 ---p 00000000 00:00 0 
7fb0761ed000-7fb0762eb000 rw-p 00000000 00:00 0 
7fb0762eb000-7fb0762ee000 ---p 00000000 00:00 0 
7fb0762ee000-7fb0763ec000 rw-p 00000000 00:00 0 
7fb0763ec000-7fb0763ef000 ---p 00000000 00:00 0 
7fb0763ef000-7fb0764ed000 rw-p 00000000 00:00 0 
7fb0764ed000-7fb0764f0000 ---p 00000000 00:00 0 
7fb0764f0000-7fb0765ee000 rw-p 00000000 00:00 0 
7fb0765ee000-7fb0765f1000 ---p 00000000 00:00 0 
7fb0765f1000-7fb0766ef000 rw-p 00000000 00:00 0 
7fb0766ef000-7fb0766f2000 ---p 00000000 00:00 0 
7fb0766f2000-7fb0767f0000 rw-p 00000000 00:00 0 
7fb0767f0000-7fb0767f3000 ---p 00000000 00:00 0 
7fb0767f3000-7fb0768f1000 rw-p 00000000 00:00 0 
7fb0768f1000-7fb0768f2000 ---p 00000000 00:00 0 
7fb0768f2000-7fb077f80000 rw-p 00000000 00:00 0 
7fb077f80000-7fb078000000 ---p 00000000 00:00 0 
7fb078000000-7fb078021000 rw-p 00000000 00:00 0 
7fb078021000-7fb07c000000 ---p 00000000 00:00 0 
7fb07c089000-7fb07c08c000 ---p 00000000 00:00 0 
7fb07c08c000-7fb07c0c2000 rw-p 00000000 00:00 0 
7fb07c0c2000-7fb07c290000 r--s 03c07000 08:05 1184000                    /usr/lib/jvm/java-8-openjdk/jre/lib/rt.jar
7fb07c290000-7fb080000000 rw-p 00000000 00:00 0 
7fb080000000-7fb080021000 rw-p 00000000 00:00 0 
7fb080021000-7fb084000000 ---p 00000000 00:00 0 
7fb084007000-7fb08400c000 r--s 0009a000 08:05 1184003                    /usr/lib/jvm/java-8-openjdk/jre/lib/jsse.jar
7fb08400c000-7fb084594000 rw-p 00000000 00:00 0 
7fb084594000-7fb084595000 ---p 00000000 00:00 0 
7fb084595000-7fb084695000 rw-p 00000000 00:00 0 
7fb084695000-7fb084696000 ---p 00000000 00:00 0 
7fb084696000-7fb084796000 rw-p 00000000 00:00 0 
7fb084796000-7fb084797000 ---p 00000000 00:00 0 
7fb084797000-7fb084897000 rw-p 00000000 00:00 0 
7fb084897000-7fb084898000 ---p 00000000 00:00 0 
7fb084898000-7fb0849c2000 rw-p 00000000 00:00 0 
7fb0849c2000-7fb084c28000 ---p 00000000 00:00 0 
7fb084c28000-7fb084c52000 rw-p 00000000 00:00 0 
7fb084c52000-7fb084eb7000 ---p 00000000 00:00 0 
7fb084eb7000-7fb084ecc000 rw-p 00000000 00:00 0 
7fb084ecc000-7fb084fff000 ---p 00000000 00:00 0 
7fb084fff000-7fb085000000 rw-p 00000000 00:00 0 
7fb085000000-7fb085480000 rwxp 00000000 00:00 0 
7fb085480000-7fb094000000 ---p 00000000 00:00 0 
7fb094000000-7fb094634000 rw-p 00000000 00:00 0 
7fb094634000-7fb098000000 ---p 00000000 00:00 0 
7fb098003000-7fb098005000 r--s 0001a000 08:05 3151942                    /home/dmium/Files/UniWork/WorkWork/UROP/Test/CapstoneTest/capstone.jar
7fb098005000-7fb098009000 r--s 00112000 08:05 3151945                    /home/dmium/Files/UniWork/WorkWork/UROP/Test/CapstoneTest/jna.jar
7fb098009000-7fb09800b000 r--s 0000c000 08:05 1064883                    /usr/lib/eclipse/plugins/org.hamcrest.core_1.3.0.v201303031735.jar
7fb09800b000-7fb098013000 r--s 00045000 08:05 1074231                    /usr/lib/eclipse/plugins/org.junit_4.12.0.v201504281640/junit.jar
7fb098013000-7fb09801f000 r--s 00081000 08:05 4723274                    /home/dmium/Downloads/JakStab/jkinder-jakstab-2555a70/lib/google-collect-1.0.jar
7fb09801f000-7fb0980a7000 rw-p 00000000 00:00 0 
7fb0980a7000-7fb098455000 ---p 00000000 00:00 0 
7fb098455000-7fb09845d000 r-xp 00000000 08:05 1184024                    /usr/lib/jvm/java-8-openjdk/jre/lib/amd64/libzip.so
7fb09845d000-7fb09865c000 ---p 00008000 08:05 1184024                    /usr/lib/jvm/java-8-openjdk/jre/lib/amd64/libzip.so
7fb09865c000-7fb09865d000 r--p 00007000 08:05 1184024                    /usr/lib/jvm/java-8-openjdk/jre/lib/amd64/libzip.so
7fb09865d000-7fb09865e000 rw-p 00008000 08:05 1184024                    /usr/lib/jvm/java-8-openjdk/jre/lib/amd64/libzip.so
7fb09865e000-7fb098669000 r-xp 00000000 08:05 919639                     /usr/lib/libnss_files-2.25.so
7fb098669000-7fb098868000 ---p 0000b000 08:05 919639                     /usr/lib/libnss_files-2.25.so
7fb098868000-7fb098869000 r--p 0000a000 08:05 919639                     /usr/lib/libnss_files-2.25.so
7fb098869000-7fb09886a000 rw-p 0000b000 08:05 919639                     /usr/lib/libnss_files-2.25.so
7fb09886a000-7fb098870000 rw-p 00000000 00:00 0 
7fb098870000-7fb09887b000 r-xp 00000000 08:05 919635                     /usr/lib/libnss_nis-2.25.so
7fb09887b000-7fb098a7a000 ---p 0000b000 08:05 919635                     /usr/lib/libnss_nis-2.25.so
7fb098a7a000-7fb098a7b000 r--p 0000a000 08:05 919635                     /usr/lib/libnss_nis-2.25.so
7fb098a7b000-7fb098a7c000 rw-p 0000b000 08:05 919635                     /usr/lib/libnss_nis-2.25.so
7fb098a7c000-7fb098a91000 r-xp 00000000 08:05 919627                     /usr/lib/libnsl-2.25.so
7fb098a91000-7fb098c90000 ---p 00015000 08:05 919627                     /usr/lib/libnsl-2.25.so
7fb098c90000-7fb098c91000 r--p 00014000 08:05 919627                     /usr/lib/libnsl-2.25.so
7fb098c91000-7fb098c92000 rw-p 00015000 08:05 919627                     /usr/lib/libnsl-2.25.so
7fb098c92000-7fb098c94000 rw-p 00000000 00:00 0 
7fb098c94000-7fb098c9b000 r-xp 00000000 08:05 919645                     /usr/lib/libnss_compat-2.25.so
7fb098c9b000-7fb098e9a000 ---p 00007000 08:05 919645                     /usr/lib/libnss_compat-2.25.so
7fb098e9a000-7fb098e9b000 r--p 00006000 08:05 919645                     /usr/lib/libnss_compat-2.25.so
7fb098e9b000-7fb098e9c000 rw-p 00007000 08:05 919645                     /usr/lib/libnss_compat-2.25.so
7fb098e9c000-7fb098ec9000 r-xp 00000000 08:05 1184025                    /usr/lib/jvm/java-8-openjdk/jre/lib/amd64/libjava.so
7fb098ec9000-7fb0990c8000 ---p 0002d000 08:05 1184025                    /usr/lib/jvm/java-8-openjdk/jre/lib/amd64/libjava.so
7fb0990c8000-7fb0990c9000 r--p 0002c000 08:05 1184025                    /usr/lib/jvm/java-8-openjdk/jre/lib/amd64/libjava.so
7fb0990c9000-7fb0990cb000 rw-p 0002d000 08:05 1184025                    /usr/lib/jvm/java-8-openjdk/jre/lib/amd64/libjava.so
7fb0990cb000-7fb0990d8000 r-xp 00000000 08:05 1184013                    /usr/lib/jvm/java-8-openjdk/jre/lib/amd64/libverify.so
7fb0990d8000-7fb0992d7000 ---p 0000d000 08:05 1184013                    /usr/lib/jvm/java-8-openjdk/jre/lib/amd64/libverify.so
7fb0992d7000-7fb0992d9000 r--p 0000c000 08:05 1184013                    /usr/lib/jvm/java-8-openjdk/jre/lib/amd64/libverify.so
7fb0992d9000-7fb0992da000 rw-p 0000e000 08:05 1184013                    /usr/lib/jvm/java-8-openjdk/jre/lib/amd64/libverify.so
7fb0992da000-7fb0992e1000 r-xp 00000000 08:05 919581                     /usr/lib/librt-2.25.so
7fb0992e1000-7fb0994e0000 ---p 00007000 08:05 919581                     /usr/lib/librt-2.25.so
7fb0994e0000-7fb0994e1000 r--p 00006000 08:05 919581                     /usr/lib/librt-2.25.so
7fb0994e1000-7fb0994e2000 rw-p 00007000 08:05 919581                     /usr/lib/librt-2.25.so
7fb0994e2000-7fb0995f2000 r-xp 00000000 08:05 919629                     /usr/lib/libm-2.25.so
7fb0995f2000-7fb0997f2000 ---p 00110000 08:05 919629                     /usr/lib/libm-2.25.so
7fb0997f2000-7fb0997f3000 r--p 00110000 08:05 919629                     /usr/lib/libm-2.25.so
7fb0997f3000-7fb0997f4000 rw-p 00111000 08:05 919629                     /usr/lib/libm-2.25.so
7fb0997f4000-7fb09a45d000 r-xp 00000000 08:05 1583582                    /usr/lib/jvm/java-8-openjdk/jre/lib/amd64/server/libjvm.so
7fb09a45d000-7fb09a65c000 ---p 00c69000 08:05 1583582                    /usr/lib/jvm/java-8-openjdk/jre/lib/amd64/server/libjvm.so
7fb09a65c000-7fb09a6f0000 r--p 00c68000 08:05 1583582                    /usr/lib/jvm/java-8-openjdk/jre/lib/amd64/server/libjvm.so
7fb09a6f0000-7fb09a718000 rw-p 00cfc000 08:05 1583582                    /usr/lib/jvm/java-8-openjdk/jre/lib/amd64/server/libjvm.so
7fb09a718000-7fb09a749000 rw-p 00000000 00:00 0 
7fb09a749000-7fb09a8e5000 r-xp 00000000 08:05 919713                     /usr/lib/libc-2.25.so
7fb09a8e5000-7fb09aae4000 ---p 0019c000 08:05 919713                     /usr/lib/libc-2.25.so
7fb09aae4000-7fb09aae8000 r--p 0019b000 08:05 919713                     /usr/lib/libc-2.25.so
7fb09aae8000-7fb09aaea000 rw-p 0019f000 08:05 919713                     /usr/lib/libc-2.25.so
7fb09aaea000-7fb09aaee000 rw-p 00000000 00:00 0 
7fb09aaee000-7fb09aaf1000 r-xp 00000000 08:05 919631                     /usr/lib/libdl-2.25.so
7fb09aaf1000-7fb09acf0000 ---p 00003000 08:05 919631                     /usr/lib/libdl-2.25.so
7fb09acf0000-7fb09acf1000 r--p 00002000 08:05 919631                     /usr/lib/libdl-2.25.so
7fb09acf1000-7fb09acf2000 rw-p 00003000 08:05 919631                     /usr/lib/libdl-2.25.so
7fb09acf2000-7fb09acff000 r-xp 00000000 08:05 1583585                    /usr/lib/jvm/java-8-openjdk/jre/lib/amd64/jli/libjli.so
7fb09acff000-7fb09aefe000 ---p 0000d000 08:05 1583585                    /usr/lib/jvm/java-8-openjdk/jre/lib/amd64/jli/libjli.so
7fb09aefe000-7fb09aeff000 r--p 0000c000 08:05 1583585                    /usr/lib/jvm/java-8-openjdk/jre/lib/amd64/jli/libjli.so
7fb09aeff000-7fb09af00000 rw-p 0000d000 08:05 1583585                    /usr/lib/jvm/java-8-openjdk/jre/lib/amd64/jli/libjli.so
7fb09af00000-7fb09af16000 r-xp 00000000 08:05 928147                     /usr/lib/libz.so.1.2.11
7fb09af16000-7fb09b115000 ---p 00016000 08:05 928147                     /usr/lib/libz.so.1.2.11
7fb09b115000-7fb09b116000 r--p 00015000 08:05 928147                     /usr/lib/libz.so.1.2.11
7fb09b116000-7fb09b117000 rw-p 00016000 08:05 928147                     /usr/lib/libz.so.1.2.11
7fb09b117000-7fb09b130000 r-xp 00000000 08:05 919733                     /usr/lib/libpthread-2.25.so
7fb09b130000-7fb09b32f000 ---p 00019000 08:05 919733                     /usr/lib/libpthread-2.25.so
7fb09b32f000-7fb09b330000 r--p 00018000 08:05 919733                     /usr/lib/libpthread-2.25.so
7fb09b330000-7fb09b331000 rw-p 00019000 08:05 919733                     /usr/lib/libpthread-2.25.so
7fb09b331000-7fb09b335000 rw-p 00000000 00:00 0 
7fb09b335000-7fb09b358000 r-xp 00000000 08:05 919714                     /usr/lib/ld-2.25.so
7fb09b358000-7fb09b423000 rw-p 00000000 00:00 0 
7fb09b423000-7fb09b426000 ---p 00000000 00:00 0 
7fb09b426000-7fb09b526000 rw-p 00000000 00:00 0 
7fb09b526000-7fb09b52b000 r--s 00068000 08:05 4723272                    /home/dmium/Downloads/JakStab/jkinder-jakstab-2555a70/lib/antlr.jar
7fb09b52b000-7fb09b54c000 rw-p 00000000 00:00 0 
7fb09b54c000-7fb09b554000 rw-s 00000000 00:26 2063321                    /tmp/hsperfdata_dmium/14510
7fb09b554000-7fb09b555000 rw-p 00000000 00:00 0 
7fb09b555000-7fb09b556000 r--p 00000000 00:00 0 
7fb09b556000-7fb09b558000 rw-p 00000000 00:00 0 
7fb09b558000-7fb09b559000 r--p 00023000 08:05 919714                     /usr/lib/ld-2.25.so
7fb09b559000-7fb09b55a000 rw-p 00024000 08:05 919714                     /usr/lib/ld-2.25.so
7fb09b55a000-7fb09b55b000 rw-p 00000000 00:00 0 
7ffdcf791000-7ffdcf7b2000 rw-p 00000000 00:00 0                          [stack]
7ffdcf7c1000-7ffdcf7c3000 r--p 00000000 00:00 0                          [vvar]
7ffdcf7c3000-7ffdcf7c5000 r-xp 00000000 00:00 0                          [vdso]
ffffffffff600000-ffffffffff601000 r-xp 00000000 00:00 0                  [vsyscall]

VM Arguments:
jvm_args: -Dfile.encoding=ANSI_X3.4-1968 
java_command: org.jakstab.Main -m input/bin/simple.exe
java_class_path (initial): /home/dmium/Downloads/JakStab/jkinder-jakstab-2555a70/bin:/home/dmium/Downloads/JakStab/jkinder-jakstab-2555a70/lib/antlr.jar:/home/dmium/Downloads/JakStab/jkinder-jakstab-2555a70/lib/google-collect-1.0.jar:/usr/lib/eclipse/plugins/org.junit_4.12.0.v201504281640/junit.jar:/usr/lib/eclipse/plugins/org.hamcrest.core_1.3.0.v201303031735.jar:/home/dmium/Files/UniWork/WorkWork/UROP/Test/CapstoneTest/jna.jar:/home/dmium/Files/UniWork/WorkWork/UROP/Test/CapstoneTest/capstone.jar
Launcher Type: SUN_STANDARD

Environment Variables:
PATH=/usr/local/sbin:/usr/local/bin:/usr/bin:/home/dmium/bin:/usr/lib/jvm/default/bin:/usr/bin/site_perl:/usr/bin/vendor_perl:/usr/bin/core_perl
SHELL=/bin/bash
DISPLAY=:0

Signal Handlers:
SIGSEGV: [libjvm.so+0xa69be0], sa_mask[0]=11111111011111111101111111111110, sa_flags=SA_RESTART|SA_SIGINFO
SIGBUS: [libjvm.so+0xa69be0], sa_mask[0]=11111111011111111101111111111110, sa_flags=SA_RESTART|SA_SIGINFO
SIGFPE: [libjvm.so+0x8aad70], sa_mask[0]=11111111011111111101111111111110, sa_flags=SA_RESTART|SA_SIGINFO
SIGPIPE: [libjvm.so+0x8aad70], sa_mask[0]=11111111011111111101111111111110, sa_flags=SA_RESTART|SA_SIGINFO
SIGXFSZ: [libjvm.so+0x8aad70], sa_mask[0]=11111111011111111101111111111110, sa_flags=SA_RESTART|SA_SIGINFO
SIGILL: [libjvm.so+0x8aad70], sa_mask[0]=11111111011111111101111111111110, sa_flags=SA_RESTART|SA_SIGINFO
SIGUSR1: SIG_DFL, sa_mask[0]=00000000000000000000000000000000, sa_flags=none
SIGUSR2: [libjvm.so+0x8aac40], sa_mask[0]=00100000000000000000000000000000, sa_flags=SA_RESTART|SA_SIGINFO
SIGHUP: [libjvm.so+0x8ab0a0], sa_mask[0]=11111111011111111101111111111110, sa_flags=SA_RESTART|SA_SIGINFO
SIGINT: SIG_IGN, sa_mask[0]=00000000000000000000000000000000, sa_flags=none
SIGTERM: [libjvm.so+0x8ab0a0], sa_mask[0]=11111111011111111101111111111110, sa_flags=SA_RESTART|SA_SIGINFO
SIGQUIT: [libjvm.so+0x8ab0a0], sa_mask[0]=11111111011111111101111111111110, sa_flags=SA_RESTART|SA_SIGINFO


---------------  S Y S T E M  ---------------

OS:LSB_VERSION=1.4
DISTRIB_ID=Arch
DISTRIB_RELEASE=rolling
DISTRIB_DESCRIPTION="Arch Linux"

uname:Linux 4.11.7-1-ARCH #1 SMP PREEMPT Sat Jun 24 09:07:09 CEST 2017 x86_64
libc:glibc 2.25 NPTL 2.25 
rlimit: STACK 8192k, CORE infinity, NPROC 31204, NOFILE 4096, AS infinity
load average:1.37 1.43 1.24

/proc/meminfo:
MemTotal:        8050108 kB
MemFree:          573796 kB
MemAvailable:    3228928 kB
Buffers:          144192 kB
Cached:          3281828 kB
SwapCached:            0 kB
Active:          4660388 kB
Inactive:        2449468 kB
Active(anon):    3695520 kB
Inactive(anon):   611004 kB
Active(file):     964868 kB
Inactive(file):  1838464 kB
Unevictable:           0 kB
Mlocked:               0 kB
SwapTotal:             0 kB
SwapFree:              0 kB
Dirty:               248 kB
Writeback:             0 kB
AnonPages:       3553352 kB
Mapped:           965388 kB
Shmem:            622692 kB
Slab:             194848 kB
SReclaimable:     152720 kB
SUnreclaim:        42128 kB
KernelStack:       12648 kB
PageTables:        49576 kB
NFS_Unstable:          0 kB
Bounce:                0 kB
WritebackTmp:          0 kB
CommitLimit:     4025052 kB
Committed_AS:    9209084 kB
VmallocTotal:   34359738367 kB
VmallocUsed:           0 kB
VmallocChunk:          0 kB
HardwareCorrupted:     0 kB
AnonHugePages:   1486848 kB
ShmemHugePages:        0 kB
ShmemPmdMapped:        0 kB
HugePages_Total:       0
HugePages_Free:        0
HugePages_Rsvd:        0
HugePages_Surp:        0
Hugepagesize:       2048 kB
DirectMap4k:      199052 kB
DirectMap2M:     8060928 kB
DirectMap1G:           0 kB


CPU:total 4 (initial active 4) (2 cores per cpu, 2 threads per core) family 6 model 78 stepping 3, cmov, cx8, fxsr, mmx, sse, sse2, sse3, ssse3, sse4.1, sse4.2, popcnt, avx, avx2, aes, clmul, erms, 3dnowpref, lzcnt, ht, tsc, tscinvbit, bmi1, bmi2, adx

/proc/cpuinfo:
processor	: 0
vendor_id	: GenuineIntel
cpu family	: 6
model		: 78
model name	: Intel(R) Core(TM) i5-6200U CPU @ 2.30GHz
stepping	: 3
microcode	: 0x84
cpu MHz		: 2633.203
cache size	: 3072 KB
physical id	: 0
siblings	: 4
core id		: 0
cpu cores	: 2
apicid		: 0
initial apicid	: 0
fpu		: yes
fpu_exception	: yes
cpuid level	: 22
wp		: yes
flags		: fpu vme de pse tsc msr pae mce cx8 apic sep mtrr pge mca cmov pat pse36 clflush dts acpi mmx fxsr sse sse2 ss ht tm pbe syscall nx pdpe1gb rdtscp lm constant_tsc art arch_perfmon pebs bts rep_good nopl xtopology nonstop_tsc cpuid aperfmperf tsc_known_freq pni pclmulqdq dtes64 monitor ds_cpl vmx est tm2 ssse3 sdbg fma cx16 xtpr pdcm pcid sse4_1 sse4_2 x2apic movbe popcnt tsc_deadline_timer aes xsave avx f16c rdrand lahf_lm abm 3dnowprefetch epb intel_pt tpr_shadow vnmi flexpriority ept vpid fsgsbase tsc_adjust bmi1 avx2 smep bmi2 erms invpcid mpx rdseed adx smap clflushopt xsaveopt xsavec xgetbv1 xsaves dtherm ida arat pln pts hwp hwp_notify hwp_act_window hwp_epp
bugs		:
bogomips	: 4801.00
clflush size	: 64
cache_alignment	: 64
address sizes	: 39 bits physical, 48 bits virtual
power management:

processor	: 1
vendor_id	: GenuineIntel
cpu family	: 6
model		: 78
model name	: Intel(R) Core(TM) i5-6200U CPU @ 2.30GHz
stepping	: 3
microcode	: 0x84
cpu MHz		: 2667.480
cache size	: 3072 KB
physical id	: 0
siblings	: 4
core id		: 1
cpu cores	: 2
apicid		: 2
initial apicid	: 2
fpu		: yes
fpu_exception	: yes
cpuid level	: 22
wp		: yes
flags		: fpu vme de pse tsc msr pae mce cx8 apic sep mtrr pge mca cmov pat pse36 clflush dts acpi mmx fxsr sse sse2 ss ht tm pbe syscall nx pdpe1gb rdtscp lm constant_tsc art arch_perfmon pebs bts rep_good nopl xtopology nonstop_tsc cpuid aperfmperf tsc_known_freq pni pclmulqdq dtes64 monitor ds_cpl vmx est tm2 ssse3 sdbg fma cx16 xtpr pdcm pcid sse4_1 sse4_2 x2apic movbe popcnt tsc_deadline_timer aes xsave avx f16c rdrand lahf_lm abm 3dnowprefetch epb intel_pt tpr_shadow vnmi flexpriority ept vpid fsgsbase tsc_adjust bmi1 avx2 smep bmi2 erms invpcid mpx rdseed adx smap clflushopt xsaveopt xsavec xgetbv1 xsaves dtherm ida arat pln pts hwp hwp_notify hwp_act_window hwp_epp
bugs		:
bogomips	: 4803.38
clflush size	: 64
cache_alignment	: 64
address sizes	: 39 bits physical, 48 bits virtual
power management:

processor	: 2
vendor_id	: GenuineIntel
cpu family	: 6
model		: 78
model name	: Intel(R) Core(TM) i5-6200U CPU @ 2.30GHz
stepping	: 3
microcode	: 0x84
cpu MHz		: 2625.000
cache size	: 3072 KB
physical id	: 0
siblings	: 4
core id		: 0
cpu cores	: 2
apicid		: 1
initial apicid	: 1
fpu		: yes
fpu_exception	: yes
cpuid level	: 22
wp		: yes
flags		: fpu vme de pse tsc msr pae mce cx8 apic sep mtrr pge mca cmov pat pse36 clflush dts acpi mmx fxsr sse sse2 ss ht tm pbe syscall nx pdpe1gb rdtscp lm constant_tsc art arch_perfmon pebs bts rep_good nopl xtopology nonstop_tsc cpuid aperfmperf tsc_known_freq pni pclmulqdq dtes64 monitor ds_cpl vmx est tm2 ssse3 sdbg fma cx16 xtpr pdcm pcid sse4_1 sse4_2 x2apic movbe popcnt tsc_deadline_timer aes xsave avx f16c rdrand lahf_lm abm 3dnowprefetch epb intel_pt tpr_shadow vnmi flexpriority ept vpid fsgsbase tsc_adjust bmi1 avx2 smep bmi2 erms invpcid mpx rdseed adx smap clflushopt xsaveopt xsavec xgetbv1 xsaves dtherm ida arat pln pts hwp hwp_notify hwp_act_window hwp_epp
bugs		:
bogomips	: 4803.96
clflush size	: 64
cache_alignment	: 64
address sizes	: 39 bits physical, 48 bits virtual
power management:

processor	: 3
vendor_id	: GenuineIntel
cpu family	: 6
model		: 78
model name	: Intel(R) Core(TM) i5-6200U CPU @ 2.30GHz
stepping	: 3
microcode	: 0x84
cpu MHz		: 2620.898
cache size	: 3072 KB
physical id	: 0
siblings	: 4
core id		: 1
cpu cores	: 2
apicid		: 3
initial apicid	: 3
fpu		: yes
fpu_exception	: yes
cpuid level	: 22
wp		: yes
flags		: fpu vme de pse tsc msr pae mce cx8 apic sep mtrr pge mca cmov pat pse36 clflush dts acpi mmx fxsr sse sse2 ss ht tm pbe syscall nx pdpe1gb rdtscp lm constant_tsc art arch_perfmon pebs bts rep_good nopl xtopology nonstop_tsc cpuid aperfmperf tsc_known_freq pni pclmulqdq dtes64 monitor ds_cpl vmx est tm2 ssse3 sdbg fma cx16 xtpr pdcm pcid sse4_1 sse4_2 x2apic movbe popcnt tsc_deadline_timer aes xsave avx f16c rdrand lahf_lm abm 3dnowprefetch epb intel_pt tpr_shadow vnmi flexpriority ept vpid fsgsbase tsc_adjust bmi1 avx2 smep bmi2 erms invpcid mpx rdseed adx smap clflushopt xsaveopt xsavec xgetbv1 xsaves dtherm ida arat pln pts hwp hwp_notify hwp_act_window hwp_epp
bugs		:
bogomips	: 4803.42
clflush size	: 64
cache_alignment	: 64
address sizes	: 39 bits physical, 48 bits virtual
power management:



Memory: 4k page, physical 8050108k(573796k free), swap 0k(0k free)

vm_info: OpenJDK 64-Bit Server VM (25.131-b11) for linux-amd64 JRE (1.8.0_131-b11), built on Jun 10 2017 08:19:59 by "builduser" with gcc 7.1.1 20170516

time: Wed Jul  5 15:00:58 2017
elapsed time: 0 seconds (0d 0h 0m 0s)

