#
# A fatal error has been detected by the Java Runtime Environment:
#
#  SIGSEGV (0xb) at pc=0x00007f82262fdefe, pid=2783, tid=0x00007f824fd2b700
#
# JRE version: OpenJDK Runtime Environment (8.0_131-b11) (build 1.8.0_131-b11)
# Java VM: OpenJDK 64-Bit Server VM (25.131-b11 mixed mode linux-amd64 compressed oops)
# Problematic frame:
# C  [libcapstone.so+0x41efe]  cs_reg_name+0xe
#
# Core dump written. Default location: /home/dmium/Downloads/JakStab/jkinder-jakstab-2555a70/core or core.2783
#
# If you would like to submit a bug report, please visit:
#   http://bugreport.java.com/bugreport/crash.jsp
# The crash happened outside the Java Virtual Machine in native code.
# See problematic frame for where to report the bug.
#

---------------  T H R E A D  ---------------

Current thread (0x00007f824800a000):  JavaThread "main" [_thread_in_native, id=2785, stack(0x00007f824fc2b000,0x00007f824fd2c000)]

siginfo: si_signo: 11 (SIGSEGV), si_code: 128 (SI_KERNEL), si_addr: 0x0000000000000000

Registers:
RAX=0x69622f3037613500, RBX=0x00007f824fd29688, RCX=0x0000000000000000, RDX=0x0000000000000002
RSP=0x00007f824fd29558, RBP=0x00007f824fd29560, RSI=0x0000000000000013, RDI=0x00007f824854faf0
R8 =0x0000000000000000, R9 =0x00007f824843e990, R10=0x00007f824fd294b0, R11=0x00007f82262fdef0
R12=0xfffffffffffffffc, R13=0x00007f824fd29f60, R14=0x00007f824fd294b0, R15=0x0000000000000002
RIP=0x00007f82262fdefe, EFLAGS=0x0000000000010206, CSGSFS=0x002b000000000033, ERR=0x0000000000000000
  TRAPNO=0x000000000000000d

Top of Stack: (sp=0x00007f824fd29558)
0x00007f824fd29558:   00007f82267b565c 000000000000000e
0x00007f824fd29568:   00007f824fd29fe0 00007f824fd29650
0x00007f824fd29578:   00007f82267b5164 0000000000000008
0x00007f824fd29588:   00007f824fd29f60 0000000000000000
0x00007f824fd29598:   00007f824fd296e0 00007f824fd29630
0x00007f824fd295a8:   00007f824fd2961c 00007f824fd29618
0x00007f824fd295b8:   00007f824fd29600 00007f824fd29660
0x00007f824fd295c8:   00007f824fd29fe0 00007f82262fdef0
0x00007f824fd295d8:   00007f824fd29560 00007f824fd29680
0x00007f824fd295e8:   0000000000000002 0000000200000002
0x00007f824fd295f8:   0000000000000001 00007f8200000002
0x00007f824fd29608:   00007f8248078ba8 00007f824fd296f0
0x00007f824fd29618:   0000000100000000 00007f824fd29690
0x00007f824fd29628:   0000000000000000 00007f824fd296f0
0x00007f824fd29638:   00007f824fd29670 00007f824fd29690
0x00007f824fd29648:   0000000000000002 00007f824fd29fd0
0x00007f824fd29658:   00007f82267a8870 00007f824fd296e0
0x00007f824fd29668:   00007f824fd296e8 0000000000000000
0x00007f824fd29678:   00007f824fd29820 00007f82267b7ed0
0x00007f824fd29688:   00007f82267b7f10 00007f824843e990
0x00007f824fd29698:   00007f824800a000 00007f824f2f7040
0x00007f824fd296a8:   00007f824f2f7054 0000000000000000
0x00007f824fd296b8:   00007f824f077c24 0000000000000000
0x00007f824fd296c8:   00007f824800a000 00007f824fd296f0
0x00007f824fd296d8:   00007f824e66a34b 00007f824854faf0
0x00007f824fd296e8:   0000000000000013 00007f824fd29fd0
0x00007f824fd296f8:   00007f82267a8709 00007f8248000950
0x00007f824fd29708:   00007f824fd29f60 00007f824fd29fe0
0x00007f824fd29718:   00007f82267b7eb0 00007f824fd2a080
0x00007f824fd29728:   0000000067e43b48 00007f82262fdef0
0x00007f824fd29738:   00007f824800a1e0 00007f824fd296a0
0x00007f824fd29748:   00007f824fd29680 00007f824fd29660 

Instructions: (pc=0x00007f82262fdefe)
0x00007f82262fdede:   0f 85 63 fe ff ff c6 43 42 00 e9 b3 fe ff ff 0f
0x00007f82262fdeee:   1f 00 48 85 ff 74 0b 48 8b 47 30 48 85 c0 74 02
0x00007f82262fdefe:   ff e0 31 c0 c3 0f 1f 00 66 2e 0f 1f 84 00 00 00
0x00007f82262fdf0e:   00 00 48 85 ff 74 0b 48 8b 47 38 48 85 c0 74 02 

Register to memory mapping:

RAX=0x69622f3037613500 is an unknown value
RBX=0x00007f824fd29688 is pointing into the stack for thread: 0x00007f824800a000
RCX=0x0000000000000000 is an unknown value
RDX=0x0000000000000002 is an unknown value
RSP=0x00007f824fd29558 is pointing into the stack for thread: 0x00007f824800a000
RBP=0x00007f824fd29560 is pointing into the stack for thread: 0x00007f824800a000
RSI=0x0000000000000013 is an unknown value
RDI=0x00007f824854faf0 is an unknown value
R8 =0x0000000000000000 is an unknown value
R9 =0x00007f824843e990 is an unknown value
R10=0x00007f824fd294b0 is pointing into the stack for thread: 0x00007f824800a000
R11=0x00007f82262fdef0: cs_reg_name+0 in /home/dmium/Downloads/JakStab/jkinder-jakstab-2555a70/bin/libcapstone.so at 0x00007f82262bc000
R12=0xfffffffffffffffc is an unknown value
R13=0x00007f824fd29f60 is pointing into the stack for thread: 0x00007f824800a000
R14=0x00007f824fd294b0 is pointing into the stack for thread: 0x00007f824800a000
R15=0x0000000000000002 is an unknown value


Stack: [0x00007f824fc2b000,0x00007f824fd2c000],  sp=0x00007f824fd29558,  free space=1017k
Native frames: (J=compiled Java code, j=interpreted, Vv=VM code, C=native code)
C  [libcapstone.so+0x41efe]  cs_reg_name+0xe
C  0x00007f824fd29fe0

Java frames: (J=compiled Java code, j=interpreted, Vv=VM code)
j  com.sun.jna.Native.invokePointer(JI[Ljava/lang/Object;)J+0
j  com.sun.jna.Function.invokePointer(I[Ljava/lang/Object;)Lcom/sun/jna/Pointer;+6
j  com.sun.jna.Function.invokeString(I[Ljava/lang/Object;Z)Ljava/lang/String;+3
j  com.sun.jna.Function.invoke([Ljava/lang/Object;Ljava/lang/Class;Z)Ljava/lang/Object;+354
j  com.sun.jna.Function.invoke(Ljava/lang/reflect/Method;[Ljava/lang/Class;Ljava/lang/Class;[Ljava/lang/Object;Ljava/util/Map;)Ljava/lang/Object;+249
j  com.sun.jna.Library$Handler.invoke(Ljava/lang/Object;Ljava/lang/reflect/Method;[Ljava/lang/Object;)Ljava/lang/Object;+348
j  capstone.$Proxy0.cs_reg_name(Lcom/sun/jna/NativeLong;I)Ljava/lang/String;+23
j  capstone.Capstone$CsInsn.regName(I)Ljava/lang/String;+9
j  org.jakstab.disasm.x86.X86Disassembler.decodeInstruction(J)Lorg/jakstab/asm/Instruction;+629
j  org.jakstab.Program.getInstruction(Lorg/jakstab/asm/AbsoluteAddress;)Lorg/jakstab/asm/Instruction;+181
j  org.jakstab.Program.getStatement(Lorg/jakstab/cfa/RTLLabel;)Lorg/jakstab/rtl/statements/RTLStatement;+20
j  org.jakstab.cfa.ResolvingTransformerFactory.getTransformers(Lorg/jakstab/analysis/AbstractState;)Ljava/util/Set;+12
j  org.jakstab.analysis.CPAAlgorithm.run()V+582
j  org.jakstab.analysis.ControlFlowReconstruction.run()V+13
j  org.jakstab.Main.runAlgorithm(Lorg/jakstab/Algorithm;)V+5
j  org.jakstab.Main.main([Ljava/lang/String;)V+564
v  ~StubRoutines::call_stub

---------------  P R O C E S S  ---------------

Java Threads: ( => current thread )
  0x00007f8248515800 JavaThread "process reaper" daemon [_thread_blocked, id=2804, stack(0x00007f822676a000,0x00007f82267a3000)]
  0x00007f82483c0000 JavaThread "Thread-1" [_thread_in_native, id=2802, stack(0x00007f82268c8000,0x00007f82269c9000)]
  0x00007f82480bf000 JavaThread "Service Thread" daemon [_thread_blocked, id=2800, stack(0x00007f8226aca000,0x00007f8226bcb000)]
  0x00007f82480bc000 JavaThread "C1 CompilerThread2" daemon [_thread_in_native, id=2799, stack(0x00007f8226bcb000,0x00007f8226ccc000)]
  0x00007f82480ba000 JavaThread "C2 CompilerThread1" daemon [_thread_in_native, id=2798, stack(0x00007f8226ccc000,0x00007f8226dcd000)]
  0x00007f82480b7000 JavaThread "C2 CompilerThread0" daemon [_thread_in_native, id=2797, stack(0x00007f8226dcd000,0x00007f8226ece000)]
  0x00007f82480b5800 JavaThread "Signal Dispatcher" daemon [_thread_blocked, id=2796, stack(0x00007f8226ece000,0x00007f8226fcf000)]
  0x00007f8248083800 JavaThread "Finalizer" daemon [_thread_blocked, id=2795, stack(0x00007f8226fcf000,0x00007f82270d0000)]
  0x00007f824807f000 JavaThread "Reference Handler" daemon [_thread_blocked, id=2794, stack(0x00007f82270d0000,0x00007f82271d1000)]
=>0x00007f824800a000 JavaThread "main" [_thread_in_native, id=2785, stack(0x00007f824fc2b000,0x00007f824fd2c000)]

Other Threads:
  0x00007f8248077800 VMThread [stack: 0x00007f82271d1000,0x00007f82272d2000] [id=2793]
  0x00007f82480c1000 WatcherThread [stack: 0x00007f82269c9000,0x00007f8226aca000] [id=2801]

VM state:not at safepoint (normal execution)

VM Mutex/Monitor currently owned by a thread: None

Heap:
 PSYoungGen      total 36864K, used 5348K [0x00000000d7100000, 0x00000000db900000, 0x0000000100000000)
  eden space 31744K, 6% used [0x00000000d7100000,0x00000000d7324d00,0x00000000d9000000)
  from space 5120K, 61% used [0x00000000d9000000,0x00000000d93146a0,0x00000000d9500000)
  to   space 5120K, 0% used [0x00000000db400000,0x00000000db400000,0x00000000db900000)
 ParOldGen       total 84992K, used 8K [0x0000000085200000, 0x000000008a500000, 0x00000000d7100000)
  object space 84992K, 0% used [0x0000000085200000,0x0000000085202000,0x000000008a500000)
 Metaspace       used 8260K, capacity 8488K, committed 8704K, reserved 1056768K
  class space    used 911K, capacity 996K, committed 1024K, reserved 1048576K

Card table byte_map: [0x00007f824c4c5000,0x00007f824c89d000] byte_map_base: 0x00007f824c09c000

Marking Bits: (ParMarkBitMap*) 0x00007f824ef340c0
 Begin Bits: [0x00007f823508e000, 0x00007f8236f46000)
 End Bits:   [0x00007f8236f46000, 0x00007f8238dfe000)

Polling page: 0x00007f824fd5d000

CodeCache: size=245760Kb used=4626Kb max_used=4626Kb free=241133Kb
 bounds [0x00007f8239000000, 0x00007f8239490000, 0x00007f8248000000]
 total_blobs=1287 nmethods=982 adapters=220
 compilation: enabled

Compilation events (10 events):
Event: 0.816 Thread 0x00007f82480bc000 nmethod 1003 0x00007f8239480690 code [0x00007f8239480800, 0x00007f8239480b08]
Event: 0.816 Thread 0x00007f82480bc000 1006       2       java.util.HashMap$KeyIterator::next (8 bytes)
Event: 0.817 Thread 0x00007f82480bc000 nmethod 1006 0x00007f8239480c10 code [0x00007f8239480d80, 0x00007f8239480f08]
Event: 0.817 Thread 0x00007f82480bc000 1005   !   2       com.sun.jna.Native::getLibraryOptions (315 bytes)
Event: 0.819 Thread 0x00007f82480bc000 nmethod 1005 0x00007f8239480fd0 code [0x00007f82394813c0, 0x00007f8239482618]
Event: 0.819 Thread 0x00007f82480bc000 1008       2       sun.reflect.UnsafeIntegerFieldAccessorImpl::get (13 bytes)
Event: 0.820 Thread 0x00007f82480bc000 nmethod 1008 0x00007f8239483a90 code [0x00007f8239483c40, 0x00007f8239483ff8]
Event: 0.820 Thread 0x00007f82480bc000 1009       2       sun.reflect.UnsafeIntegerFieldAccessorImpl::getInt (17 bytes)
Event: 0.820 Thread 0x00007f82480bc000 nmethod 1009 0x00007f8239484410 code [0x00007f82394845c0, 0x00007f82394848f8]
Event: 0.820 Thread 0x00007f82480bc000  966       2       java.lang.ClassLoader::defineClass (43 bytes)

GC Heap History (2 events):
Event: 0.784 GC heap before
{Heap before GC invocations=1 (full 0):
 PSYoungGen      total 36864K, used 31744K [0x00000000d7100000, 0x00000000d9a00000, 0x0000000100000000)
  eden space 31744K, 100% used [0x00000000d7100000,0x00000000d9000000,0x00000000d9000000)
  from space 5120K, 0% used [0x00000000d9500000,0x00000000d9500000,0x00000000d9a00000)
  to   space 5120K, 0% used [0x00000000d9000000,0x00000000d9000000,0x00000000d9500000)
 ParOldGen       total 84992K, used 0K [0x0000000085200000, 0x000000008a500000, 0x00000000d7100000)
  object space 84992K, 0% used [0x0000000085200000,0x0000000085200000,0x000000008a500000)
 Metaspace       used 8176K, capacity 8392K, committed 8704K, reserved 1056768K
  class space    used 892K, capacity 964K, committed 1024K, reserved 1048576K
Event: 0.796 GC heap after
Heap after GC invocations=1 (full 0):
 PSYoungGen      total 36864K, used 3153K [0x00000000d7100000, 0x00000000db900000, 0x0000000100000000)
  eden space 31744K, 0% used [0x00000000d7100000,0x00000000d7100000,0x00000000d9000000)
  from space 5120K, 61% used [0x00000000d9000000,0x00000000d93146a0,0x00000000d9500000)
  to   space 5120K, 0% used [0x00000000db400000,0x00000000db400000,0x00000000db900000)
 ParOldGen       total 84992K, used 8K [0x0000000085200000, 0x000000008a500000, 0x00000000d7100000)
  object space 84992K, 0% used [0x0000000085200000,0x0000000085202000,0x000000008a500000)
 Metaspace       used 8176K, capacity 8392K, committed 8704K, reserved 1056768K
  class space    used 892K, capacity 964K, committed 1024K, reserved 1048576K
}

Deoptimization events (10 events):
Event: 0.542 Thread 0x00007f824800a000 Uncommon trap: reason=class_check action=maybe_recompile pc=0x00007f82392738ac method=java.util.Hashtable.get(Ljava/lang/Object;)Ljava/lang/Object; @ 6
Event: 0.550 Thread 0x00007f824800a000 Uncommon trap: reason=unstable_if action=reinterpret pc=0x00007f8239167738 method=java.lang.String.indexOf([CII[CIII)I @ 123
Event: 0.554 Thread 0x00007f824800a000 Uncommon trap: reason=unstable_if action=reinterpret pc=0x00007f8239197dec method=java.lang.Class.newInstance()Ljava/lang/Object; @ 19
Event: 0.554 Thread 0x00007f824800a000 Uncommon trap: reason=bimorphic action=maybe_recompile pc=0x00007f8239197598 method=sun.reflect.DelegatingConstructorAccessorImpl.newInstance([Ljava/lang/Object;)Ljava/lang/Object; @ 5
Event: 0.586 Thread 0x00007f824800a000 Uncommon trap: reason=class_check action=maybe_recompile pc=0x00007f82392738ac method=java.util.Hashtable.get(Ljava/lang/Object;)Ljava/lang/Object; @ 6
Event: 0.586 Thread 0x00007f824800a000 Uncommon trap: reason=class_check action=maybe_recompile pc=0x00007f82392738ac method=java.util.Hashtable.get(Ljava/lang/Object;)Ljava/lang/Object; @ 6
Event: 0.586 Thread 0x00007f824800a000 Uncommon trap: reason=class_check action=maybe_recompile pc=0x00007f82392738ac method=java.util.Hashtable.get(Ljava/lang/Object;)Ljava/lang/Object; @ 6
Event: 0.592 Thread 0x00007f824800a000 Uncommon trap: reason=bimorphic action=maybe_recompile pc=0x00007f8239197598 method=sun.reflect.DelegatingConstructorAccessorImpl.newInstance([Ljava/lang/Object;)Ljava/lang/Object; @ 5
Event: 0.596 Thread 0x00007f824800a000 Uncommon trap: reason=bimorphic action=maybe_recompile pc=0x00007f8239197598 method=sun.reflect.DelegatingConstructorAccessorImpl.newInstance([Ljava/lang/Object;)Ljava/lang/Object; @ 5
Event: 0.597 Thread 0x00007f824800a000 Uncommon trap: reason=bimorphic action=maybe_recompile pc=0x00007f8239197598 method=sun.reflect.DelegatingConstructorAccessorImpl.newInstance([Ljava/lang/Object;)Ljava/lang/Object; @ 5

Internal exceptions (10 events):
Event: 0.103 Thread 0x00007f824800a000 Exception <a 'java/security/PrivilegedActionException'> (0x00000000d725e7f0) thrown at [/build/java8-openjdk/src/jdk8u-jdk8u131-b11/hotspot/src/share/vm/prims/jvm.cpp, line 1390]
Event: 0.103 Thread 0x00007f824800a000 Exception <a 'java/security/PrivilegedActionException'> (0x00000000d725ea00) thrown at [/build/java8-openjdk/src/jdk8u-jdk8u131-b11/hotspot/src/share/vm/prims/jvm.cpp, line 1390]
Event: 0.103 Thread 0x00007f824800a000 Exception <a 'java/security/PrivilegedActionException'> (0x00000000d7260638) thrown at [/build/java8-openjdk/src/jdk8u-jdk8u131-b11/hotspot/src/share/vm/prims/jvm.cpp, line 1390]
Event: 0.103 Thread 0x00007f824800a000 Exception <a 'java/security/PrivilegedActionException'> (0x00000000d7260848) thrown at [/build/java8-openjdk/src/jdk8u-jdk8u131-b11/hotspot/src/share/vm/prims/jvm.cpp, line 1390]
Event: 0.103 Thread 0x00007f824800a000 Exception <a 'java/security/PrivilegedActionException'> (0x00000000d7261220) thrown at [/build/java8-openjdk/src/jdk8u-jdk8u131-b11/hotspot/src/share/vm/prims/jvm.cpp, line 1390]
Event: 0.103 Thread 0x00007f824800a000 Exception <a 'java/security/PrivilegedActionException'> (0x00000000d7261430) thrown at [/build/java8-openjdk/src/jdk8u-jdk8u131-b11/hotspot/src/share/vm/prims/jvm.cpp, line 1390]
Event: 0.660 Thread 0x00007f824800a000 Exception <a 'java/lang/NoSuchFieldError': method resolution failed> (0x00000000d86b7098) thrown at [/build/java8-openjdk/src/jdk8u-jdk8u131-b11/hotspot/src/share/vm/prims/methodHandles.cpp, line 1146]
Event: 0.663 Thread 0x00007f824800a000 Exception <a 'java/lang/NoSuchFieldError': method resolution failed> (0x00000000d86c47b8) thrown at [/build/java8-openjdk/src/jdk8u-jdk8u131-b11/hotspot/src/share/vm/prims/methodHandles.cpp, line 1146]
Event: 0.710 Thread 0x00007f824800a000 Exception <a 'java/lang/UnsatisfiedLinkError': libcapstone.so: cannot open shared object file: No such file or directory> (0x00000000d87f5b60) thrown at [/build/java8-openjdk/src/jdk8u-jdk8u131-b11/hotspot/src/share/vm/prims/jni.cpp, line 735]
Event: 0.711 Thread 0x00007f824800a000 Exception <a 'java/lang/UnsatisfiedLinkError': libcapstone.so: cannot open shared object file: No such file or directory> (0x00000000d87f6d50) thrown at [/build/java8-openjdk/src/jdk8u-jdk8u131-b11/hotspot/src/share/vm/prims/jni.cpp, line 735]

Events (10 events):
Event: 0.804 loading class capstone/Xcore$OpValue
Event: 0.804 loading class capstone/Xcore$OpValue done
Event: 0.805 loading class capstone/Xcore$MemType
Event: 0.805 loading class capstone/Xcore$MemType done
Event: 0.819 loading class org/jakstab/asm/x86/X86Registers
Event: 0.819 loading class org/jakstab/asm/x86/X86Registers done
Event: 0.819 loading class org/jakstab/asm/x86/X86RegisterPart
Event: 0.819 loading class org/jakstab/asm/x86/X86RegisterPart done
Event: 0.819 loading class org/jakstab/asm/DataType
Event: 0.819 loading class org/jakstab/asm/DataType done


Dynamic libraries:
00400000-00401000 r-xp 00000000 08:05 1183989                            /usr/lib/jvm/java-8-openjdk/jre/bin/java
00600000-00601000 r--p 00000000 08:05 1183989                            /usr/lib/jvm/java-8-openjdk/jre/bin/java
00601000-00602000 rw-p 00001000 08:05 1183989                            /usr/lib/jvm/java-8-openjdk/jre/bin/java
0244b000-0246c000 rw-p 00000000 00:00 0                                  [heap]
85200000-8a500000 rw-p 00000000 00:00 0 
8a500000-d7100000 ---p 00000000 00:00 0 
d7100000-db900000 rw-p 00000000 00:00 0 
db900000-100000000 ---p 00000000 00:00 0 
100000000-100100000 rw-p 00000000 00:00 0 
100100000-140000000 ---p 00000000 00:00 0 
7f81f4000000-7f81f4021000 rw-p 00000000 00:00 0 
7f81f4021000-7f81f8000000 ---p 00000000 00:00 0 
7f81f8000000-7f81f8021000 rw-p 00000000 00:00 0 
7f81f8021000-7f81fc000000 ---p 00000000 00:00 0 
7f81fc000000-7f81fc021000 rw-p 00000000 00:00 0 
7f81fc021000-7f8200000000 ---p 00000000 00:00 0 
7f8200000000-7f8200021000 rw-p 00000000 00:00 0 
7f8200021000-7f8204000000 ---p 00000000 00:00 0 
7f8204000000-7f8204bd7000 rw-p 00000000 00:00 0 
7f8204bd7000-7f8208000000 ---p 00000000 00:00 0 
7f8208000000-7f8208af9000 rw-p 00000000 00:00 0 
7f8208af9000-7f820c000000 ---p 00000000 00:00 0 
7f820c000000-7f820c021000 rw-p 00000000 00:00 0 
7f820c021000-7f8210000000 ---p 00000000 00:00 0 
7f8210000000-7f8210d3e000 rw-p 00000000 00:00 0 
7f8210d3e000-7f8214000000 ---p 00000000 00:00 0 
7f8214000000-7f8214021000 rw-p 00000000 00:00 0 
7f8214021000-7f8218000000 ---p 00000000 00:00 0 
7f8218000000-7f8218021000 rw-p 00000000 00:00 0 
7f8218021000-7f821c000000 ---p 00000000 00:00 0 
7f821c000000-7f821c021000 rw-p 00000000 00:00 0 
7f821c021000-7f8220000000 ---p 00000000 00:00 0 
7f8220000000-7f8220021000 rw-p 00000000 00:00 0 
7f8220021000-7f8224000000 ---p 00000000 00:00 0 
7f82262bc000-7f822643d000 r-xp 00000000 08:05 4857187                    /home/dmium/Downloads/JakStab/jkinder-jakstab-2555a70/bin/libcapstone.so
7f822643d000-7f822663c000 ---p 00181000 08:05 4857187                    /home/dmium/Downloads/JakStab/jkinder-jakstab-2555a70/bin/libcapstone.so
7f822663c000-7f8226674000 r--p 00180000 08:05 4857187                    /home/dmium/Downloads/JakStab/jkinder-jakstab-2555a70/bin/libcapstone.so
7f8226674000-7f822676a000 rw-p 001b8000 08:05 4857187                    /home/dmium/Downloads/JakStab/jkinder-jakstab-2555a70/bin/libcapstone.so
7f822676a000-7f822676d000 ---p 00000000 00:00 0 
7f822676d000-7f82267a3000 rw-p 00000000 00:00 0 
7f82267a3000-7f82267ba000 r-xp 00000000 00:26 238648                     /tmp/jna-95703960/jna7294566806820242637.tmp (deleted)
7f82267ba000-7f82268b9000 ---p 00017000 00:26 238648                     /tmp/jna-95703960/jna7294566806820242637.tmp (deleted)
7f82268b9000-7f82268bb000 rw-p 00016000 00:26 238648                     /tmp/jna-95703960/jna7294566806820242637.tmp (deleted)
7f82268bb000-7f82268c0000 r--s 0009a000 08:05 1184003                    /usr/lib/jvm/java-8-openjdk/jre/lib/jsse.jar
7f82268c0000-7f82268c8000 r--s 00045000 08:05 1074231                    /usr/lib/eclipse/plugins/org.junit_4.12.0.v201504281640/junit.jar
7f82268c8000-7f82268cb000 ---p 00000000 00:00 0 
7f82268cb000-7f82269c9000 rw-p 00000000 00:00 0 
7f82269c9000-7f82269ca000 ---p 00000000 00:00 0 
7f82269ca000-7f8226aca000 rw-p 00000000 00:00 0 
7f8226aca000-7f8226acd000 ---p 00000000 00:00 0 
7f8226acd000-7f8226bcb000 rw-p 00000000 00:00 0 
7f8226bcb000-7f8226bce000 ---p 00000000 00:00 0 
7f8226bce000-7f8226ccc000 rw-p 00000000 00:00 0 
7f8226ccc000-7f8226ccf000 ---p 00000000 00:00 0 
7f8226ccf000-7f8226dcd000 rw-p 00000000 00:00 0 
7f8226dcd000-7f8226dd0000 ---p 00000000 00:00 0 
7f8226dd0000-7f8226ece000 rw-p 00000000 00:00 0 
7f8226ece000-7f8226ed1000 ---p 00000000 00:00 0 
7f8226ed1000-7f8226fcf000 rw-p 00000000 00:00 0 
7f8226fcf000-7f8226fd2000 ---p 00000000 00:00 0 
7f8226fd2000-7f82270d0000 rw-p 00000000 00:00 0 
7f82270d0000-7f82270d3000 ---p 00000000 00:00 0 
7f82270d3000-7f82271d1000 rw-p 00000000 00:00 0 
7f82271d1000-7f82271d2000 ---p 00000000 00:00 0 
7f82271d2000-7f8228000000 rw-p 00000000 00:00 0 
7f8228000000-7f8228021000 rw-p 00000000 00:00 0 
7f8228021000-7f822c000000 ---p 00000000 00:00 0 
7f822c000000-7f822c021000 rw-p 00000000 00:00 0 
7f822c021000-7f8230000000 ---p 00000000 00:00 0 
7f8230000000-7f8230021000 rw-p 00000000 00:00 0 
7f8230021000-7f8234000000 ---p 00000000 00:00 0 
7f8234001000-7f8234003000 r--s 0001a000 08:05 3151942                    /home/dmium/Files/UniWork/WorkWork/UROP/Test/CapstoneTest/capstone.jar
7f8234003000-7f8234273000 rw-p 00000000 00:00 0 
7f8234273000-7f8234441000 r--s 03c07000 08:05 1184000                    /usr/lib/jvm/java-8-openjdk/jre/lib/rt.jar
7f8234441000-7f8234c37000 rw-p 00000000 00:00 0 
7f8234c37000-7f8234cb7000 ---p 00000000 00:00 0 
7f8234cb7000-7f8238dfe000 rw-p 00000000 00:00 0 
7f8238dfe000-7f8238dff000 ---p 00000000 00:00 0 
7f8238dff000-7f8238eff000 rw-p 00000000 00:00 0 
7f8238eff000-7f8238f00000 ---p 00000000 00:00 0 
7f8238f00000-7f8239000000 rw-p 00000000 00:00 0 
7f8239000000-7f8239490000 rwxp 00000000 00:00 0 
7f8239490000-7f8248000000 ---p 00000000 00:00 0 
7f8248000000-7f8248551000 rw-p 00000000 00:00 0 
7f8248551000-7f824c000000 ---p 00000000 00:00 0 
7f824c000000-7f824c004000 r--s 00112000 08:05 3151945                    /home/dmium/Files/UniWork/WorkWork/UROP/Test/CapstoneTest/jna.jar
7f824c004000-7f824c006000 r--s 0000c000 08:05 1064883                    /usr/lib/eclipse/plugins/org.hamcrest.core_1.3.0.v201303031735.jar
7f824c006000-7f824c012000 r--s 00081000 08:05 4723274                    /home/dmium/Downloads/JakStab/jkinder-jakstab-2555a70/lib/google-collect-1.0.jar
7f824c012000-7f824c033000 rw-p 00000000 00:00 0 
7f824c033000-7f824c034000 ---p 00000000 00:00 0 
7f824c034000-7f824c134000 rw-p 00000000 00:00 0 
7f824c134000-7f824c135000 ---p 00000000 00:00 0 
7f824c135000-7f824c25f000 rw-p 00000000 00:00 0 
7f824c25f000-7f824c4c5000 ---p 00000000 00:00 0 
7f824c4c5000-7f824c4ef000 rw-p 00000000 00:00 0 
7f824c4ef000-7f824c754000 ---p 00000000 00:00 0 
7f824c754000-7f824c779000 rw-p 00000000 00:00 0 
7f824c779000-7f824c89c000 ---p 00000000 00:00 0 
7f824c89c000-7f824c8b0000 rw-p 00000000 00:00 0 
7f824c8b0000-7f824cc5d000 ---p 00000000 00:00 0 
7f824cc5d000-7f824cc65000 r-xp 00000000 08:05 1184024                    /usr/lib/jvm/java-8-openjdk/jre/lib/amd64/libzip.so
7f824cc65000-7f824ce64000 ---p 00008000 08:05 1184024                    /usr/lib/jvm/java-8-openjdk/jre/lib/amd64/libzip.so
7f824ce64000-7f824ce65000 r--p 00007000 08:05 1184024                    /usr/lib/jvm/java-8-openjdk/jre/lib/amd64/libzip.so
7f824ce65000-7f824ce66000 rw-p 00008000 08:05 1184024                    /usr/lib/jvm/java-8-openjdk/jre/lib/amd64/libzip.so
7f824ce66000-7f824ce71000 r-xp 00000000 08:05 919639                     /usr/lib/libnss_files-2.25.so
7f824ce71000-7f824d070000 ---p 0000b000 08:05 919639                     /usr/lib/libnss_files-2.25.so
7f824d070000-7f824d071000 r--p 0000a000 08:05 919639                     /usr/lib/libnss_files-2.25.so
7f824d071000-7f824d072000 rw-p 0000b000 08:05 919639                     /usr/lib/libnss_files-2.25.so
7f824d072000-7f824d078000 rw-p 00000000 00:00 0 
7f824d078000-7f824d083000 r-xp 00000000 08:05 919635                     /usr/lib/libnss_nis-2.25.so
7f824d083000-7f824d282000 ---p 0000b000 08:05 919635                     /usr/lib/libnss_nis-2.25.so
7f824d282000-7f824d283000 r--p 0000a000 08:05 919635                     /usr/lib/libnss_nis-2.25.so
7f824d283000-7f824d284000 rw-p 0000b000 08:05 919635                     /usr/lib/libnss_nis-2.25.so
7f824d284000-7f824d299000 r-xp 00000000 08:05 919627                     /usr/lib/libnsl-2.25.so
7f824d299000-7f824d498000 ---p 00015000 08:05 919627                     /usr/lib/libnsl-2.25.so
7f824d498000-7f824d499000 r--p 00014000 08:05 919627                     /usr/lib/libnsl-2.25.so
7f824d499000-7f824d49a000 rw-p 00015000 08:05 919627                     /usr/lib/libnsl-2.25.so
7f824d49a000-7f824d49c000 rw-p 00000000 00:00 0 
7f824d49c000-7f824d4a3000 r-xp 00000000 08:05 919645                     /usr/lib/libnss_compat-2.25.so
7f824d4a3000-7f824d6a2000 ---p 00007000 08:05 919645                     /usr/lib/libnss_compat-2.25.so
7f824d6a2000-7f824d6a3000 r--p 00006000 08:05 919645                     /usr/lib/libnss_compat-2.25.so
7f824d6a3000-7f824d6a4000 rw-p 00007000 08:05 919645                     /usr/lib/libnss_compat-2.25.so
7f824d6a4000-7f824d6d1000 r-xp 00000000 08:05 1184025                    /usr/lib/jvm/java-8-openjdk/jre/lib/amd64/libjava.so
7f824d6d1000-7f824d8d0000 ---p 0002d000 08:05 1184025                    /usr/lib/jvm/java-8-openjdk/jre/lib/amd64/libjava.so
7f824d8d0000-7f824d8d1000 r--p 0002c000 08:05 1184025                    /usr/lib/jvm/java-8-openjdk/jre/lib/amd64/libjava.so
7f824d8d1000-7f824d8d3000 rw-p 0002d000 08:05 1184025                    /usr/lib/jvm/java-8-openjdk/jre/lib/amd64/libjava.so
7f824d8d3000-7f824d8e0000 r-xp 00000000 08:05 1184013                    /usr/lib/jvm/java-8-openjdk/jre/lib/amd64/libverify.so
7f824d8e0000-7f824dadf000 ---p 0000d000 08:05 1184013                    /usr/lib/jvm/java-8-openjdk/jre/lib/amd64/libverify.so
7f824dadf000-7f824dae1000 r--p 0000c000 08:05 1184013                    /usr/lib/jvm/java-8-openjdk/jre/lib/amd64/libverify.so
7f824dae1000-7f824dae2000 rw-p 0000e000 08:05 1184013                    /usr/lib/jvm/java-8-openjdk/jre/lib/amd64/libverify.so
7f824dae2000-7f824dae9000 r-xp 00000000 08:05 919581                     /usr/lib/librt-2.25.so
7f824dae9000-7f824dce8000 ---p 00007000 08:05 919581                     /usr/lib/librt-2.25.so
7f824dce8000-7f824dce9000 r--p 00006000 08:05 919581                     /usr/lib/librt-2.25.so
7f824dce9000-7f824dcea000 rw-p 00007000 08:05 919581                     /usr/lib/librt-2.25.so
7f824dcea000-7f824ddfa000 r-xp 00000000 08:05 919629                     /usr/lib/libm-2.25.so
7f824ddfa000-7f824dffa000 ---p 00110000 08:05 919629                     /usr/lib/libm-2.25.so
7f824dffa000-7f824dffb000 r--p 00110000 08:05 919629                     /usr/lib/libm-2.25.so
7f824dffb000-7f824dffc000 rw-p 00111000 08:05 919629                     /usr/lib/libm-2.25.so
7f824dffc000-7f824ec65000 r-xp 00000000 08:05 1583582                    /usr/lib/jvm/java-8-openjdk/jre/lib/amd64/server/libjvm.so
7f824ec65000-7f824ee64000 ---p 00c69000 08:05 1583582                    /usr/lib/jvm/java-8-openjdk/jre/lib/amd64/server/libjvm.so
7f824ee64000-7f824eef8000 r--p 00c68000 08:05 1583582                    /usr/lib/jvm/java-8-openjdk/jre/lib/amd64/server/libjvm.so
7f824eef8000-7f824ef20000 rw-p 00cfc000 08:05 1583582                    /usr/lib/jvm/java-8-openjdk/jre/lib/amd64/server/libjvm.so
7f824ef20000-7f824ef51000 rw-p 00000000 00:00 0 
7f824ef51000-7f824f0ed000 r-xp 00000000 08:05 919713                     /usr/lib/libc-2.25.so
7f824f0ed000-7f824f2ec000 ---p 0019c000 08:05 919713                     /usr/lib/libc-2.25.so
7f824f2ec000-7f824f2f0000 r--p 0019b000 08:05 919713                     /usr/lib/libc-2.25.so
7f824f2f0000-7f824f2f2000 rw-p 0019f000 08:05 919713                     /usr/lib/libc-2.25.so
7f824f2f2000-7f824f2f6000 rw-p 00000000 00:00 0 
7f824f2f6000-7f824f2f9000 r-xp 00000000 08:05 919631                     /usr/lib/libdl-2.25.so
7f824f2f9000-7f824f4f8000 ---p 00003000 08:05 919631                     /usr/lib/libdl-2.25.so
7f824f4f8000-7f824f4f9000 r--p 00002000 08:05 919631                     /usr/lib/libdl-2.25.so
7f824f4f9000-7f824f4fa000 rw-p 00003000 08:05 919631                     /usr/lib/libdl-2.25.so
7f824f4fa000-7f824f507000 r-xp 00000000 08:05 1583585                    /usr/lib/jvm/java-8-openjdk/jre/lib/amd64/jli/libjli.so
7f824f507000-7f824f706000 ---p 0000d000 08:05 1583585                    /usr/lib/jvm/java-8-openjdk/jre/lib/amd64/jli/libjli.so
7f824f706000-7f824f707000 r--p 0000c000 08:05 1583585                    /usr/lib/jvm/java-8-openjdk/jre/lib/amd64/jli/libjli.so
7f824f707000-7f824f708000 rw-p 0000d000 08:05 1583585                    /usr/lib/jvm/java-8-openjdk/jre/lib/amd64/jli/libjli.so
7f824f708000-7f824f71e000 r-xp 00000000 08:05 928147                     /usr/lib/libz.so.1.2.11
7f824f71e000-7f824f91d000 ---p 00016000 08:05 928147                     /usr/lib/libz.so.1.2.11
7f824f91d000-7f824f91e000 r--p 00015000 08:05 928147                     /usr/lib/libz.so.1.2.11
7f824f91e000-7f824f91f000 rw-p 00016000 08:05 928147                     /usr/lib/libz.so.1.2.11
7f824f91f000-7f824f938000 r-xp 00000000 08:05 919733                     /usr/lib/libpthread-2.25.so
7f824f938000-7f824fb37000 ---p 00019000 08:05 919733                     /usr/lib/libpthread-2.25.so
7f824fb37000-7f824fb38000 r--p 00018000 08:05 919733                     /usr/lib/libpthread-2.25.so
7f824fb38000-7f824fb39000 rw-p 00019000 08:05 919733                     /usr/lib/libpthread-2.25.so
7f824fb39000-7f824fb3d000 rw-p 00000000 00:00 0 
7f824fb3d000-7f824fb60000 r-xp 00000000 08:05 919714                     /usr/lib/ld-2.25.so
7f824fb60000-7f824fc2b000 rw-p 00000000 00:00 0 
7f824fc2b000-7f824fc2e000 ---p 00000000 00:00 0 
7f824fc2e000-7f824fd2e000 rw-p 00000000 00:00 0 
7f824fd2e000-7f824fd33000 r--s 00068000 08:05 4723272                    /home/dmium/Downloads/JakStab/jkinder-jakstab-2555a70/lib/antlr.jar
7f824fd33000-7f824fd54000 rw-p 00000000 00:00 0 
7f824fd54000-7f824fd5c000 rw-s 00000000 00:26 239787                     /tmp/hsperfdata_dmium/2783
7f824fd5c000-7f824fd5d000 rw-p 00000000 00:00 0 
7f824fd5d000-7f824fd5e000 r--p 00000000 00:00 0 
7f824fd5e000-7f824fd60000 rw-p 00000000 00:00 0 
7f824fd60000-7f824fd61000 r--p 00023000 08:05 919714                     /usr/lib/ld-2.25.so
7f824fd61000-7f824fd62000 rw-p 00024000 08:05 919714                     /usr/lib/ld-2.25.so
7f824fd62000-7f824fd63000 rw-p 00000000 00:00 0 
7ffef87a4000-7ffef87c5000 rw-p 00000000 00:00 0                          [stack]
7ffef87e0000-7ffef87e2000 r--p 00000000 00:00 0                          [vvar]
7ffef87e2000-7ffef87e4000 r-xp 00000000 00:00 0                          [vdso]
ffffffffff600000-ffffffffff601000 r-xp 00000000 00:00 0                  [vsyscall]

VM Arguments:
jvm_args: -Dfile.encoding=ANSI_X3.4-1968 
java_command: org.jakstab.Main -m input/bin/simple.exe
java_class_path (initial): /home/dmium/Downloads/JakStab/jkinder-jakstab-2555a70/bin:/home/dmium/Downloads/JakStab/jkinder-jakstab-2555a70/lib/antlr.jar:/home/dmium/Downloads/JakStab/jkinder-jakstab-2555a70/lib/google-collect-1.0.jar:/usr/lib/eclipse/plugins/org.junit_4.12.0.v201504281640/junit.jar:/usr/lib/eclipse/plugins/org.hamcrest.core_1.3.0.v201303031735.jar:/home/dmium/Files/UniWork/WorkWork/UROP/Test/CapstoneTest/jna.jar:/home/dmium/Files/UniWork/WorkWork/UROP/Test/CapstoneTest/capstone.jar
Launcher Type: SUN_STANDARD

Environment Variables:
PATH=/usr/local/sbin:/usr/local/bin:/usr/bin:/home/dmium/bin:/usr/lib/jvm/default/bin:/usr/bin/site_perl:/usr/bin/vendor_perl:/usr/bin/core_perl
SHELL=/bin/bash
DISPLAY=:0

Signal Handlers:
SIGSEGV: [libjvm.so+0xa69be0], sa_mask[0]=11111111011111111101111111111110, sa_flags=SA_RESTART|SA_SIGINFO
SIGBUS: [libjvm.so+0xa69be0], sa_mask[0]=11111111011111111101111111111110, sa_flags=SA_RESTART|SA_SIGINFO
SIGFPE: [libjvm.so+0x8aad70], sa_mask[0]=11111111011111111101111111111110, sa_flags=SA_RESTART|SA_SIGINFO
SIGPIPE: [libjvm.so+0x8aad70], sa_mask[0]=11111111011111111101111111111110, sa_flags=SA_RESTART|SA_SIGINFO
SIGXFSZ: [libjvm.so+0x8aad70], sa_mask[0]=11111111011111111101111111111110, sa_flags=SA_RESTART|SA_SIGINFO
SIGILL: [libjvm.so+0x8aad70], sa_mask[0]=11111111011111111101111111111110, sa_flags=SA_RESTART|SA_SIGINFO
SIGUSR1: SIG_DFL, sa_mask[0]=00000000000000000000000000000000, sa_flags=none
SIGUSR2: [libjvm.so+0x8aac40], sa_mask[0]=00100000000000000000000000000000, sa_flags=SA_RESTART|SA_SIGINFO
SIGHUP: [libjvm.so+0x8ab0a0], sa_mask[0]=11111111011111111101111111111110, sa_flags=SA_RESTART|SA_SIGINFO
SIGINT: SIG_IGN, sa_mask[0]=00000000000000000000000000000000, sa_flags=none
SIGTERM: [libjvm.so+0x8ab0a0], sa_mask[0]=11111111011111111101111111111110, sa_flags=SA_RESTART|SA_SIGINFO
SIGQUIT: [libjvm.so+0x8ab0a0], sa_mask[0]=11111111011111111101111111111110, sa_flags=SA_RESTART|SA_SIGINFO


---------------  S Y S T E M  ---------------

OS:LSB_VERSION=1.4
DISTRIB_ID=Arch
DISTRIB_RELEASE=rolling
DISTRIB_DESCRIPTION="Arch Linux"

uname:Linux 4.11.7-1-ARCH #1 SMP PREEMPT Sat Jun 24 09:07:09 CEST 2017 x86_64
libc:glibc 2.25 NPTL 2.25 
rlimit: STACK 8192k, CORE infinity, NPROC 31204, NOFILE 4096, AS infinity
load average:0.91 0.68 0.70

/proc/meminfo:
MemTotal:        8050108 kB
MemFree:         2661264 kB
MemAvailable:    4684052 kB
Buffers:          102280 kB
Cached:          2456896 kB
SwapCached:            0 kB
Active:          3097860 kB
Inactive:        1980020 kB
Active(anon):    2522696 kB
Inactive(anon):   375032 kB
Active(file):     575164 kB
Inactive(file):  1604988 kB
Unevictable:           0 kB
Mlocked:               0 kB
SwapTotal:             0 kB
SwapFree:              0 kB
Dirty:               436 kB
Writeback:             0 kB
AnonPages:       2471028 kB
Mapped:           709680 kB
Shmem:            379028 kB
Slab:             166756 kB
SReclaimable:     134392 kB
SUnreclaim:        32364 kB
KernelStack:        8928 kB
PageTables:        34020 kB
NFS_Unstable:          0 kB
Bounce:                0 kB
WritebackTmp:          0 kB
CommitLimit:     4025052 kB
Committed_AS:    5979308 kB
VmallocTotal:   34359738367 kB
VmallocUsed:           0 kB
VmallocChunk:          0 kB
HardwareCorrupted:     0 kB
AnonHugePages:   1132544 kB
ShmemHugePages:        0 kB
ShmemPmdMapped:        0 kB
HugePages_Total:       0
HugePages_Free:        0
HugePages_Rsvd:        0
HugePages_Surp:        0
Hugepagesize:       2048 kB
DirectMap4k:      125324 kB
DirectMap2M:     7086080 kB
DirectMap1G:     1048576 kB


CPU:total 4 (initial active 4) (2 cores per cpu, 2 threads per core) family 6 model 78 stepping 3, cmov, cx8, fxsr, mmx, sse, sse2, sse3, ssse3, sse4.1, sse4.2, popcnt, avx, avx2, aes, clmul, erms, 3dnowpref, lzcnt, ht, tsc, tscinvbit, bmi1, bmi2, adx

/proc/cpuinfo:
processor	: 0
vendor_id	: GenuineIntel
cpu family	: 6
model		: 78
model name	: Intel(R) Core(TM) i5-6200U CPU @ 2.30GHz
stepping	: 3
microcode	: 0x84
cpu MHz		: 2700.000
cache size	: 3072 KB
physical id	: 0
siblings	: 4
core id		: 0
cpu cores	: 2
apicid		: 0
initial apicid	: 0
fpu		: yes
fpu_exception	: yes
cpuid level	: 22
wp		: yes
flags		: fpu vme de pse tsc msr pae mce cx8 apic sep mtrr pge mca cmov pat pse36 clflush dts acpi mmx fxsr sse sse2 ss ht tm pbe syscall nx pdpe1gb rdtscp lm constant_tsc art arch_perfmon pebs bts rep_good nopl xtopology nonstop_tsc cpuid aperfmperf tsc_known_freq pni pclmulqdq dtes64 monitor ds_cpl vmx est tm2 ssse3 sdbg fma cx16 xtpr pdcm pcid sse4_1 sse4_2 x2apic movbe popcnt tsc_deadline_timer aes xsave avx f16c rdrand lahf_lm abm 3dnowprefetch epb intel_pt tpr_shadow vnmi flexpriority ept vpid fsgsbase tsc_adjust bmi1 avx2 smep bmi2 erms invpcid mpx rdseed adx smap clflushopt xsaveopt xsavec xgetbv1 xsaves dtherm ida arat pln pts hwp hwp_notify hwp_act_window hwp_epp
bugs		:
bogomips	: 4801.00
clflush size	: 64
cache_alignment	: 64
address sizes	: 39 bits physical, 48 bits virtual
power management:

processor	: 1
vendor_id	: GenuineIntel
cpu family	: 6
model		: 78
model name	: Intel(R) Core(TM) i5-6200U CPU @ 2.30GHz
stepping	: 3
microcode	: 0x84
cpu MHz		: 2700.000
cache size	: 3072 KB
physical id	: 0
siblings	: 4
core id		: 1
cpu cores	: 2
apicid		: 2
initial apicid	: 2
fpu		: yes
fpu_exception	: yes
cpuid level	: 22
wp		: yes
flags		: fpu vme de pse tsc msr pae mce cx8 apic sep mtrr pge mca cmov pat pse36 clflush dts acpi mmx fxsr sse sse2 ss ht tm pbe syscall nx pdpe1gb rdtscp lm constant_tsc art arch_perfmon pebs bts rep_good nopl xtopology nonstop_tsc cpuid aperfmperf tsc_known_freq pni pclmulqdq dtes64 monitor ds_cpl vmx est tm2 ssse3 sdbg fma cx16 xtpr pdcm pcid sse4_1 sse4_2 x2apic movbe popcnt tsc_deadline_timer aes xsave avx f16c rdrand lahf_lm abm 3dnowprefetch epb intel_pt tpr_shadow vnmi flexpriority ept vpid fsgsbase tsc_adjust bmi1 avx2 smep bmi2 erms invpcid mpx rdseed adx smap clflushopt xsaveopt xsavec xgetbv1 xsaves dtherm ida arat pln pts hwp hwp_notify hwp_act_window hwp_epp
bugs		:
bogomips	: 4803.35
clflush size	: 64
cache_alignment	: 64
address sizes	: 39 bits physical, 48 bits virtual
power management:

processor	: 2
vendor_id	: GenuineIntel
cpu family	: 6
model		: 78
model name	: Intel(R) Core(TM) i5-6200U CPU @ 2.30GHz
stepping	: 3
microcode	: 0x84
cpu MHz		: 2700.000
cache size	: 3072 KB
physical id	: 0
siblings	: 4
core id		: 0
cpu cores	: 2
apicid		: 1
initial apicid	: 1
fpu		: yes
fpu_exception	: yes
cpuid level	: 22
wp		: yes
flags		: fpu vme de pse tsc msr pae mce cx8 apic sep mtrr pge mca cmov pat pse36 clflush dts acpi mmx fxsr sse sse2 ss ht tm pbe syscall nx pdpe1gb rdtscp lm constant_tsc art arch_perfmon pebs bts rep_good nopl xtopology nonstop_tsc cpuid aperfmperf tsc_known_freq pni pclmulqdq dtes64 monitor ds_cpl vmx est tm2 ssse3 sdbg fma cx16 xtpr pdcm pcid sse4_1 sse4_2 x2apic movbe popcnt tsc_deadline_timer aes xsave avx f16c rdrand lahf_lm abm 3dnowprefetch epb intel_pt tpr_shadow vnmi flexpriority ept vpid fsgsbase tsc_adjust bmi1 avx2 smep bmi2 erms invpcid mpx rdseed adx smap clflushopt xsaveopt xsavec xgetbv1 xsaves dtherm ida arat pln pts hwp hwp_notify hwp_act_window hwp_epp
bugs		:
bogomips	: 4803.93
clflush size	: 64
cache_alignment	: 64
address sizes	: 39 bits physical, 48 bits virtual
power management:

processor	: 3
vendor_id	: GenuineIntel
cpu family	: 6
model		: 78
model name	: Intel(R) Core(TM) i5-6200U CPU @ 2.30GHz
stepping	: 3
microcode	: 0x84
cpu MHz		: 2700.000
cache size	: 3072 KB
physical id	: 0
siblings	: 4
core id		: 1
cpu cores	: 2
apicid		: 3
initial apicid	: 3
fpu		: yes
fpu_exception	: yes
cpuid level	: 22
wp		: yes
flags		: fpu vme de pse tsc msr pae mce cx8 apic sep mtrr pge mca cmov pat pse36 clflush dts acpi mmx fxsr sse sse2 ss ht tm pbe syscall nx pdpe1gb rdtscp lm constant_tsc art arch_perfmon pebs bts rep_good nopl xtopology nonstop_tsc cpuid aperfmperf tsc_known_freq pni pclmulqdq dtes64 monitor ds_cpl vmx est tm2 ssse3 sdbg fma cx16 xtpr pdcm pcid sse4_1 sse4_2 x2apic movbe popcnt tsc_deadline_timer aes xsave avx f16c rdrand lahf_lm abm 3dnowprefetch epb intel_pt tpr_shadow vnmi flexpriority ept vpid fsgsbase tsc_adjust bmi1 avx2 smep bmi2 erms invpcid mpx rdseed adx smap clflushopt xsaveopt xsavec xgetbv1 xsaves dtherm ida arat pln pts hwp hwp_notify hwp_act_window hwp_epp
bugs		:
bogomips	: 4803.46
clflush size	: 64
cache_alignment	: 64
address sizes	: 39 bits physical, 48 bits virtual
power management:



Memory: 4k page, physical 8050108k(2661264k free), swap 0k(0k free)

vm_info: OpenJDK 64-Bit Server VM (25.131-b11) for linux-amd64 JRE (1.8.0_131-b11), built on Jun 10 2017 08:19:59 by "builduser" with gcc 7.1.1 20170516

time: Thu Jul  6 09:37:30 2017
elapsed time: 0 seconds (0d 0h 0m 0s)

